==== BEHAV EXP3_PDF START 2026-07-18T17:55:01+08:00 ====
Engine=behavioral jobs=512 workers=6
Binary: /home/luke/workspace/dyn_latency/ns-3-ub/build/scratch/ns3.44-ub_rg-dispatch-experiment-optimized
[1/512] ok exp3_pdf/s1_ub_rg_b16_z0_ep128_sd3 step=12.26us (0.03s)
[2/512] ok exp3_pdf/s1_ub_rg_b16_z0_ep128_sd1 step=12.16us (0.04s)
[3/512] ok exp3_pdf/s1_ub_rg_b16_z0_ep128_sd6 step=12.46us (0.05s)
[4/512] ok exp3_pdf/s1_ub_rg_b16_z0_ep128_sd5 step=13.68us (0.05s)
[5/512] ok exp3_pdf/s1_ub_rg_b16_z0_ep128_sd4 step=12.44us (0.05s)
[6/512] ok exp3_pdf/s1_ub_rg_b16_z0_ep128_sd2 step=11.99us (0.05s)
[7/512] ok exp3_pdf/s1_ub_rg_b16_z0_ep128_sd7 step=12.18us (0.03s)
[8/512] ok exp3_pdf/s1_ub_rg_b16_z0_ep128_sd8 step=12.45us (0.03s)
[9/512] ok exp3_pdf/s1_packet_spray_b16_z0_ep128_sd1 step=16.97us (0.03s)
[10/512] ok exp3_pdf/s1_packet_spray_b16_z0_ep128_sd4 step=17.55us (0.03s)
[11/512] ok exp3_pdf/s1_packet_spray_b16_z0_ep128_sd3 step=16.54us (0.03s)
[12/512] ok exp3_pdf/s1_packet_spray_b16_z0_ep128_sd2 step=17.12us (0.03s)
[13/512] ok exp3_pdf/s1_packet_spray_b16_z0_ep128_sd5 step=16.54us (0.02s)
[14/512] ok exp3_pdf/s1_packet_spray_b16_z0_ep128_sd6 step=17.26us (0.02s)
[15/512] ok exp3_pdf/s1_packet_spray_b16_z0_ep128_sd7 step=16.54us (0.03s)
[16/512] ok exp3_pdf/s1_packet_spray_b16_z0_ep128_sd8 step=16.69us (0.03s)
[17/512] ok exp3_pdf/s1_ub_rg_b16_z0.3_ep128_sd3 step=17.92us (0.03s)
[18/512] ok exp3_pdf/s1_ub_rg_b16_z0.3_ep128_sd1 step=19.77us (0.05s)
[19/512] ok exp3_pdf/s1_ub_rg_b16_z0.3_ep128_sd2 step=17.85us (0.05s)
[20/512] ok exp3_pdf/s1_ub_rg_b16_z0.3_ep128_sd4 step=18.06us (0.03s)
[21/512] ok exp3_pdf/s1_ub_rg_b16_z0.3_ep128_sd5 step=20.66us (0.04s)
[22/512] ok exp3_pdf/s1_ub_rg_b16_z0.3_ep128_sd7 step=18.56us (0.03s)
[23/512] ok exp3_pdf/s1_ub_rg_b16_z0.3_ep128_sd6 step=20.04us (0.04s)
[24/512] ok exp3_pdf/s1_packet_spray_b16_z0.3_ep128_sd2 step=23.85us (0.02s)
[25/512] ok exp3_pdf/s1_packet_spray_b16_z0.3_ep128_sd1 step=24.14us (0.03s)
[26/512] ok exp3_pdf/s1_ub_rg_b16_z0.3_ep128_sd8 step=18.37us (0.04s)
[27/512] ok exp3_pdf/s1_packet_spray_b16_z0.3_ep128_sd4 step=26.58us (0.02s)
[28/512] ok exp3_pdf/s1_packet_spray_b16_z0.3_ep128_sd7 step=23.71us (0.03s)
[29/512] ok exp3_pdf/s1_packet_spray_b16_z0.3_ep128_sd5 step=24.43us (0.03s)
[30/512] ok exp3_pdf/s1_packet_spray_b16_z0.3_ep128_sd6 step=25.43us (0.03s)
[31/512] ok exp3_pdf/s1_packet_spray_b16_z0.3_ep128_sd3 step=24.43us (0.03s)
[32/512] ok exp3_pdf/s1_packet_spray_b16_z0.3_ep128_sd8 step=23.85us (0.03s)
[33/512] ok exp3_pdf/s1_ub_rg_b16_z0.7_ep128_sd1 step=46.48us (0.03s)
[34/512] ok exp3_pdf/s1_ub_rg_b16_z0.7_ep128_sd2 step=46.72us (0.04s)
[35/512] ok exp3_pdf/s1_ub_rg_b16_z0.7_ep128_sd6 step=45.13us (0.03s)
[36/512] ok exp3_pdf/s1_ub_rg_b16_z0.7_ep128_sd3 step=46.16us (0.04s)
[37/512] ok exp3_pdf/s1_ub_rg_b16_z0.7_ep128_sd4 step=45.12us (0.05s)
[38/512] ok exp3_pdf/s1_ub_rg_b16_z0.7_ep128_sd5 step=46.03us (0.05s)
[39/512] ok exp3_pdf/s1_packet_spray_b16_z0.7_ep128_sd1 step=49.95us (0.02s)
[40/512] ok exp3_pdf/s1_ub_rg_b16_z0.7_ep128_sd7 step=46.11us (0.04s)
[41/512] ok exp3_pdf/s1_packet_spray_b16_z0.7_ep128_sd2 step=53.53us (0.02s)
[42/512] ok exp3_pdf/s1_ub_rg_b16_z0.7_ep128_sd8 step=44.04us (0.04s)
[43/512] ok exp3_pdf/s1_packet_spray_b16_z0.7_ep128_sd4 step=51.52us (0.03s)
[44/512] ok exp3_pdf/s1_packet_spray_b16_z0.7_ep128_sd3 step=51.24us (0.03s)
[45/512] ok exp3_pdf/s1_packet_spray_b16_z0.7_ep128_sd6 step=53.82us (0.02s)
[46/512] ok exp3_pdf/s1_packet_spray_b16_z0.7_ep128_sd5 step=51.52us (0.03s)
[47/512] ok exp3_pdf/s1_packet_spray_b16_z0.7_ep128_sd7 step=50.66us (0.03s)
[48/512] ok exp3_pdf/s1_packet_spray_b16_z0.7_ep128_sd8 step=49.23us (0.03s)
[49/512] ok exp3_pdf/s1_ub_rg_b16_z0.9_ep128_sd1 step=62.04us (0.04s)
[50/512] ok exp3_pdf/s1_ub_rg_b16_z0.9_ep128_sd2 step=61.17us (0.04s)
[51/512] ok exp3_pdf/s1_ub_rg_b16_z0.9_ep128_sd3 step=62.44us (0.03s)
[52/512] ok exp3_pdf/s1_ub_rg_b16_z0.9_ep128_sd4 step=59.73us (0.04s)
[53/512] ok exp3_pdf/s1_ub_rg_b16_z0.9_ep128_sd5 step=60.40us (0.04s)
[54/512] ok exp3_pdf/s1_packet_spray_b16_z0.9_ep128_sd1 step=65.28us (0.03s)
[55/512] ok exp3_pdf/s1_ub_rg_b16_z0.9_ep128_sd6 step=60.39us (0.04s)
[56/512] ok exp3_pdf/s1_ub_rg_b16_z0.9_ep128_sd8 step=58.49us (0.04s)
[57/512] ok exp3_pdf/s1_ub_rg_b16_z0.9_ep128_sd7 step=59.95us (0.04s)
[58/512] ok exp3_pdf/s1_packet_spray_b16_z0.9_ep128_sd2 step=68.15us (0.03s)
[59/512] ok exp3_pdf/s1_packet_spray_b16_z0.9_ep128_sd3 step=66.72us (0.03s)
[60/512] ok exp3_pdf/s1_packet_spray_b16_z0.9_ep128_sd4 step=65.00us (0.03s)
[61/512] ok exp3_pdf/s1_packet_spray_b16_z0.9_ep128_sd5 step=66.29us (0.03s)
[62/512] ok exp3_pdf/s1_packet_spray_b16_z0.9_ep128_sd6 step=67.58us (0.03s)
[63/512] ok exp3_pdf/s1_packet_spray_b16_z0.9_ep128_sd8 step=65.00us (0.02s)
[64/512] ok exp3_pdf/s1_packet_spray_b16_z0.9_ep128_sd7 step=66.72us (0.03s)
[65/512] ok exp3_pdf/s1_ub_rg_b64_z0_ep128_sd1 step=30.52us (0.12s)
[66/512] ok exp3_pdf/s1_ub_rg_b64_z0_ep128_sd5 step=30.15us (0.12s)
[67/512] ok exp3_pdf/s1_ub_rg_b64_z0_ep128_sd2 step=31.03us (0.15s)
[68/512] ok exp3_pdf/s1_ub_rg_b64_z0_ep128_sd3 step=30.18us (0.15s)
[69/512] ok exp3_pdf/s1_ub_rg_b64_z0_ep128_sd4 step=29.19us (0.15s)
[70/512] ok exp3_pdf/s1_ub_rg_b64_z0_ep128_sd6 step=30.32us (0.15s)
[71/512] ok exp3_pdf/s1_packet_spray_b64_z0_ep128_sd2 step=45.50us (0.07s)
[72/512] ok exp3_pdf/s1_packet_spray_b64_z0_ep128_sd4 step=46.22us (0.07s)
[73/512] ok exp3_pdf/s1_packet_spray_b64_z0_ep128_sd1 step=46.50us (0.10s)
[74/512] ok exp3_pdf/s1_packet_spray_b64_z0_ep128_sd3 step=45.36us (0.09s)
[75/512] ok exp3_pdf/s1_ub_rg_b64_z0_ep128_sd7 step=30.40us (0.13s)
[76/512] ok exp3_pdf/s1_ub_rg_b64_z0_ep128_sd8 step=30.55us (0.12s)
[77/512] ok exp3_pdf/s1_packet_spray_b64_z0_ep128_sd5 step=46.79us (0.07s)
[78/512] ok exp3_pdf/s1_packet_spray_b64_z0_ep128_sd6 step=45.36us (0.10s)
[79/512] ok exp3_pdf/s1_packet_spray_b64_z0_ep128_sd7 step=46.50us (0.10s)
[80/512] ok exp3_pdf/s1_packet_spray_b64_z0_ep128_sd8 step=45.79us (0.09s)
[81/512] ok exp3_pdf/s1_ub_rg_b64_z0.3_ep128_sd2 step=59.65us (0.11s)
[82/512] ok exp3_pdf/s1_ub_rg_b64_z0.3_ep128_sd1 step=65.13us (0.14s)
[83/512] ok exp3_pdf/s1_ub_rg_b64_z0.3_ep128_sd3 step=61.36us (0.13s)
[84/512] ok exp3_pdf/s1_ub_rg_b64_z0.3_ep128_sd4 step=59.73us (0.15s)
[85/512] ok exp3_pdf/s1_ub_rg_b64_z0.3_ep128_sd7 step=58.67us (0.12s)
[86/512] ok exp3_pdf/s1_ub_rg_b64_z0.3_ep128_sd5 step=62.22us (0.16s)
[87/512] ok exp3_pdf/s1_ub_rg_b64_z0.3_ep128_sd6 step=62.40us (0.16s)
[88/512] ok exp3_pdf/s1_packet_spray_b64_z0.3_ep128_sd1 step=79.76us (0.11s)
[89/512] ok exp3_pdf/s1_ub_rg_b64_z0.3_ep128_sd8 step=64.11us (0.15s)
[90/512] ok exp3_pdf/s1_packet_spray_b64_z0.3_ep128_sd3 step=79.62us (0.08s)
[91/512] ok exp3_pdf/s1_packet_spray_b64_z0.3_ep128_sd5 step=82.34us (0.07s)
[92/512] ok exp3_pdf/s1_packet_spray_b64_z0.3_ep128_sd2 step=78.76us (0.09s)
[93/512] ok exp3_pdf/s1_packet_spray_b64_z0.3_ep128_sd4 step=80.48us (0.09s)
[94/512] ok exp3_pdf/s1_packet_spray_b64_z0.3_ep128_sd8 step=80.34us (0.07s)
[95/512] ok exp3_pdf/s1_packet_spray_b64_z0.3_ep128_sd7 step=76.32us (0.10s)
[96/512] ok exp3_pdf/s1_packet_spray_b64_z0.3_ep128_sd6 step=80.62us (0.10s)
[97/512] ok exp3_pdf/s1_ub_rg_b64_z0.7_ep128_sd3 step=166.60us (0.10s)
[98/512] ok exp3_pdf/s1_ub_rg_b64_z0.7_ep128_sd2 step=166.39us (0.14s)
[99/512] ok exp3_pdf/s1_ub_rg_b64_z0.7_ep128_sd1 step=168.39us (0.14s)
[100/512] ok exp3_pdf/s1_ub_rg_b64_z0.7_ep128_sd4 step=169.98us (0.11s)
[101/512] ok exp3_pdf/s1_ub_rg_b64_z0.7_ep128_sd6 step=166.06us (0.14s)
[102/512] ok exp3_pdf/s1_ub_rg_b64_z0.7_ep128_sd5 step=170.75us (0.14s)
[103/512] ok exp3_pdf/s1_ub_rg_b64_z0.7_ep128_sd7 step=166.13us (0.10s)
[104/512] ok exp3_pdf/s1_packet_spray_b64_z0.7_ep128_sd1 step=186.14us (0.09s)
[105/512] ok exp3_pdf/s1_packet_spray_b64_z0.7_ep128_sd2 step=186.28us (0.07s)
[106/512] ok exp3_pdf/s1_ub_rg_b64_z0.7_ep128_sd8 step=165.27us (0.13s)
[107/512] ok exp3_pdf/s1_packet_spray_b64_z0.7_ep128_sd3 step=183.84us (0.10s)
[108/512] ok exp3_pdf/s1_packet_spray_b64_z0.7_ep128_sd4 step=189.72us (0.10s)
[109/512] ok exp3_pdf/s1_packet_spray_b64_z0.7_ep128_sd6 step=184.42us (0.07s)
[110/512] ok exp3_pdf/s1_packet_spray_b64_z0.7_ep128_sd5 step=190.72us (0.09s)
[111/512] ok exp3_pdf/s1_packet_spray_b64_z0.7_ep128_sd7 step=184.70us (0.09s)
[112/512] ok exp3_pdf/s1_packet_spray_b64_z0.7_ep128_sd8 step=182.84us (0.08s)
[113/512] ok exp3_pdf/s1_ub_rg_b64_z0.9_ep128_sd3 step=230.00us (0.10s)
[114/512] ok exp3_pdf/s1_ub_rg_b64_z0.9_ep128_sd2 step=230.36us (0.11s)
[115/512] ok exp3_pdf/s1_ub_rg_b64_z0.9_ep128_sd4 step=229.15us (0.13s)
[116/512] ok exp3_pdf/s1_ub_rg_b64_z0.9_ep128_sd1 step=227.70us (0.14s)
[117/512] ok exp3_pdf/s1_ub_rg_b64_z0.9_ep128_sd5 step=238.08us (0.13s)
[118/512] ok exp3_pdf/s1_ub_rg_b64_z0.9_ep128_sd6 step=229.20us (0.13s)
[119/512] ok exp3_pdf/s1_packet_spray_b64_z0.9_ep128_sd3 step=244.63us (0.07s)
[120/512] ok exp3_pdf/s1_packet_spray_b64_z0.9_ep128_sd1 step=248.07us (0.09s)
[121/512] ok exp3_pdf/s1_packet_spray_b64_z0.9_ep128_sd2 step=249.79us (0.10s)
[122/512] ok exp3_pdf/s1_ub_rg_b64_z0.9_ep128_sd7 step=226.31us (0.14s)
[123/512] ok exp3_pdf/s1_ub_rg_b64_z0.9_ep128_sd8 step=227.89us (0.14s)
[124/512] ok exp3_pdf/s1_packet_spray_b64_z0.9_ep128_sd4 step=249.93us (0.07s)
[125/512] ok exp3_pdf/s1_packet_spray_b64_z0.9_ep128_sd6 step=245.34us (0.07s)
[126/512] ok exp3_pdf/s1_packet_spray_b64_z0.9_ep128_sd5 step=249.07us (0.08s)
[127/512] ok exp3_pdf/s1_packet_spray_b64_z0.9_ep128_sd7 step=246.78us (0.09s)
[128/512] ok exp3_pdf/s1_packet_spray_b64_z0.9_ep128_sd8 step=246.49us (0.09s)
[129/512] ok exp3_pdf/s1_ub_rg_b256_z0_ep128_sd1 step=90.48us (0.33s)
[130/512] ok exp3_pdf/s1_ub_rg_b256_z0_ep128_sd2 step=91.77us (0.34s)
[131/512] ok exp3_pdf/s1_ub_rg_b256_z0_ep128_sd3 step=91.99us (0.41s)
[132/512] ok exp3_pdf/s1_ub_rg_b256_z0_ep128_sd4 step=91.89us (0.42s)
[133/512] ok exp3_pdf/s1_ub_rg_b256_z0_ep128_sd6 step=91.65us (0.40s)
[134/512] ok exp3_pdf/s1_ub_rg_b256_z0_ep128_sd5 step=92.66us (0.42s)
[135/512] ok exp3_pdf/s1_ub_rg_b256_z0_ep128_sd7 step=94.00us (0.31s)
[136/512] ok exp3_pdf/s1_ub_rg_b256_z0_ep128_sd8 step=91.67us (0.37s)
[137/512] ok exp3_pdf/s1_packet_spray_b256_z0_ep128_sd2 step=158.04us (0.26s)
[138/512] ok exp3_pdf/s1_packet_spray_b256_z0_ep128_sd1 step=159.62us (0.32s)
[139/512] ok exp3_pdf/s1_packet_spray_b256_z0_ep128_sd3 step=158.47us (0.35s)
[140/512] ok exp3_pdf/s1_packet_spray_b256_z0_ep128_sd4 step=159.19us (0.35s)
[141/512] ok exp3_pdf/s1_packet_spray_b256_z0_ep128_sd5 step=158.76us (0.31s)
[142/512] ok exp3_pdf/s1_packet_spray_b256_z0_ep128_sd7 step=157.18us (0.25s)
[143/512] ok exp3_pdf/s1_packet_spray_b256_z0_ep128_sd6 step=158.47us (0.32s)
[144/512] ok exp3_pdf/s1_packet_spray_b256_z0_ep128_sd8 step=159.19us (0.30s)
[145/512] ok exp3_pdf/s1_ub_rg_b256_z0.3_ep128_sd2 step=224.82us (0.39s)
[146/512] ok exp3_pdf/s1_ub_rg_b256_z0.3_ep128_sd1 step=229.51us (0.43s)
[147/512] ok exp3_pdf/s1_ub_rg_b256_z0.3_ep128_sd4 step=223.32us (0.35s)
[148/512] ok exp3_pdf/s1_ub_rg_b256_z0.3_ep128_sd5 step=229.98us (0.38s)
[149/512] ok exp3_pdf/s1_ub_rg_b256_z0.3_ep128_sd3 step=229.97us (0.45s)
[150/512] ok exp3_pdf/s1_ub_rg_b256_z0.3_ep128_sd6 step=239.71us (0.43s)
[151/512] ok exp3_pdf/s1_packet_spray_b256_z0.3_ep128_sd1 step=298.82us (0.27s)
[152/512] ok exp3_pdf/s1_ub_rg_b256_z0.3_ep128_sd7 step=223.94us (0.39s)
[153/512] ok exp3_pdf/s1_ub_rg_b256_z0.3_ep128_sd8 step=225.19us (0.45s)
[154/512] ok exp3_pdf/s1_packet_spray_b256_z0.3_ep128_sd2 step=293.66us (0.36s)
[155/512] ok exp3_pdf/s1_packet_spray_b256_z0.3_ep128_sd3 step=293.23us (0.36s)
[156/512] ok exp3_pdf/s1_packet_spray_b256_z0.3_ep128_sd4 step=296.81us (0.31s)
[157/512] ok exp3_pdf/s1_packet_spray_b256_z0.3_ep128_sd5 step=290.79us (0.27s)
[158/512] ok exp3_pdf/s1_packet_spray_b256_z0.3_ep128_sd6 step=296.09us (0.30s)
[159/512] ok exp3_pdf/s1_packet_spray_b256_z0.3_ep128_sd8 step=292.22us (0.28s)
[160/512] ok exp3_pdf/s1_packet_spray_b256_z0.3_ep128_sd7 step=293.80us (0.34s)
[161/512] ok exp3_pdf/s1_ub_rg_b256_z0.7_ep128_sd1 step=657.12us (0.34s)
[162/512] ok exp3_pdf/s1_ub_rg_b256_z0.7_ep128_sd2 step=653.74us (0.42s)
[163/512] ok exp3_pdf/s1_ub_rg_b256_z0.7_ep128_sd3 step=659.88us (0.43s)
[164/512] ok exp3_pdf/s1_ub_rg_b256_z0.7_ep128_sd4 step=645.56us (0.42s)
[165/512] ok exp3_pdf/s1_ub_rg_b256_z0.7_ep128_sd5 step=648.71us (0.33s)
[166/512] ok exp3_pdf/s1_ub_rg_b256_z0.7_ep128_sd7 step=646.23us (0.33s)
[167/512] ok exp3_pdf/s1_ub_rg_b256_z0.7_ep128_sd6 step=653.88us (0.43s)
[168/512] ok exp3_pdf/s1_packet_spray_b256_z0.7_ep128_sd3 step=717.14us (0.26s)
[169/512] ok exp3_pdf/s1_packet_spray_b256_z0.7_ep128_sd1 step=724.74us (0.35s)
[170/512] ok exp3_pdf/s1_ub_rg_b256_z0.7_ep128_sd8 step=634.18us (0.44s)
[171/512] ok exp3_pdf/s1_packet_spray_b256_z0.7_ep128_sd4 step=726.17us (0.27s)
[172/512] ok exp3_pdf/s1_packet_spray_b256_z0.7_ep128_sd2 step=716.14us (0.36s)
[173/512] ok exp3_pdf/s1_packet_spray_b256_z0.7_ep128_sd5 step=710.40us (0.29s)
[174/512] ok exp3_pdf/s1_packet_spray_b256_z0.7_ep128_sd8 step=702.38us (0.26s)
[175/512] ok exp3_pdf/s1_packet_spray_b256_z0.7_ep128_sd6 step=712.41us (0.34s)
[176/512] ok exp3_pdf/s1_packet_spray_b256_z0.7_ep128_sd7 step=706.68us (0.35s)
[177/512] ok exp3_pdf/s1_ub_rg_b256_z0.9_ep128_sd3 step=898.72us (0.33s)
[178/512] ok exp3_pdf/s1_ub_rg_b256_z0.9_ep128_sd1 step=895.35us (0.44s)
[179/512] ok exp3_pdf/s1_ub_rg_b256_z0.9_ep128_sd2 step=888.16us (0.44s)
[180/512] ok exp3_pdf/s1_ub_rg_b256_z0.9_ep128_sd6 step=891.86us (0.32s)
[181/512] ok exp3_pdf/s1_ub_rg_b256_z0.9_ep128_sd4 step=892.64us (0.39s)
[182/512] ok exp3_pdf/s1_ub_rg_b256_z0.9_ep128_sd5 step=898.50us (0.41s)
[183/512] ok exp3_pdf/s1_packet_spray_b256_z0.9_ep128_sd1 step=976.05us (0.32s)
[184/512] ok exp3_pdf/s1_ub_rg_b256_z0.9_ep128_sd8 step=883.93us (0.37s)
[185/512] ok exp3_pdf/s1_ub_rg_b256_z0.9_ep128_sd7 step=888.53us (0.43s)
[186/512] ok exp3_pdf/s1_packet_spray_b256_z0.9_ep128_sd3 step=964.15us (0.26s)
[187/512] ok exp3_pdf/s1_packet_spray_b256_z0.9_ep128_sd2 step=967.31us (0.32s)
[188/512] ok exp3_pdf/s1_packet_spray_b256_z0.9_ep128_sd4 step=968.02us (0.35s)
[189/512] ok exp3_pdf/s1_packet_spray_b256_z0.9_ep128_sd5 step=958.70us (0.30s)
[190/512] ok exp3_pdf/s1_packet_spray_b256_z0.9_ep128_sd6 step=969.60us (0.34s)
[191/512] ok exp3_pdf/s1_packet_spray_b256_z0.9_ep128_sd8 step=964.58us (0.32s)
[192/512] ok exp3_pdf/s1_packet_spray_b256_z0.9_ep128_sd7 step=957.99us (0.35s)
[193/512] ok exp3_pdf/s1_ub_rg_b1024_z0_ep128_sd1 step=331.90us (1.06s)
[194/512] ok exp3_pdf/s1_ub_rg_b1024_z0_ep128_sd2 step=329.08us (1.09s)
[195/512] ok exp3_pdf/s1_ub_rg_b1024_z0_ep128_sd3 step=325.99us (1.32s)
[196/512] ok exp3_pdf/s1_ub_rg_b1024_z0_ep128_sd5 step=329.99us (1.35s)
[197/512] ok exp3_pdf/s1_ub_rg_b1024_z0_ep128_sd4 step=331.82us (1.40s)
[198/512] ok exp3_pdf/s1_ub_rg_b1024_z0_ep128_sd6 step=325.31us (1.39s)
[199/512] ok exp3_pdf/s1_ub_rg_b1024_z0_ep128_sd7 step=329.17us (0.97s)
[200/512] ok exp3_pdf/s1_ub_rg_b1024_z0_ep128_sd8 step=323.51us (0.95s)
[201/512] ok exp3_pdf/s1_packet_spray_b1024_z0_ep128_sd1 step=603.46us (1.35s)
[202/512] ok exp3_pdf/s1_packet_spray_b1024_z0_ep128_sd2 step=604.75us (1.34s)
[203/512] ok exp3_pdf/s1_packet_spray_b1024_z0_ep128_sd3 step=604.46us (1.39s)
[204/512] ok exp3_pdf/s1_packet_spray_b1024_z0_ep128_sd5 step=605.47us (1.00s)
[205/512] ok exp3_pdf/s1_packet_spray_b1024_z0_ep128_sd4 step=603.46us (1.39s)
[206/512] ok exp3_pdf/s1_packet_spray_b1024_z0_ep128_sd6 step=604.60us (1.07s)
[207/512] ok exp3_pdf/s1_packet_spray_b1024_z0_ep128_sd7 step=605.47us (1.00s)
[208/512] ok exp3_pdf/s1_ub_rg_b1024_z0.3_ep128_sd2 step=879.84us (1.11s)
[209/512] ok exp3_pdf/s1_packet_spray_b1024_z0_ep128_sd8 step=601.74us (1.23s)
[210/512] ok exp3_pdf/s1_ub_rg_b1024_z0.3_ep128_sd3 step=877.21us (1.32s)
[211/512] ok exp3_pdf/s1_ub_rg_b1024_z0.3_ep128_sd1 step=884.27us (1.41s)
[212/512] ok exp3_pdf/s1_ub_rg_b1024_z0.3_ep128_sd4 step=866.61us (1.32s)
[213/512] ok exp3_pdf/s1_ub_rg_b1024_z0.3_ep128_sd5 step=870.70us (0.97s)
[214/512] ok exp3_pdf/s1_ub_rg_b1024_z0.3_ep128_sd6 step=884.53us (1.01s)
[215/512] ok exp3_pdf/s1_ub_rg_b1024_z0.3_ep128_sd7 step=868.83us (1.42s)
[216/512] ok exp3_pdf/s1_packet_spray_b1024_z0.3_ep128_sd1 step=1156.40us (1.25s)
[217/512] ok exp3_pdf/s1_packet_spray_b1024_z0.3_ep128_sd3 step=1158.40us (1.01s)
[218/512] ok exp3_pdf/s1_packet_spray_b1024_z0.3_ep128_sd2 step=1148.94us (1.29s)
[219/512] ok exp3_pdf/s1_ub_rg_b1024_z0.3_ep128_sd8 step=864.74us (1.48s)
[220/512] ok exp3_pdf/s1_packet_spray_b1024_z0.3_ep128_sd4 step=1139.91us (0.89s)
[221/512] ok exp3_pdf/s1_packet_spray_b1024_z0.3_ep128_sd5 step=1154.39us (1.22s)
[222/512] ok exp3_pdf/s1_packet_spray_b1024_z0.3_ep128_sd7 step=1149.23us (1.04s)
[223/512] ok exp3_pdf/s1_packet_spray_b1024_z0.3_ep128_sd6 step=1159.98us (1.24s)
[224/512] ok exp3_pdf/s1_packet_spray_b1024_z0.3_ep128_sd8 step=1150.09us (1.21s)
[225/512] ok exp3_pdf/s1_ub_rg_b1024_z0.7_ep128_sd2 step=2563.74us (1.07s)
[226/512] ok exp3_pdf/s1_ub_rg_b1024_z0.7_ep128_sd1 step=2560.74us (1.33s)
[227/512] ok exp3_pdf/s1_ub_rg_b1024_z0.7_ep128_sd4 step=2550.92us (1.05s)
[228/512] ok exp3_pdf/s1_ub_rg_b1024_z0.7_ep128_sd3 step=2569.22us (1.26s)
[229/512] ok exp3_pdf/s1_ub_rg_b1024_z0.7_ep128_sd5 step=2553.05us (1.27s)
[230/512] ok exp3_pdf/s1_ub_rg_b1024_z0.7_ep128_sd7 step=2574.92us (1.09s)
[231/512] ok exp3_pdf/s1_ub_rg_b1024_z0.7_ep128_sd8 step=2524.91us (1.17s)
[232/512] ok exp3_pdf/s1_ub_rg_b1024_z0.7_ep128_sd6 step=2557.73us (1.32s)
[233/512] ok exp3_pdf/s1_packet_spray_b1024_z0.7_ep128_sd1 step=2823.53us (1.24s)
[234/512] ok exp3_pdf/s1_packet_spray_b1024_z0.7_ep128_sd4 step=2811.78us (1.01s)
[235/512] ok exp3_pdf/s1_packet_spray_b1024_z0.7_ep128_sd3 step=2824.68us (1.05s)
[236/512] ok exp3_pdf/s1_packet_spray_b1024_z0.7_ep128_sd2 step=2809.20us (1.23s)
[237/512] ok exp3_pdf/s1_packet_spray_b1024_z0.7_ep128_sd6 step=2823.10us (1.19s)
[238/512] ok exp3_pdf/s1_packet_spray_b1024_z0.7_ep128_sd5 step=2828.55us (1.23s)
[239/512] ok exp3_pdf/s1_packet_spray_b1024_z0.7_ep128_sd8 step=2812.21us (0.90s)
[240/512] ok exp3_pdf/s1_packet_spray_b1024_z0.7_ep128_sd7 step=2825.11us (1.15s)
[241/512] ok exp3_pdf/s1_ub_rg_b1024_z0.9_ep128_sd1 step=3556.68us (1.34s)
[242/512] ok exp3_pdf/s1_ub_rg_b1024_z0.9_ep128_sd3 step=3536.79us (1.07s)
[243/512] ok exp3_pdf/s1_ub_rg_b1024_z0.9_ep128_sd2 step=3541.28us (1.36s)
[244/512] ok exp3_pdf/s1_ub_rg_b1024_z0.9_ep128_sd4 step=3539.48us (1.21s)
[245/512] ok exp3_pdf/s1_ub_rg_b1024_z0.9_ep128_sd5 step=3539.16us (1.02s)
[246/512] ok exp3_pdf/s1_ub_rg_b1024_z0.9_ep128_sd6 step=3544.32us (1.30s)
[247/512] ok exp3_pdf/s1_packet_spray_b1024_z0.9_ep128_sd2 step=3803.25us (0.93s)
[248/512] ok exp3_pdf/s1_ub_rg_b1024_z0.9_ep128_sd7 step=3562.60us (1.15s)
[249/512] ok exp3_pdf/s1_packet_spray_b1024_z0.9_ep128_sd1 step=3815.30us (1.20s)
[250/512] ok exp3_pdf/s1_ub_rg_b1024_z0.9_ep128_sd8 step=3522.76us (1.37s)
[251/512] ok exp3_pdf/s1_packet_spray_b1024_z0.9_ep128_sd3 step=3801.25us (0.87s)
[252/512] ok exp3_pdf/s2_ub_rg_b16_z0_ep1024_sd1 step=18.00us (0.51s)
[253/512] ok exp3_pdf/s1_packet_spray_b1024_z0.9_ep128_sd5 step=3817.59us (0.92s)
[254/512] ok exp3_pdf/s1_packet_spray_b1024_z0.9_ep128_sd4 step=3815.01us (1.16s)
[255/512] ok exp3_pdf/s1_packet_spray_b1024_z0.9_ep128_sd6 step=3820.46us (1.17s)
[256/512] ok exp3_pdf/s1_packet_spray_b1024_z0.9_ep128_sd8 step=3807.41us (0.94s)
[257/512] ok exp3_pdf/s2_ub_rg_b16_z0_ep1024_sd2 step=16.51us (0.45s)
[258/512] ok exp3_pdf/s1_packet_spray_b1024_z0.9_ep128_sd7 step=3815.73us (1.22s)
[259/512] ok exp3_pdf/s2_ub_rg_b16_z0_ep1024_sd3 step=16.46us (0.52s)
[260/512] ok exp3_pdf/s2_ub_rg_b16_z0_ep1024_sd4 step=17.13us (0.54s)
[261/512] ok exp3_pdf/s2_ub_rg_b16_z0_ep1024_sd6 step=16.79us (0.45s)
[262/512] ok exp3_pdf/s2_ub_rg_b16_z0_ep1024_sd7 step=16.96us (0.45s)
[263/512] ok exp3_pdf/s2_ub_rg_b16_z0_ep1024_sd5 step=16.56us (0.55s)
[264/512] ok exp3_pdf/s2_packet_spray_b16_z0_ep1024_sd1 step=26.96us (0.39s)
[265/512] ok exp3_pdf/s2_ub_rg_b16_z0_ep1024_sd8 step=16.64us (0.49s)
[266/512] ok exp3_pdf/s2_packet_spray_b16_z0_ep1024_sd2 step=27.97us (0.39s)
[267/512] ok exp3_pdf/s2_packet_spray_b16_z0_ep1024_sd3 step=28.25us (0.31s)
[268/512] ok exp3_pdf/s2_packet_spray_b16_z0_ep1024_sd4 step=27.68us (0.37s)
[269/512] ok exp3_pdf/s2_packet_spray_b16_z0_ep1024_sd5 step=27.82us (0.38s)
[270/512] ok exp3_pdf/s2_packet_spray_b16_z0_ep1024_sd6 step=27.82us (0.40s)
[271/512] ok exp3_pdf/s2_packet_spray_b16_z0_ep1024_sd7 step=27.54us (0.36s)
[272/512] ok exp3_pdf/s2_packet_spray_b16_z0_ep1024_sd8 step=27.82us (0.39s)
[273/512] ok exp3_pdf/s2_ub_rg_b16_z0.3_ep1024_sd1 step=37.54us (0.44s)
[274/512] ok exp3_pdf/s2_ub_rg_b16_z0.3_ep1024_sd3 step=32.83us (0.44s)
[275/512] ok exp3_pdf/s2_ub_rg_b16_z0.3_ep1024_sd2 step=33.90us (0.53s)
[276/512] ok exp3_pdf/s2_ub_rg_b16_z0.3_ep1024_sd4 step=35.79us (0.53s)
[277/512] ok exp3_pdf/s2_ub_rg_b16_z0.3_ep1024_sd5 step=34.30us (0.53s)
[278/512] ok exp3_pdf/s2_ub_rg_b16_z0.3_ep1024_sd7 step=35.34us (0.46s)
[279/512] ok exp3_pdf/s2_ub_rg_b16_z0.3_ep1024_sd6 step=34.03us (0.54s)
[280/512] ok exp3_pdf/s2_packet_spray_b16_z0.3_ep1024_sd1 step=45.17us (0.34s)
[281/512] ok exp3_pdf/s2_ub_rg_b16_z0.3_ep1024_sd8 step=33.97us (0.43s)
[282/512] ok exp3_pdf/s2_packet_spray_b16_z0.3_ep1024_sd2 step=42.02us (0.34s)
[283/512] ok exp3_pdf/s2_packet_spray_b16_z0.3_ep1024_sd3 step=41.01us (0.38s)
[284/512] ok exp3_pdf/s2_packet_spray_b16_z0.3_ep1024_sd4 step=43.02us (0.35s)
[285/512] ok exp3_pdf/s2_packet_spray_b16_z0.3_ep1024_sd5 step=43.45us (0.35s)
[286/512] ok exp3_pdf/s2_packet_spray_b16_z0.3_ep1024_sd6 step=43.31us (0.33s)
[287/512] ok exp3_pdf/s2_packet_spray_b16_z0.3_ep1024_sd7 step=41.73us (0.31s)
[288/512] ok exp3_pdf/s2_packet_spray_b16_z0.3_ep1024_sd8 step=41.87us (0.35s)
[289/512] ok exp3_pdf/s2_ub_rg_b16_z0.7_ep1024_sd1 step=192.95us (0.45s)
[290/512] ok exp3_pdf/s2_ub_rg_b16_z0.7_ep1024_sd2 step=185.07us (0.41s)
[291/512] ok exp3_pdf/s2_ub_rg_b16_z0.7_ep1024_sd3 step=185.93us (0.49s)
[292/512] ok exp3_pdf/s2_ub_rg_b16_z0.7_ep1024_sd4 step=188.57us (0.51s)
[293/512] ok exp3_pdf/s2_ub_rg_b16_z0.7_ep1024_sd5 step=190.79us (0.48s)
[294/512] ok exp3_pdf/s2_ub_rg_b16_z0.7_ep1024_sd6 step=190.65us (0.47s)
[295/512] ok exp3_pdf/s2_ub_rg_b16_z0.7_ep1024_sd7 step=187.29us (0.44s)
[296/512] ok exp3_pdf/s2_packet_spray_b16_z0.7_ep1024_sd1 step=194.26us (0.36s)
[297/512] ok exp3_pdf/s2_ub_rg_b16_z0.7_ep1024_sd8 step=183.31us (0.49s)
[298/512] ok exp3_pdf/s2_packet_spray_b16_z0.7_ep1024_sd2 step=191.83us (0.37s)
[299/512] ok exp3_pdf/s2_packet_spray_b16_z0.7_ep1024_sd3 step=189.82us (0.36s)
[300/512] ok exp3_pdf/s2_packet_spray_b16_z0.7_ep1024_sd4 step=193.55us (0.36s)
[301/512] ok exp3_pdf/s2_packet_spray_b16_z0.7_ep1024_sd5 step=192.83us (0.34s)
[302/512] ok exp3_pdf/s2_packet_spray_b16_z0.7_ep1024_sd6 step=194.84us (0.32s)
[303/512] ok exp3_pdf/s2_packet_spray_b16_z0.7_ep1024_sd8 step=189.68us (0.33s)
[304/512] ok exp3_pdf/s2_packet_spray_b16_z0.7_ep1024_sd7 step=190.25us (0.39s)
[305/512] ok exp3_pdf/s2_ub_rg_b16_z0.9_ep1024_sd1 step=347.64us (0.44s)
[306/512] ok exp3_pdf/s2_ub_rg_b16_z0.9_ep1024_sd2 step=339.85us (0.49s)
[307/512] ok exp3_pdf/s2_ub_rg_b16_z0.9_ep1024_sd3 step=349.19us (0.41s)
[308/512] ok exp3_pdf/s2_ub_rg_b16_z0.9_ep1024_sd4 step=349.67us (0.40s)
[309/512] ok exp3_pdf/s2_ub_rg_b16_z0.9_ep1024_sd5 step=351.14us (0.39s)
[310/512] ok exp3_pdf/s2_ub_rg_b16_z0.9_ep1024_sd7 step=345.57us (0.39s)
[311/512] ok exp3_pdf/s2_ub_rg_b16_z0.9_ep1024_sd6 step=340.54us (0.48s)
[312/512] ok exp3_pdf/s2_packet_spray_b16_z0.9_ep1024_sd1 step=351.10us (0.30s)
[313/512] ok exp3_pdf/s2_packet_spray_b16_z0.9_ep1024_sd2 step=345.80us (0.29s)
[314/512] ok exp3_pdf/s2_packet_spray_b16_z0.9_ep1024_sd3 step=348.81us (0.29s)
[315/512] ok exp3_pdf/s2_ub_rg_b16_z0.9_ep1024_sd8 step=335.57us (0.42s)
[316/512] ok exp3_pdf/s2_packet_spray_b16_z0.9_ep1024_sd4 step=350.96us (0.34s)
[317/512] ok exp3_pdf/s2_packet_spray_b16_z0.9_ep1024_sd5 step=354.97us (0.34s)
[318/512] ok exp3_pdf/s2_packet_spray_b16_z0.9_ep1024_sd6 step=348.81us (0.30s)
[319/512] ok exp3_pdf/s2_packet_spray_b16_z0.9_ep1024_sd7 step=349.24us (0.29s)
[320/512] ok exp3_pdf/s2_packet_spray_b16_z0.9_ep1024_sd8 step=346.08us (0.32s)
[321/512] ok exp3_pdf/s2_ub_rg_b64_z0_ep1024_sd1 step=38.48us (1.45s)
[322/512] ok exp3_pdf/s2_ub_rg_b64_z0_ep1024_sd3 step=38.38us (1.48s)
[323/512] ok exp3_pdf/s2_ub_rg_b64_z0_ep1024_sd2 step=38.58us (1.51s)
[324/512] ok exp3_pdf/s2_ub_rg_b64_z0_ep1024_sd5 step=38.48us (1.47s)
[325/512] ok exp3_pdf/s2_ub_rg_b64_z0_ep1024_sd4 step=38.67us (1.73s)
[326/512] ok exp3_pdf/s2_ub_rg_b64_z0_ep1024_sd6 step=38.75us (1.71s)
[327/512] ok exp3_pdf/s2_ub_rg_b64_z0_ep1024_sd7 step=38.96us (1.44s)
[328/512] ok exp3_pdf/s2_packet_spray_b64_z0_ep1024_sd2 step=55.92us (1.23s)
[329/512] ok exp3_pdf/s2_packet_spray_b64_z0_ep1024_sd1 step=55.35us (1.40s)
[330/512] ok exp3_pdf/s2_ub_rg_b64_z0_ep1024_sd8 step=38.12us (1.47s)
[331/512] ok exp3_pdf/s2_packet_spray_b64_z0_ep1024_sd4 step=55.64us (1.21s)
[332/512] ok exp3_pdf/s2_packet_spray_b64_z0_ep1024_sd3 step=55.06us (1.42s)
[333/512] ok exp3_pdf/s2_packet_spray_b64_z0_ep1024_sd5 step=57.36us (1.28s)
[334/512] ok exp3_pdf/s2_packet_spray_b64_z0_ep1024_sd6 step=56.07us (1.31s)
[335/512] ok exp3_pdf/s2_packet_spray_b64_z0_ep1024_sd8 step=55.49us (1.27s)
[336/512] ok exp3_pdf/s2_packet_spray_b64_z0_ep1024_sd7 step=54.49us (1.37s)
[337/512] ok exp3_pdf/s2_ub_rg_b64_z0.3_ep1024_sd1 step=116.66us (1.70s)
[338/512] ok exp3_pdf/s2_ub_rg_b64_z0.3_ep1024_sd2 step=115.15us (1.72s)
[339/512] ok exp3_pdf/s2_ub_rg_b64_z0.3_ep1024_sd4 step=115.63us (1.44s)
[340/512] ok exp3_pdf/s2_ub_rg_b64_z0.3_ep1024_sd6 step=117.77us (1.46s)
[341/512] ok exp3_pdf/s2_ub_rg_b64_z0.3_ep1024_sd3 step=112.49us (1.72s)
[342/512] ok exp3_pdf/s2_ub_rg_b64_z0.3_ep1024_sd5 step=116.94us (1.68s)
[343/512] ok exp3_pdf/s2_ub_rg_b64_z0.3_ep1024_sd7 step=114.22us (1.72s)
[344/512] ok exp3_pdf/s2_ub_rg_b64_z0.3_ep1024_sd8 step=109.25us (1.73s)
[345/512] ok exp3_pdf/s2_packet_spray_b64_z0.3_ep1024_sd1 step=138.07us (1.18s)
[346/512] ok exp3_pdf/s2_packet_spray_b64_z0.3_ep1024_sd4 step=138.64us (1.19s)
[347/512] ok exp3_pdf/s2_packet_spray_b64_z0.3_ep1024_sd2 step=134.20us (1.44s)
[348/512] ok exp3_pdf/s2_packet_spray_b64_z0.3_ep1024_sd3 step=134.20us (1.43s)
[349/512] ok exp3_pdf/s2_packet_spray_b64_z0.3_ep1024_sd7 step=136.63us (1.22s)
[350/512] ok exp3_pdf/s2_packet_spray_b64_z0.3_ep1024_sd5 step=135.49us (1.46s)
[351/512] ok exp3_pdf/s2_packet_spray_b64_z0.3_ep1024_sd6 step=134.34us (1.45s)
[352/512] ok exp3_pdf/s2_packet_spray_b64_z0.3_ep1024_sd8 step=129.18us (1.41s)
[353/512] ok exp3_pdf/s2_ub_rg_b64_z0.7_ep1024_sd2 step=708.42us (1.37s)
[354/512] ok exp3_pdf/s2_ub_rg_b64_z0.7_ep1024_sd1 step=720.72us (1.64s)
[355/512] ok exp3_pdf/s2_ub_rg_b64_z0.7_ep1024_sd3 step=713.98us (1.38s)
[356/512] ok exp3_pdf/s2_ub_rg_b64_z0.7_ep1024_sd4 step=714.85us (1.63s)
[357/512] ok exp3_pdf/s2_ub_rg_b64_z0.7_ep1024_sd5 step=723.54us (1.60s)
[358/512] ok exp3_pdf/s2_ub_rg_b64_z0.7_ep1024_sd7 step=715.00us (1.38s)
[359/512] ok exp3_pdf/s2_ub_rg_b64_z0.7_ep1024_sd6 step=721.33us (1.63s)
[360/512] ok exp3_pdf/s2_ub_rg_b64_z0.7_ep1024_sd8 step=700.50us (1.56s)
[361/512] ok exp3_pdf/s2_packet_spray_b64_z0.7_ep1024_sd1 step=739.61us (1.11s)
[362/512] ok exp3_pdf/s2_packet_spray_b64_z0.7_ep1024_sd2 step=723.69us (1.14s)
[363/512] ok exp3_pdf/s2_packet_spray_b64_z0.7_ep1024_sd3 step=727.13us (1.12s)
[364/512] ok exp3_pdf/s2_packet_spray_b64_z0.7_ep1024_sd4 step=729.14us (1.28s)
[365/512] ok exp3_pdf/s2_packet_spray_b64_z0.7_ep1024_sd5 step=728.71us (1.34s)
[366/512] ok exp3_pdf/s2_packet_spray_b64_z0.7_ep1024_sd7 step=724.98us (1.13s)
[367/512] ok exp3_pdf/s2_packet_spray_b64_z0.7_ep1024_sd6 step=735.31us (1.15s)
[368/512] ok exp3_pdf/s2_packet_spray_b64_z0.7_ep1024_sd8 step=713.23us (1.11s)
[369/512] ok exp3_pdf/s2_ub_rg_b64_z0.9_ep1024_sd1 step=1349.21us (1.26s)
[370/512] ok exp3_pdf/s2_ub_rg_b64_z0.9_ep1024_sd2 step=1332.66us (1.51s)
[371/512] ok exp3_pdf/s2_ub_rg_b64_z0.9_ep1024_sd4 step=1339.45us (1.27s)
[372/512] ok exp3_pdf/s2_ub_rg_b64_z0.9_ep1024_sd5 step=1344.69us (1.28s)
[373/512] ok exp3_pdf/s2_ub_rg_b64_z0.9_ep1024_sd3 step=1338.78us (1.52s)
[374/512] ok exp3_pdf/s2_ub_rg_b64_z0.9_ep1024_sd6 step=1345.61us (1.28s)
[375/512] ok exp3_pdf/s2_ub_rg_b64_z0.9_ep1024_sd7 step=1330.94us (1.24s)
[376/512] ok exp3_pdf/s2_packet_spray_b64_z0.9_ep1024_sd1 step=1363.37us (1.04s)
[377/512] ok exp3_pdf/s2_packet_spray_b64_z0.9_ep1024_sd2 step=1351.47us (1.05s)
[378/512] ok exp3_pdf/s2_packet_spray_b64_z0.9_ep1024_sd4 step=1365.80us (1.06s)
[379/512] ok exp3_pdf/s2_packet_spray_b64_z0.9_ep1024_sd3 step=1363.94us (1.24s)
[380/512] ok exp3_pdf/s2_ub_rg_b64_z0.9_ep1024_sd8 step=1325.54us (1.56s)
[381/512] ok exp3_pdf/s2_packet_spray_b64_z0.9_ep1024_sd5 step=1361.64us (1.07s)
[382/512] ok exp3_pdf/s2_packet_spray_b64_z0.9_ep1024_sd6 step=1359.64us (1.07s)
[383/512] ok exp3_pdf/s2_packet_spray_b64_z0.9_ep1024_sd7 step=1362.65us (1.19s)
[384/512] ok exp3_pdf/s2_packet_spray_b64_z0.9_ep1024_sd8 step=1341.57us (1.07s)
[385/512] ok exp3_pdf/s2_ub_rg_b256_z0_ep1024_sd4 step=109.86us (5.82s)
[386/512] ok exp3_pdf/s2_ub_rg_b256_z0_ep1024_sd6 step=109.38us (5.85s)
[387/512] ok exp3_pdf/s2_ub_rg_b256_z0_ep1024_sd1 step=111.63us (6.88s)
[388/512] ok exp3_pdf/s2_ub_rg_b256_z0_ep1024_sd2 step=109.21us (6.92s)
[389/512] ok exp3_pdf/s2_ub_rg_b256_z0_ep1024_sd3 step=110.91us (6.89s)
[390/512] ok exp3_pdf/s2_ub_rg_b256_z0_ep1024_sd5 step=111.10us (6.77s)
[391/512] ok exp3_pdf/s2_ub_rg_b256_z0_ep1024_sd7 step=112.20us (5.81s)
[392/512] ok exp3_pdf/s2_packet_spray_b256_z0_ep1024_sd3 step=172.62us (5.60s)
[393/512] ok exp3_pdf/s2_packet_spray_b256_z0_ep1024_sd2 step=172.47us (5.68s)
[394/512] ok exp3_pdf/s2_packet_spray_b256_z0_ep1024_sd1 step=174.34us (6.06s)
[395/512] ok exp3_pdf/s2_packet_spray_b256_z0_ep1024_sd4 step=171.76us (5.82s)
[396/512] ok exp3_pdf/s2_ub_rg_b256_z0_ep1024_sd8 step=113.62us (6.82s)
[397/512] ok exp3_pdf/s2_packet_spray_b256_z0_ep1024_sd5 step=173.62us (5.00s)
[398/512] ok exp3_pdf/s2_packet_spray_b256_z0_ep1024_sd8 step=172.62us (5.29s)
[399/512] ok exp3_pdf/s2_packet_spray_b256_z0_ep1024_sd7 step=172.33us (6.01s)
[400/512] ok exp3_pdf/s2_packet_spray_b256_z0_ep1024_sd6 step=174.48us (6.11s)
[401/512] ok exp3_pdf/s2_ub_rg_b256_z0.3_ep1024_sd1 step=426.29us (5.55s)
[402/512] ok exp3_pdf/s2_ub_rg_b256_z0.3_ep1024_sd2 step=430.79us (5.75s)
[403/512] ok exp3_pdf/s2_ub_rg_b256_z0.3_ep1024_sd3 step=431.70us (5.23s)
[404/512] ok exp3_pdf/s2_ub_rg_b256_z0.3_ep1024_sd4 step=433.42us (5.36s)
[405/512] ok exp3_pdf/s2_ub_rg_b256_z0.3_ep1024_sd5 step=432.27us (5.34s)
[406/512] ok exp3_pdf/s2_ub_rg_b256_z0.3_ep1024_sd6 step=431.68us (5.39s)
[407/512] ok exp3_pdf/s2_ub_rg_b256_z0.3_ep1024_sd7 step=435.10us (5.29s)
[408/512] ok exp3_pdf/s2_ub_rg_b256_z0.3_ep1024_sd8 step=420.03us (5.79s)
[409/512] ok exp3_pdf/s2_packet_spray_b256_z0.3_ep1024_sd1 step=502.63us (4.53s)
[410/512] ok exp3_pdf/s2_packet_spray_b256_z0.3_ep1024_sd2 step=502.06us (4.81s)
[411/512] ok exp3_pdf/s2_packet_spray_b256_z0.3_ep1024_sd3 step=498.62us (4.92s)
[412/512] ok exp3_pdf/s2_packet_spray_b256_z0.3_ep1024_sd4 step=499.05us (4.89s)
[413/512] ok exp3_pdf/s2_packet_spray_b256_z0.3_ep1024_sd5 step=504.64us (4.88s)
[414/512] ok exp3_pdf/s2_packet_spray_b256_z0.3_ep1024_sd6 step=500.05us (5.02s)
[415/512] ok exp3_pdf/s2_packet_spray_b256_z0.3_ep1024_sd7 step=499.62us (4.63s)
[416/512] ok exp3_pdf/s2_packet_spray_b256_z0.3_ep1024_sd8 step=493.89us (5.44s)
[417/512] ok exp3_pdf/s2_ub_rg_b256_z0.7_ep1024_sd1 step=2812.04us (5.01s)
[418/512] ok exp3_pdf/s2_ub_rg_b256_z0.7_ep1024_sd3 step=2795.39us (5.02s)
[419/512] ok exp3_pdf/s2_ub_rg_b256_z0.7_ep1024_sd2 step=2806.57us (5.68s)
[420/512] ok exp3_pdf/s2_ub_rg_b256_z0.7_ep1024_sd4 step=2790.57us (4.91s)
[421/512] ok exp3_pdf/s2_ub_rg_b256_z0.7_ep1024_sd5 step=2808.52us (5.39s)
[422/512] ok exp3_pdf/s2_ub_rg_b256_z0.7_ep1024_sd7 step=2780.13us (5.14s)
[423/512] ok exp3_pdf/s2_packet_spray_b256_z0.7_ep1024_sd1 step=2871.51us (4.51s)
[424/512] ok exp3_pdf/s2_ub_rg_b256_z0.7_ep1024_sd8 step=2769.51us (5.30s)
[425/512] ok exp3_pdf/s2_packet_spray_b256_z0.7_ep1024_sd2 step=2854.31us (4.44s)
[426/512] ok exp3_pdf/s2_ub_rg_b256_z0.7_ep1024_sd6 step=2798.86us (5.71s)
[427/512] ok exp3_pdf/s2_packet_spray_b256_z0.7_ep1024_sd3 step=2855.46us (4.80s)
[428/512] ok exp3_pdf/s2_packet_spray_b256_z0.7_ep1024_sd4 step=2845.99us (4.70s)
[429/512] ok exp3_pdf/s2_packet_spray_b256_z0.7_ep1024_sd5 step=2866.06us (5.00s)
[430/512] ok exp3_pdf/s2_packet_spray_b256_z0.7_ep1024_sd7 step=2845.71us (4.74s)
[431/512] ok exp3_pdf/s2_packet_spray_b256_z0.7_ep1024_sd8 step=2839.83us (4.73s)
[432/512] ok exp3_pdf/s2_packet_spray_b256_z0.7_ep1024_sd6 step=2875.67us (5.02s)
[433/512] ok exp3_pdf/s2_ub_rg_b256_z0.9_ep1024_sd1 step=5311.35us (4.81s)
[434/512] ok exp3_pdf/s2_ub_rg_b256_z0.9_ep1024_sd5 step=5311.96us (4.86s)
[435/512] ok exp3_pdf/s2_ub_rg_b256_z0.9_ep1024_sd4 step=5313.93us (4.90s)
[436/512] ok exp3_pdf/s2_ub_rg_b256_z0.9_ep1024_sd2 step=5295.19us (5.60s)
[437/512] ok exp3_pdf/s2_ub_rg_b256_z0.9_ep1024_sd3 step=5305.47us (5.51s)
[438/512] ok exp3_pdf/s2_ub_rg_b256_z0.9_ep1024_sd6 step=5319.45us (5.40s)
[439/512] ok exp3_pdf/s2_ub_rg_b256_z0.9_ep1024_sd7 step=5297.68us (4.68s)
[440/512] ok exp3_pdf/s2_packet_spray_b256_z0.9_ep1024_sd1 step=5368.27us (4.32s)
[441/512] ok exp3_pdf/s2_ub_rg_b256_z0.9_ep1024_sd8 step=5278.88us (4.96s)
[442/512] ok exp3_pdf/s2_packet_spray_b256_z0.9_ep1024_sd2 step=5361.68us (4.80s)
[443/512] ok exp3_pdf/s2_packet_spray_b256_z0.9_ep1024_sd3 step=5366.98us (4.98s)
[444/512] ok exp3_pdf/s2_packet_spray_b256_z0.9_ep1024_sd4 step=5364.54us (4.99s)
[445/512] ok exp3_pdf/s2_packet_spray_b256_z0.9_ep1024_sd5 step=5360.96us (4.07s)
[446/512] ok exp3_pdf/s2_packet_spray_b256_z0.9_ep1024_sd6 step=5382.46us (4.09s)
[447/512] ok exp3_pdf/s2_packet_spray_b256_z0.9_ep1024_sd7 step=5359.81us (4.16s)
[448/512] ok exp3_pdf/s2_packet_spray_b256_z0.9_ep1024_sd8 step=5343.47us (4.57s)
[449/512] ok exp3_pdf/s2_ub_rg_b1024_z0_ep1024_sd3 step=349.15us (22.57s)
[450/512] ok exp3_pdf/s2_ub_rg_b1024_z0_ep1024_sd2 step=349.80us (23.54s)
[451/512] ok exp3_pdf/s2_ub_rg_b1024_z0_ep1024_sd1 step=346.67us (25.12s)
[452/512] ok exp3_pdf/s2_ub_rg_b1024_z0_ep1024_sd6 step=350.14us (22.45s)
[453/512] ok exp3_pdf/s2_ub_rg_b1024_z0_ep1024_sd4 step=348.40us (23.91s)
[454/512] ok exp3_pdf/s2_ub_rg_b1024_z0_ep1024_sd5 step=349.90us (23.56s)
[455/512] ok exp3_pdf/s2_ub_rg_b1024_z0_ep1024_sd7 step=353.36us (22.03s)
[456/512] ok exp3_pdf/s2_ub_rg_b1024_z0_ep1024_sd8 step=349.53us (23.91s)
[457/512] ok exp3_pdf/s2_packet_spray_b1024_z0_ep1024_sd1 step=624.63us (23.53s)
[458/512] ok exp3_pdf/s2_packet_spray_b1024_z0_ep1024_sd3 step=624.49us (22.70s)
[459/512] ok exp3_pdf/s2_packet_spray_b1024_z0_ep1024_sd2 step=624.49us (23.18s)
[460/512] ok exp3_pdf/s2_packet_spray_b1024_z0_ep1024_sd4 step=625.20us (24.09s)
[461/512] ok exp3_pdf/s2_packet_spray_b1024_z0_ep1024_sd5 step=624.49us (21.11s)
[462/512] ok exp3_pdf/s2_packet_spray_b1024_z0_ep1024_sd6 step=622.91us (21.81s)
[463/512] ok exp3_pdf/s2_packet_spray_b1024_z0_ep1024_sd8 step=625.63us (20.99s)
[464/512] ok exp3_pdf/s2_ub_rg_b1024_z0.3_ep1024_sd1 step=1661.54us (22.11s)
[465/512] ok exp3_pdf/s2_packet_spray_b1024_z0_ep1024_sd7 step=623.91us (23.40s)
[466/512] ok exp3_pdf/s2_ub_rg_b1024_z0.3_ep1024_sd2 step=1650.33us (22.91s)
[467/512] ok exp3_pdf/s2_ub_rg_b1024_z0.3_ep1024_sd3 step=1642.98us (20.08s)
[468/512] ok exp3_pdf/s2_ub_rg_b1024_z0.3_ep1024_sd4 step=1649.08us (22.26s)
[469/512] ok exp3_pdf/s2_ub_rg_b1024_z0.3_ep1024_sd5 step=1678.79us (21.22s)
[470/512] ok exp3_pdf/s2_ub_rg_b1024_z0.3_ep1024_sd6 step=1653.33us (22.65s)
[471/512] ok exp3_pdf/s2_ub_rg_b1024_z0.3_ep1024_sd7 step=1659.48us (22.73s)
[472/512] ok exp3_pdf/s2_ub_rg_b1024_z0.3_ep1024_sd8 step=1661.39us (20.76s)
[473/512] ok exp3_pdf/s2_packet_spray_b1024_z0.3_ep1024_sd1 step=1949.28us (18.72s)
[474/512] ok exp3_pdf/s2_packet_spray_b1024_z0.3_ep1024_sd2 step=1946.41us (19.78s)
[475/512] ok exp3_pdf/s2_packet_spray_b1024_z0.3_ep1024_sd3 step=1938.38us (23.54s)
[476/512] ok exp3_pdf/s2_packet_spray_b1024_z0.3_ep1024_sd4 step=1943.40us (21.32s)
[477/512] ok exp3_pdf/s2_packet_spray_b1024_z0.3_ep1024_sd6 step=1950.85us (22.30s)
[478/512] ok exp3_pdf/s2_packet_spray_b1024_z0.3_ep1024_sd5 step=1948.99us (22.47s)
[479/512] ok exp3_pdf/s2_packet_spray_b1024_z0.3_ep1024_sd7 step=1933.08us (19.06s)
[480/512] ok exp3_pdf/s2_packet_spray_b1024_z0.3_ep1024_sd8 step=1955.73us (22.16s)
[481/512] ok exp3_pdf/s2_ub_rg_b1024_z0.7_ep1024_sd1 step=11073.95us (21.12s)
[482/512] ok exp3_pdf/s2_ub_rg_b1024_z0.7_ep1024_sd2 step=11033.30us (21.16s)
[483/512] ok exp3_pdf/s2_ub_rg_b1024_z0.7_ep1024_sd3 step=11064.90us (20.46s)
[484/512] ok exp3_pdf/s2_ub_rg_b1024_z0.7_ep1024_sd4 step=11055.76us (22.49s)
[485/512] ok exp3_pdf/s2_ub_rg_b1024_z0.7_ep1024_sd5 step=11096.98us (20.87s)
[486/512] ok exp3_pdf/s2_ub_rg_b1024_z0.7_ep1024_sd6 step=11062.54us (20.57s)
[487/512] ok exp3_pdf/s2_packet_spray_b1024_z0.7_ep1024_sd1 step=11358.14us (18.01s)
[488/512] ok exp3_pdf/s2_ub_rg_b1024_z0.7_ep1024_sd7 step=11069.23us (20.34s)
[489/512] ok exp3_pdf/s2_packet_spray_b1024_z0.7_ep1024_sd2 step=11300.79us (19.32s)
[490/512] ok exp3_pdf/s2_ub_rg_b1024_z0.7_ep1024_sd8 step=11161.20us (23.09s)
[491/512] ok exp3_pdf/s2_packet_spray_b1024_z0.7_ep1024_sd3 step=11311.26us (18.68s)
[492/512] ok exp3_pdf/s2_packet_spray_b1024_z0.7_ep1024_sd4 step=11340.36us (17.58s)
[493/512] ok exp3_pdf/s2_packet_spray_b1024_z0.7_ep1024_sd5 step=11352.98us (18.01s)
[494/512] ok exp3_pdf/s2_packet_spray_b1024_z0.7_ep1024_sd6 step=11337.64us (18.15s)
[495/512] ok exp3_pdf/s2_packet_spray_b1024_z0.7_ep1024_sd8 step=11354.41us (17.76s)
[496/512] ok exp3_pdf/s2_packet_spray_b1024_z0.7_ep1024_sd7 step=11292.91us (19.52s)
[497/512] ok exp3_pdf/s2_ub_rg_b1024_z0.9_ep1024_sd1 step=21147.06us (18.53s)
[498/512] ok exp3_pdf/s2_ub_rg_b1024_z0.9_ep1024_sd2 step=21126.65us (18.51s)
[499/512] ok exp3_pdf/s2_ub_rg_b1024_z0.9_ep1024_sd4 step=21066.98us (18.84s)
[500/512] ok exp3_pdf/s2_ub_rg_b1024_z0.9_ep1024_sd3 step=21128.76us (20.62s)
[501/512] ok exp3_pdf/s2_ub_rg_b1024_z0.9_ep1024_sd5 step=21113.81us (19.19s)
[502/512] ok exp3_pdf/s2_ub_rg_b1024_z0.9_ep1024_sd6 step=21149.13us (19.90s)
[503/512] ok exp3_pdf/s2_ub_rg_b1024_z0.9_ep1024_sd7 step=21116.29us (19.45s)
[504/512] ok exp3_pdf/s2_ub_rg_b1024_z0.9_ep1024_sd8 step=21106.40us (18.95s)
[505/512] ok exp3_pdf/s2_packet_spray_b1024_z0.9_ep1024_sd1 step=21393.62us (17.23s)
[506/512] ok exp3_pdf/s2_packet_spray_b1024_z0.9_ep1024_sd2 step=21342.01us (19.67s)
[507/512] ok exp3_pdf/s2_packet_spray_b1024_z0.9_ep1024_sd3 step=21374.13us (17.44s)
[508/512] ok exp3_pdf/s2_packet_spray_b1024_z0.9_ep1024_sd4 step=21398.93us (17.27s)
[509/512] ok exp3_pdf/s2_packet_spray_b1024_z0.9_ep1024_sd5 step=21408.53us (17.01s)
[510/512] ok exp3_pdf/s2_packet_spray_b1024_z0.9_ep1024_sd6 step=21420.72us (16.82s)
[511/512] ok exp3_pdf/s2_packet_spray_b1024_z0.9_ep1024_sd7 step=21355.63us (16.77s)
[512/512] ok exp3_pdf/s2_packet_spray_b1024_z0.9_ep1024_sd8 step=21384.45us (16.22s)
Done: ok=512 fail=0 skipped=0 wall=321.4s ledger=/home/luke/workspace/dyn_latency/results/ub_rg/ledger.json
==== BEHAV EXP3_PDF END rc=0 2026-07-18T18:00:23+08:00 ====
Wrote report /home/luke/workspace/dyn_latency/docs/UB_RG仿真报告.md
Wrote /home/luke/workspace/dyn_latency/docs/UB_RG仿真报告.html
Wrote /home/luke/workspace/dyn_latency/results/ub_rg/all_summaries.csv (728 rows), 37 figures
Wrote report /home/luke/workspace/dyn_latency/docs/UB_RG仿真报告.md
Wrote /home/luke/workspace/dyn_latency/docs/UB_RG仿真报告.html
Wrote /home/luke/workspace/dyn_latency/results/ub_rg_packet/all_summaries.csv (16 rows), 3 figures
==== ANALYZE END rc=0 2026-07-18T18:00:30+08:00 ====
