Engine=behavioral jobs=588 workers=10
Binary: /home/luke/workspace/dyn_latency/ns-3-ub/build/scratch/ns3.44-ub_rg-dispatch-experiment-optimized
[20/588] skip s1_ub_rg_pop_b16_z0_ep0_sd1_sk2
[25/588] ok exp2_combine/s1_packet_spray_b16_z0.7_ep0_sd1_sk2 step=26.31us (0.04s)
[26/588] ok exp1_dispatch/s1_packet_spray_b16_z0_ep0_sd1_sk4 step=11.58us (0.04s)
[27/588] ok exp2_combine/s1_packet_spray_b16_z0.9_ep0_sd1_sk2 step=33.76us (0.04s)
[28/588] ok exp2_combine/s1_ub_rg_pop_b16_z0.9_ep0_sd1_sk2 step=32.66us (0.05s)
[29/588] ok exp2_combine/s1_ub_rg_b16_z0.7_ep0_sd1_sk2 step=24.57us (0.06s)
[30/588] ok exp2_combine/s1_ub_rg_b16_z0.9_ep0_sd1_sk2 step=32.36us (0.06s)
[31/588] ok exp2_combine/s1_ub_rg_pop_b16_z0.7_ep0_sd1_sk2 step=24.87us (0.06s)
[32/588] ok exp1_dispatch/s1_ub_rg_b16_z0_ep0_sd1_sk4 step=9.57us (0.07s)
[33/588] ok exp1_dispatch/s1_ub_rg_pop_b16_z0_ep0_sd1_sk4 step=9.87us (0.07s)
[34/588] ok exp1_dispatch/s1_packet_spray_b16_z0.3_ep0_sd1_sk4 step=14.97us (0.07s)
[35/588] ok exp1_dispatch/s1_ub_rg_b16_z0.3_ep0_sd1_sk4 step=12.77us (0.08s)
[36/588] ok exp1_dispatch/s1_ub_rg_pop_b16_z0.3_ep0_sd1_sk4 step=13.07us (0.08s)
[37/588] ok exp1_dispatch/s1_packet_spray_b16_z0.7_ep0_sd1_sk4 step=27.15us (0.07s)
[38/588] ok exp1_dispatch/s1_ub_rg_b16_z0.7_ep0_sd1_sk4 step=26.83us (0.07s)
[39/588] ok exp1_dispatch/s1_ub_rg_pop_b16_z0.7_ep0_sd1_sk4 step=27.13us (0.07s)
[40/588] ok exp1_dispatch/s1_packet_spray_b16_z0.9_ep0_sd1_sk4 step=35.18us (0.09s)
[41/588] ok exp1_dispatch/s1_ub_rg_b16_z0.9_ep0_sd1_sk4 step=34.43us (0.10s)
[42/588] ok exp1_dispatch/s1_ub_rg_pop_b16_z0.9_ep0_sd1_sk4 step=34.73us (0.10s)
[43/588] ok exp2_combine/s1_packet_spray_b16_z0_ep0_sd1_sk4 step=11.37us (0.08s)
[44/588] ok exp2_combine/s1_ub_rg_b16_z0_ep0_sd1_sk4 step=9.52us (0.10s)
[45/588] ok exp1_dispatch/s1_islip_b16_z0_ep0_sd1_sk4 step=7.82us (0.39s)
[46/588] ok exp2_combine/s1_ub_rg_pop_b16_z0_ep0_sd1_sk4 step=9.82us (0.11s)
[47/588] ok exp1_dispatch/s1_islip_b16_z0.3_ep0_sd1_sk4 step=9.40us (0.42s)
[48/588] ok exp2_combine/s1_packet_spray_b16_z0.3_ep0_sd1_sk4 step=14.82us (0.09s)
[49/588] ok exp2_combine/s1_ub_rg_b16_z0.3_ep0_sd1_sk4 step=12.58us (0.09s)
[50/588] ok exp2_combine/s1_ub_rg_pop_b16_z0.3_ep0_sd1_sk4 step=12.88us (0.10s)
[51/588] ok exp2_combine/s1_packet_spray_b16_z0.7_ep0_sd1_sk4 step=27.57us (0.09s)
[52/588] ok exp2_combine/s1_ub_rg_b16_z0.7_ep0_sd1_sk4 step=25.89us (0.09s)
[53/588] ok exp2_combine/s1_ub_rg_pop_b16_z0.7_ep0_sd1_sk4 step=26.19us (0.10s)
[54/588] ok exp2_combine/s1_packet_spray_b16_z0.9_ep0_sd1_sk4 step=35.03us (0.08s)
[55/588] ok exp2_combine/s1_islip_b16_z0_ep0_sd1_sk4 step=7.39us (0.47s)
[56/588] ok exp2_combine/s1_ub_rg_b16_z0.9_ep0_sd1_sk4 step=33.60us (0.11s)
[57/588] ok exp2_combine/s1_ub_rg_pop_b16_z0.9_ep0_sd1_sk4 step=33.90us (0.11s)
[58/588] ok exp1_dispatch/s1_packet_spray_b16_z0_ep0_sd1_sk8 step=15.31us (0.10s)
[59/588] ok exp1_dispatch/s1_ub_rg_b16_z0_ep0_sd1_sk8 step=13.31us (0.12s)
[60/588] ok exp1_dispatch/s1_ub_rg_pop_b16_z0_ep0_sd1_sk8 step=13.61us (0.11s)
[61/588] ok exp1_dispatch/s1_packet_spray_b16_z0.3_ep0_sd1_sk8 step=18.09us (0.10s)
[62/588] ok exp2_combine/s1_islip_b16_z0.3_ep0_sd1_sk4 step=10.12us (0.76s)
[63/588] ok exp1_dispatch/s1_ub_rg_b16_z0.3_ep0_sd1_sk8 step=16.20us (0.10s)
[64/588] ok exp1_dispatch/s1_ub_rg_pop_b16_z0.3_ep0_sd1_sk8 step=16.50us (0.09s)
[65/588] ok exp1_dispatch/s1_packet_spray_b16_z0.7_ep0_sd1_sk8 step=30.46us (0.08s)
[66/588] ok exp1_dispatch/s1_ub_rg_b16_z0.7_ep0_sd1_sk8 step=30.57us (0.18s)
[67/588] ok exp1_dispatch/s1_islip_b16_z0_ep0_sd1_sk8 step=11.12us (0.86s)
[68/588] ok exp1_dispatch/s1_ub_rg_pop_b16_z0.7_ep0_sd1_sk8 step=30.87us (0.13s)
[69/588] ok exp1_dispatch/s1_packet_spray_b16_z0.9_ep0_sd1_sk8 step=38.49us (0.16s)
[70/588] ok exp1_dispatch/s1_islip_b16_z0.7_ep0_sd1_sk4 step=21.73us (1.71s)
[71/588] ok exp1_dispatch/s1_islip_b16_z0.3_ep0_sd1_sk8 step=11.12us (0.93s)
[72/588] ok exp1_dispatch/s1_ub_rg_b16_z0.9_ep0_sd1_sk8 step=38.17us (0.12s)
[73/588] ok exp1_dispatch/s1_ub_rg_pop_b16_z0.9_ep0_sd1_sk8 step=38.47us (0.09s)
[74/588] ok exp2_combine/s1_packet_spray_b16_z0_ep0_sd1_sk8 step=15.33us (0.10s)
[75/588] ok exp2_combine/s1_islip_b16_z0.7_ep0_sd1_sk2 step=22.02us (1.95s)
[76/588] ok exp2_combine/s1_ub_rg_b16_z0_ep0_sd1_sk8 step=13.39us (0.10s)
[77/588] ok exp2_combine/s1_ub_rg_pop_b16_z0_ep0_sd1_sk8 step=13.69us (0.09s)
[78/588] ok exp2_combine/s1_packet_spray_b16_z0.3_ep0_sd1_sk8 step=17.35us (0.08s)
[79/588] ok exp2_combine/s1_ub_rg_pop_b16_z0.3_ep0_sd1_sk8 step=15.35us (0.10s)
[80/588] ok exp2_combine/s1_ub_rg_b16_z0.3_ep0_sd1_sk8 step=15.05us (0.14s)
[81/588] ok exp2_combine/s1_packet_spray_b16_z0.7_ep0_sd1_sk8 step=30.10us (0.11s)
[82/588] ok exp2_combine/s1_ub_rg_b16_z0.7_ep0_sd1_sk8 step=28.36us (0.11s)
[83/588] ok exp2_combine/s1_islip_b16_z0.9_ep0_sd1_sk2 step=29.47us (2.47s)
[84/588] ok exp2_combine/s1_ub_rg_pop_b16_z0.7_ep0_sd1_sk8 step=28.66us (0.11s)
[85/588] ok exp2_combine/s1_islip_b16_z0_ep0_sd1_sk8 step=11.12us (0.75s)
[86/588] ok exp2_combine/s1_packet_spray_b16_z0.9_ep0_sd1_sk8 step=37.56us (0.12s)
[87/588] ok exp2_combine/s1_ub_rg_b16_z0.9_ep0_sd1_sk8 step=36.14us (0.12s)
[96/588] ok exp2_combine/s1_ub_rg_pop_b16_z0.9_ep0_sd1_sk8 step=36.44us (0.12s)
[97/588] ok exp2_combine/s1_islip_b16_z0.3_ep0_sd1_sk8 step=12.70us (0.87s)
[98/588] ok exp1_dispatch/s1_islip_b16_z0.7_ep0_sd1_sk8 step=21.87us (1.73s)
[99/588] ok exp1_dispatch/s4_ub_rg_pop_b16_z0.7_ep0_sd1_sk2 step=64.22us (0.24s)
[100/588] ok exp1_dispatch/s4_packet_spray_b16_z0.9_ep0_sd1_sk2 step=97.71us (0.18s)
[101/588] ok exp2_combine/s1_islip_b16_z0.7_ep0_sd1_sk4 step=23.31us (2.46s)
[102/588] ok exp1_dispatch/s4_ub_rg_b16_z0.9_ep0_sd1_sk2 step=104.62us (0.18s)
[103/588] ok exp1_dispatch/s1_islip_b16_z0.9_ep0_sd1_sk4 step=29.90us (2.91s)
[104/588] ok exp1_dispatch/s4_ub_rg_pop_b16_z0.9_ep0_sd1_sk2 step=105.02us (0.22s)
[105/588] ok exp2_combine/s4_packet_spray_b16_z0_ep0_sd1_sk2 step=11.20us (0.17s)
[106/588] ok exp2_combine/s4_ub_rg_pop_b16_z0_ep0_sd1_sk2 step=8.72us (0.18s)
[107/588] ok exp2_combine/s4_ub_rg_b16_z0_ep0_sd1_sk2 step=8.32us (0.19s)
[108/588] ok exp2_combine/s4_packet_spray_b16_z0.3_ep0_sd1_sk2 step=20.57us (0.18s)
[109/588] ok exp2_combine/s4_ub_rg_b16_z0.3_ep0_sd1_sk2 step=16.34us (0.20s)
[110/588] ok exp2_combine/s4_packet_spray_b16_z0.7_ep0_sd1_sk2 step=67.02us (0.16s)
[111/588] ok exp2_combine/s4_ub_rg_b16_z0.7_ep0_sd1_sk2 step=63.75us (0.19s)
[112/588] ok exp2_combine/s4_ub_rg_pop_b16_z0.7_ep0_sd1_sk2 step=64.15us (0.18s)
[113/588] ok exp2_combine/s4_ub_rg_pop_b16_z0.3_ep0_sd1_sk2 step=16.74us (0.21s)
[114/588] ok exp2_combine/s4_packet_spray_b16_z0.9_ep0_sd1_sk2 step=108.02us (0.17s)
[115/588] ok exp2_combine/s1_islip_b16_z0.9_ep0_sd1_sk4 step=30.76us (2.83s)
[116/588] ok exp2_combine/s4_ub_rg_b16_z0.9_ep0_sd1_sk2 step=104.29us (0.17s)
[117/588] ok exp1_dispatch/s4_packet_spray_b16_z0_ep0_sd1_sk4 step=12.82us (0.14s)
[118/588] ok exp2_combine/s4_ub_rg_pop_b16_z0.9_ep0_sd1_sk2 step=104.69us (0.20s)
[119/588] ok exp1_dispatch/s1_islip_b16_z0.9_ep0_sd1_sk8 step=30.05us (1.96s)
[120/588] ok exp1_dispatch/s4_ub_rg_b16_z0_ep0_sd1_sk4 step=10.57us (0.19s)
[121/588] ok exp1_dispatch/s4_packet_spray_b16_z0.3_ep0_sd1_sk4 step=21.15us (0.14s)
[122/588] ok exp1_dispatch/s4_ub_rg_pop_b16_z0_ep0_sd1_sk4 step=10.97us (0.20s)
[123/588] ok exp2_combine/s1_islip_b16_z0.7_ep0_sd1_sk8 step=25.89us (1.36s)
[124/588] ok exp1_dispatch/s4_ub_rg_b16_z0.3_ep0_sd1_sk4 step=17.80us (0.17s)
[125/588] ok exp1_dispatch/s4_ub_rg_pop_b16_z0.3_ep0_sd1_sk4 step=18.20us (0.15s)
[126/588] ok exp1_dispatch/s4_packet_spray_b16_z0.7_ep0_sd1_sk4 step=64.72us (0.15s)
[127/588] ok exp1_dispatch/s4_packet_spray_b16_z0.9_ep0_sd1_sk4 step=99.27us (0.13s)
[128/588] ok exp1_dispatch/s4_ub_rg_b16_z0.7_ep0_sd1_sk4 step=65.29us (0.17s)
[129/588] ok exp1_dispatch/s4_ub_rg_pop_b16_z0.9_ep0_sd1_sk4 step=106.84us (0.14s)
[130/588] ok exp1_dispatch/s4_ub_rg_b16_z0.9_ep0_sd1_sk4 step=106.44us (0.17s)
[131/588] ok exp2_combine/s4_packet_spray_b16_z0_ep0_sd1_sk4 step=13.13us (0.14s)
[132/588] ok exp1_dispatch/s4_ub_rg_pop_b16_z0.7_ep0_sd1_sk4 step=65.69us (0.19s)
[133/588] ok exp2_combine/s4_ub_rg_b16_z0_ep0_sd1_sk4 step=10.17us (0.16s)
[134/588] ok exp2_combine/s4_packet_spray_b16_z0.3_ep0_sd1_sk4 step=21.84us (0.14s)
[135/588] ok exp2_combine/s4_ub_rg_pop_b16_z0_ep0_sd1_sk4 step=10.57us (0.16s)
[136/588] ok exp2_combine/s4_packet_spray_b16_z0.7_ep0_sd1_sk4 step=68.29us (0.13s)
[137/588] ok exp2_combine/s4_ub_rg_b16_z0.3_ep0_sd1_sk4 step=17.46us (0.17s)
[138/588] ok exp2_combine/s4_ub_rg_pop_b16_z0.3_ep0_sd1_sk4 step=17.86us (0.18s)
[139/588] ok exp2_combine/s4_packet_spray_b16_z0.9_ep0_sd1_sk4 step=109.29us (0.16s)
[140/588] ok exp2_combine/s4_ub_rg_b16_z0.7_ep0_sd1_sk4 step=64.91us (0.18s)
[141/588] ok exp2_combine/s4_ub_rg_pop_b16_z0.7_ep0_sd1_sk4 step=65.31us (0.18s)
[142/588] ok exp1_dispatch/s4_packet_spray_b16_z0_ep0_sd1_sk8 step=16.79us (0.14s)
[143/588] ok exp2_combine/s4_ub_rg_b16_z0.9_ep0_sd1_sk4 step=105.48us (0.16s)
[144/588] ok exp2_combine/s4_ub_rg_pop_b16_z0.9_ep0_sd1_sk4 step=105.88us (0.18s)
[145/588] ok exp1_dispatch/s4_ub_rg_b16_z0_ep0_sd1_sk8 step=14.46us (0.17s)
[146/588] ok exp1_dispatch/s4_ub_rg_pop_b16_z0_ep0_sd1_sk8 step=14.86us (0.16s)
[147/588] ok exp2_combine/s1_islip_b16_z0.9_ep0_sd1_sk8 step=33.34us (1.48s)
[148/588] ok exp1_dispatch/s4_packet_spray_b16_z0.3_ep0_sd1_sk8 step=24.58us (0.15s)
[149/588] ok exp1_dispatch/s4_ub_rg_b16_z0.3_ep0_sd1_sk8 step=21.38us (0.16s)
[150/588] ok exp1_dispatch/s4_packet_spray_b16_z0.7_ep0_sd1_sk8 step=67.84us (0.14s)
[151/588] ok exp1_dispatch/s4_ub_rg_pop_b16_z0.3_ep0_sd1_sk8 step=21.78us (0.15s)
[152/588] ok exp1_dispatch/s4_ub_rg_pop_b16_z0.7_ep0_sd1_sk8 step=69.42us (0.14s)
[153/588] ok exp1_dispatch/s4_packet_spray_b16_z0.9_ep0_sd1_sk8 step=102.39us (0.13s)
[154/588] ok exp1_dispatch/s4_ub_rg_b16_z0.7_ep0_sd1_sk8 step=69.02us (0.16s)
[155/588] ok exp1_dispatch/s4_ub_rg_b16_z0.9_ep0_sd1_sk8 step=110.18us (0.12s)
[156/588] ok exp2_combine/s4_packet_spray_b16_z0_ep0_sd1_sk8 step=16.99us (0.16s)
[157/588] ok exp1_dispatch/s4_ub_rg_pop_b16_z0.9_ep0_sd1_sk8 step=110.58us (0.17s)
[158/588] ok exp2_combine/s4_ub_rg_b16_z0_ep0_sd1_sk8 step=14.03us (0.16s)
[159/588] ok exp2_combine/s4_packet_spray_b16_z0.3_ep0_sd1_sk8 step=24.37us (0.13s)
[160/588] ok exp2_combine/s4_ub_rg_pop_b16_z0_ep0_sd1_sk8 step=14.43us (0.15s)
[161/588] ok exp2_combine/s4_ub_rg_b16_z0.3_ep0_sd1_sk8 step=20.08us (0.14s)
[162/588] ok exp2_combine/s4_packet_spray_b16_z0.7_ep0_sd1_sk8 step=70.82us (0.11s)
[163/588] ok exp2_combine/s4_ub_rg_b16_z0.7_ep0_sd1_sk8 step=67.52us (0.16s)
[164/588] ok exp2_combine/s4_ub_rg_pop_b16_z0.3_ep0_sd1_sk8 step=20.48us (0.17s)
[165/588] ok exp2_combine/s4_ub_rg_pop_b16_z0.7_ep0_sd1_sk8 step=67.92us (0.14s)
[166/588] ok exp2_combine/s4_packet_spray_b16_z0.9_ep0_sd1_sk8 step=111.82us (0.12s)
[167/588] ok exp2_combine/s4_ub_rg_pop_b16_z0.9_ep0_sd1_sk8 step=108.51us (0.13s)
[168/588] ok exp2_combine/s4_ub_rg_b16_z0.9_ep0_sd1_sk8 step=108.11us (0.16s)
[169/588] ok exp1_dispatch/s1_packet_spray_b256_z0_ep0_sd1_sk2 step=83.44us (0.19s)
[170/588] ok exp1_dispatch/s1_ub_rg_pop_b256_z0_ep0_sd1_sk2 step=47.29us (0.28s)
[171/588] ok exp1_dispatch/s1_packet_spray_b256_z0.3_ep0_sd1_sk2 step=153.98us (0.25s)
[172/588] ok exp1_dispatch/s1_ub_rg_b256_z0_ep0_sd1_sk2 step=46.99us (0.34s)
[173/588] ok exp1_dispatch/s1_ub_rg_b256_z0.3_ep0_sd1_sk2 step=116.09us (0.33s)
[174/588] ok exp1_dispatch/s1_packet_spray_b256_z0.7_ep0_sd1_sk2 step=369.65us (0.26s)
[175/588] ok exp1_dispatch/s1_ub_rg_pop_b256_z0.3_ep0_sd1_sk2 step=116.39us (0.30s)
[176/588] ok exp1_dispatch/s1_ub_rg_b256_z0.7_ep0_sd1_sk2 step=329.62us (0.28s)
[177/588] ok exp1_dispatch/s1_packet_spray_b256_z0.9_ep0_sd1_sk2 step=496.52us (0.25s)
[178/588] ok exp1_dispatch/s1_ub_rg_pop_b256_z0.7_ep0_sd1_sk2 step=329.92us (0.37s)
[179/588] ok exp1_dispatch/s1_ub_rg_b256_z0.9_ep0_sd1_sk2 step=449.48us (0.30s)
[180/588] ok exp1_dispatch/s1_ub_rg_pop_b256_z0.9_ep0_sd1_sk2 step=449.78us (0.37s)
[181/588] ok exp2_combine/s1_packet_spray_b256_z0_ep0_sd1_sk2 step=79.07us (0.34s)
[182/588] ok exp2_combine/s1_ub_rg_b256_z0_ep0_sd1_sk2 step=46.43us (0.33s)
[183/588] ok exp2_combine/s1_ub_rg_pop_b256_z0_ep0_sd1_sk2 step=46.73us (0.41s)
[184/588] ok exp2_combine/s1_ub_rg_b256_z0.3_ep0_sd1_sk2 step=116.02us (0.37s)
[185/588] ok exp2_combine/s1_packet_spray_b256_z0.3_ep0_sd1_sk2 step=147.74us (0.41s)
[186/588] ok exp2_combine/s1_ub_rg_pop_b256_z0.3_ep0_sd1_sk2 step=116.32us (0.37s)
[187/588] ok exp2_combine/s1_packet_spray_b256_z0.7_ep0_sd1_sk2 step=356.61us (0.41s)
[188/588] ok exp2_combine/s1_ub_rg_b256_z0.7_ep0_sd1_sk2 step=329.88us (0.42s)
[189/588] ok exp2_combine/s1_ub_rg_pop_b256_z0.7_ep0_sd1_sk2 step=330.18us (0.40s)
[190/588] ok exp2_combine/s1_ub_rg_b256_z0.9_ep0_sd1_sk2 step=448.98us (0.40s)
[191/588] ok exp2_combine/s1_packet_spray_b256_z0.9_ep0_sd1_sk2 step=481.05us (0.48s)
[198/588] ok exp3_roundtrip/s1_ub_rg_b256_z0_ep32_sd1_sk2 step=174.47us (0.18s)
[199/588] ok exp1_dispatch/s1_islip_b256_z0_ep0_sd1_sk2 step=58.00us (2.41s)
[200/588] ok exp2_combine/s1_ub_rg_pop_b256_z0.9_ep0_sd1_sk2 step=449.28us (0.38s)
[201/588] ok exp3_roundtrip/s1_ub_rg_b256_z0_ep64_sd1_sk2 step=175.78us (0.34s)
[202/588] ok exp3_roundtrip/s1_ub_rg_pop_b256_z0_ep32_sd1_sk2 step=175.07us (0.20s)
[203/588] ok exp3_roundtrip/s1_ub_rg_b256_z0_ep128_sd1_sk2 step=177.44us (0.60s)
[204/588] ok exp3_roundtrip/s1_ub_rg_pop_b256_z0_ep64_sd1_sk2 step=176.38us (0.39s)
[205/588] ok exp3_roundtrip/s1_islip_b256_z0.3_ep32_sd1_sk2 step=291.53us (0.33s)
[206/588] ok exp3_roundtrip/s1_ub_rg_pop_b256_z0_ep128_sd1_sk2 step=178.04us (0.66s)
[207/588] ok exp3_roundtrip/s1_packet_spray_b256_z0.3_ep32_sd1_sk2 step=364.34us (0.16s)
[208/588] ok exp3_roundtrip/s1_packet_spray_b256_z0.3_ep64_sd1_sk2 step=441.62us (0.34s)
[209/588] ok exp2_combine/s1_islip_b256_z0_ep0_sd1_sk2 step=54.56us (3.72s)
[210/588] ok exp3_roundtrip/s1_ub_rg_b256_z0.3_ep32_sd1_sk2 step=296.95us (0.22s)
[211/588] ok exp3_roundtrip/s1_packet_spray_b256_z0.3_ep128_sd1_sk2 step=536.20us (0.54s)
[212/588] ok exp3_roundtrip/s1_ub_rg_b256_z0.3_ep64_sd1_sk2 step=377.63us (0.40s)
[213/588] ok exp3_roundtrip/s1_ub_rg_pop_b256_z0.3_ep32_sd1_sk2 step=297.55us (0.21s)
[214/588] ok exp3_roundtrip/s1_ub_rg_b256_z0.3_ep128_sd1_sk2 step=466.60us (0.63s)
[215/588] ok exp3_roundtrip/s1_ub_rg_pop_b256_z0.3_ep64_sd1_sk2 step=378.24us (0.43s)
[216/588] ok exp3_roundtrip/s1_ub_rg_pop_b256_z0.3_ep128_sd1_sk2 step=467.20us (0.69s)
[217/588] ok exp3_roundtrip/s1_islip_b256_z0.7_ep32_sd1_sk2 step=488.48us (0.49s)
[218/588] ok exp3_roundtrip/s1_islip_b256_z0.3_ep64_sd1_sk2 step=367.53us (3.22s)
[219/588] ok exp3_roundtrip/s1_packet_spray_b256_z0.7_ep32_sd1_sk2 step=559.28us (0.23s)
[220/588] ok exp3_roundtrip/s1_packet_spray_b256_z0.7_ep64_sd1_sk2 step=895.29us (0.37s)
[221/588] ok exp3_roundtrip/s1_packet_spray_b256_z0.7_ep128_sd1_sk2 step=1419.93us (0.55s)
[222/588] ok exp3_roundtrip/s1_ub_rg_b256_z0.7_ep32_sd1_sk2 step=492.56us (0.23s)
[223/588] ok exp3_roundtrip/s1_ub_rg_b256_z0.7_ep64_sd1_sk2 step=826.11us (0.39s)
[224/588] ok exp3_roundtrip/s1_ub_rg_b256_z0.7_ep128_sd1_sk2 step=1353.16us (0.70s)
[225/588] ok exp1_dispatch/s1_islip_b256_z0.3_ep0_sd1_sk2 step=117.21us (8.94s)
[226/588] ok exp3_roundtrip/s1_ub_rg_pop_b256_z0.7_ep32_sd1_sk2 step=493.16us (0.31s)
[227/588] ok exp2_combine/s1_islip_b256_z0.3_ep0_sd1_sk2 step=109.75us (8.53s)
[228/588] ok exp3_roundtrip/s1_ub_rg_pop_b256_z0.7_ep64_sd1_sk2 step=826.71us (0.37s)
[229/588] ok exp3_roundtrip/s1_ub_rg_pop_b256_z0.7_ep128_sd1_sk2 step=1353.76us (0.79s)
[230/588] ok exp3_roundtrip/s1_islip_b256_z0.9_ep32_sd1_sk2 step=563.53us (0.61s)
[231/588] ok exp3_roundtrip/s1_packet_spray_b256_z0.9_ep32_sd1_sk2 step=628.73us (0.23s)
[232/588] ok exp3_roundtrip/s1_packet_spray_b256_z0.9_ep64_sd1_sk2 step=1101.21us (0.35s)
[233/588] ok exp3_roundtrip/s1_packet_spray_b256_z0.9_ep128_sd1_sk2 step=1944.13us (0.64s)
[234/588] ok exp3_roundtrip/s1_ub_rg_b256_z0.9_ep32_sd1_sk2 step=563.06us (0.27s)
[235/588] ok exp3_roundtrip/s1_ub_rg_b256_z0.9_ep64_sd1_sk2 step=1024.28us (0.43s)
[236/588] ok exp3_roundtrip/s1_ub_rg_b256_z0.9_ep128_sd1_sk2 step=1865.02us (0.74s)
[237/588] ok exp3_roundtrip/s1_ub_rg_pop_b256_z0.9_ep32_sd1_sk2 step=563.66us (0.28s)
[238/588] ok exp3_roundtrip/s1_islip_b256_z0.7_ep64_sd1_sk2 step=823.92us (7.39s)
[239/588] ok exp3_roundtrip/s1_ub_rg_pop_b256_z0.9_ep64_sd1_sk2 step=1024.88us (0.44s)
[240/588] ok exp3_roundtrip/s1_ub_rg_pop_b256_z0.9_ep128_sd1_sk2 step=1865.62us (0.72s)
[241/588] ok exp1_dispatch/s1_packet_spray_b256_z0_ep0_sd1_sk4 step=85.07us (0.35s)
[242/588] ok exp1_dispatch/s1_ub_rg_b256_z0_ep0_sd1_sk4 step=48.77us (0.48s)
[243/588] ok exp1_dispatch/s1_ub_rg_pop_b256_z0_ep0_sd1_sk4 step=49.07us (0.53s)
[244/588] ok exp3_roundtrip/s1_islip_b256_z0.9_ep64_sd1_sk2 step=1031.42us (6.57s)
[245/588] ok exp1_dispatch/s1_packet_spray_b256_z0.3_ep0_sd1_sk4 step=155.60us (0.36s)
[246/588] ok exp1_dispatch/s1_ub_rg_b256_z0.3_ep0_sd1_sk4 step=117.42us (0.51s)
[247/588] ok exp1_dispatch/s1_ub_rg_pop_b256_z0.3_ep0_sd1_sk4 step=117.72us (0.53s)
[248/588] ok exp1_dispatch/s1_islip_b256_z0_ep0_sd1_sk4 step=58.00us (4.47s)
[249/588] ok exp1_dispatch/s1_packet_spray_b256_z0.7_ep0_sd1_sk4 step=369.90us (0.34s)
[250/588] ok exp1_dispatch/s1_ub_rg_b256_z0.7_ep0_sd1_sk4 step=331.16us (0.41s)
[251/588] ok exp1_dispatch/s1_ub_rg_pop_b256_z0.7_ep0_sd1_sk4 step=331.46us (0.47s)
[252/588] ok exp3_roundtrip/s1_islip_b256_z0.3_ep128_sd1_sk2 step=461.45us (18.41s)
[253/588] ok exp1_dispatch/s1_packet_spray_b256_z0.9_ep0_sd1_sk4 step=496.78us (0.33s)
[254/588] ok exp1_dispatch/s1_ub_rg_b256_z0.9_ep0_sd1_sk4 step=451.32us (0.58s)
[255/588] ok exp1_dispatch/s1_ub_rg_pop_b256_z0.9_ep0_sd1_sk4 step=451.62us (0.60s)
[256/588] ok exp1_dispatch/s1_islip_b256_z0.3_ep0_sd1_sk4 step=117.21us (11.04s)
[257/588] ok exp2_combine/s1_packet_spray_b256_z0_ep0_sd1_sk4 step=80.33us (0.57s)
[258/588] ok exp2_combine/s1_ub_rg_b256_z0_ep0_sd1_sk4 step=47.58us (0.51s)
[259/588] ok exp2_combine/s1_islip_b256_z0_ep0_sd1_sk4 step=56.28us (4.31s)
[260/588] ok exp2_combine/s1_ub_rg_pop_b256_z0_ep0_sd1_sk4 step=47.88us (0.60s)
[261/588] ok exp2_combine/s1_packet_spray_b256_z0.3_ep0_sd1_sk4 step=149.00us (0.55s)
[262/588] ok exp2_combine/s1_ub_rg_b256_z0.3_ep0_sd1_sk4 step=117.24us (0.50s)
[263/588] ok exp2_combine/s1_ub_rg_pop_b256_z0.3_ep0_sd1_sk4 step=117.54us (0.51s)
[264/588] ok exp1_dispatch/s1_islip_b256_z0.7_ep0_sd1_sk2 step=334.11us (32.42s)
[265/588] ok exp2_combine/s1_packet_spray_b256_z0.7_ep0_sd1_sk4 step=357.88us (0.51s)
[266/588] ok exp2_combine/s1_ub_rg_b256_z0.7_ep0_sd1_sk4 step=331.14us (0.43s)
[267/588] ok exp2_combine/s1_ub_rg_pop_b256_z0.7_ep0_sd1_sk4 step=331.44us (0.51s)
[268/588] ok exp2_combine/s1_islip_b256_z0.7_ep0_sd1_sk2 step=320.35us (33.54s)
[269/588] ok exp2_combine/s1_packet_spray_b256_z0.9_ep0_sd1_sk4 step=482.31us (0.53s)
[270/588] ok exp2_combine/s1_ub_rg_b256_z0.9_ep0_sd1_sk4 step=450.25us (0.49s)
[271/588] ok exp2_combine/s1_ub_rg_pop_b256_z0.9_ep0_sd1_sk4 step=450.55us (0.56s)
[272/588] ok exp3_roundtrip/s1_islip_b256_z0_ep32_sd1_sk4 step=183.63us (0.47s)
[273/588] ok exp2_combine/s1_islip_b256_z0.3_ep0_sd1_sk4 step=111.04us (9.97s)
[274/588] ok exp3_roundtrip/s1_islip_b256_z0_ep64_sd1_sk4 step=192.66us (2.11s)
[275/588] ok exp3_roundtrip/s1_packet_spray_b256_z0_ep32_sd1_sk4 step=243.13us (0.23s)
[276/588] ok exp3_roundtrip/s1_packet_spray_b256_z0_ep64_sd1_sk4 step=245.57us (0.38s)
[277/588] ok exp3_roundtrip/s1_packet_spray_b256_z0_ep128_sd1_sk4 step=249.42us (0.70s)
[278/588] ok exp3_roundtrip/s1_ub_rg_b256_z0_ep32_sd1_sk4 step=177.65us (0.25s)
[279/588] ok exp3_roundtrip/s1_ub_rg_b256_z0_ep64_sd1_sk4 step=178.59us (0.42s)
[280/588] ok exp3_roundtrip/s1_ub_rg_b256_z0_ep128_sd1_sk4 step=180.37us (0.68s)
[281/588] ok exp3_roundtrip/s1_ub_rg_pop_b256_z0_ep32_sd1_sk4 step=178.25us (0.33s)
[282/588] ok exp3_roundtrip/s1_ub_rg_pop_b256_z0_ep64_sd1_sk4 step=179.19us (0.44s)
[283/588] ok exp3_roundtrip/s1_ub_rg_pop_b256_z0_ep128_sd1_sk4 step=180.97us (0.81s)
[284/588] ok exp3_roundtrip/s1_islip_b256_z0.3_ep32_sd1_sk4 step=292.97us (0.56s)
[285/588] ok exp3_roundtrip/s1_islip_b256_z0_ep128_sd1_sk4 step=198.30us (8.49s)
[286/588] ok exp3_roundtrip/s1_islip_b256_z0.3_ep64_sd1_sk4 step=368.97us (3.19s)
[287/588] ok exp3_roundtrip/s1_packet_spray_b256_z0.3_ep32_sd1_sk4 step=365.86us (0.23s)
[288/588] ok exp3_roundtrip/s1_packet_spray_b256_z0.3_ep64_sd1_sk4 step=443.14us (0.39s)
[289/588] ok exp3_roundtrip/s1_packet_spray_b256_z0.3_ep128_sd1_sk4 step=539.10us (0.68s)
[290/588] ok exp3_roundtrip/s1_ub_rg_b256_z0.3_ep32_sd1_sk4 step=299.29us (0.26s)
[291/588] ok exp3_roundtrip/s1_ub_rg_b256_z0.3_ep64_sd1_sk4 step=380.67us (0.41s)
[292/588] ok exp3_roundtrip/s1_ub_rg_b256_z0.3_ep128_sd1_sk4 step=469.15us (0.72s)
[293/588] ok exp3_roundtrip/s1_ub_rg_pop_b256_z0.3_ep32_sd1_sk4 step=299.89us (0.23s)
[294/588] ok exp3_roundtrip/s1_ub_rg_pop_b256_z0.3_ep64_sd1_sk4 step=381.27us (0.39s)
[295/588] ok exp3_roundtrip/s1_ub_rg_pop_b256_z0.3_ep128_sd1_sk4 step=469.75us (0.77s)
[296/588] ok exp3_roundtrip/s1_islip_b256_z0.7_ep32_sd1_sk4 step=489.92us (0.69s)
[297/588] ok exp2_combine/s1_islip_b256_z0.9_ep0_sd1_sk2 step=445.50us (50.02s)
[298/588] ok exp1_dispatch/s1_islip_b256_z0.9_ep0_sd1_sk2 step=460.84us (51.31s)
[299/588] ok exp1_dispatch/s1_islip_b256_z0.7_ep0_sd1_sk4 step=334.11us (34.51s)
[300/588] ok exp3_roundtrip/s1_packet_spray_b256_z0.7_ep32_sd1_sk4 step=560.80us (0.24s)
[301/588] ok exp3_roundtrip/s1_packet_spray_b256_z0.7_ep64_sd1_sk4 step=896.81us (0.31s)
[302/588] ok exp3_roundtrip/s1_packet_spray_b256_z0.7_ep128_sd1_sk4 step=1421.45us (0.52s)
[303/588] ok exp3_roundtrip/s1_ub_rg_b256_z0.7_ep32_sd1_sk4 step=495.16us (0.27s)
[304/588] ok exp3_roundtrip/s1_ub_rg_b256_z0.7_ep64_sd1_sk4 step=829.00us (0.35s)
[305/588] ok exp3_roundtrip/s1_ub_rg_pop_b256_z0.7_ep32_sd1_sk4 step=495.76us (0.27s)
[306/588] ok exp3_roundtrip/s1_ub_rg_b256_z0.7_ep128_sd1_sk4 step=1355.97us (0.65s)
[307/588] ok exp3_roundtrip/s1_ub_rg_pop_b256_z0.7_ep64_sd1_sk4 step=829.60us (0.43s)
[308/588] ok exp3_roundtrip/s1_ub_rg_pop_b256_z0.7_ep128_sd1_sk4 step=1356.57us (0.77s)
[309/588] ok exp3_roundtrip/s1_islip_b256_z0.9_ep32_sd1_sk4 step=564.96us (0.71s)
[310/588] ok exp3_roundtrip/s1_islip_b256_z0.7_ep64_sd1_sk4 step=825.35us (5.30s)
[311/588] ok exp3_roundtrip/s1_packet_spray_b256_z0.9_ep32_sd1_sk4 step=630.25us (0.19s)
[312/588] ok exp3_roundtrip/s1_packet_spray_b256_z0.9_ep64_sd1_sk4 step=1102.73us (0.38s)
[313/588] ok exp3_roundtrip/s1_packet_spray_b256_z0.9_ep128_sd1_sk4 step=1945.65us (0.57s)
[314/588] ok exp3_roundtrip/s1_ub_rg_b256_z0.9_ep32_sd1_sk4 step=565.99us (0.26s)
[315/588] ok exp3_roundtrip/s1_ub_rg_b256_z0.9_ep64_sd1_sk4 step=1027.18us (0.39s)
[316/588] ok exp3_roundtrip/s1_ub_rg_b256_z0.9_ep128_sd1_sk4 step=1868.13us (0.66s)
[317/588] ok exp3_roundtrip/s1_ub_rg_pop_b256_z0.9_ep32_sd1_sk4 step=566.59us (0.22s)
[318/588] ok exp3_roundtrip/s1_ub_rg_pop_b256_z0.9_ep64_sd1_sk4 step=1027.78us (0.44s)
[319/588] ok exp3_roundtrip/s1_ub_rg_pop_b256_z0.9_ep128_sd1_sk4 step=1868.73us (0.77s)
[320/588] ok exp3_roundtrip/s1_islip_b256_z0.9_ep64_sd1_sk4 step=1032.85us (9.55s)
[321/588] ok exp1_dispatch/s1_packet_spray_b256_z0_ep0_sd1_sk8 step=88.33us (0.32s)
[322/588] ok exp3_roundtrip/s1_islip_b256_z0.3_ep128_sd1_sk4 step=462.74us (17.72s)
[323/588] ok exp1_dispatch/s1_ub_rg_b256_z0_ep0_sd1_sk8 step=52.26us (0.41s)
[324/588] ok exp1_dispatch/s1_ub_rg_pop_b256_z0_ep0_sd1_sk8 step=52.56us (0.42s)
[325/588] ok exp1_dispatch/s1_packet_spray_b256_z0.3_ep0_sd1_sk8 step=158.86us (0.29s)
[326/588] ok exp1_dispatch/s1_ub_rg_b256_z0.3_ep0_sd1_sk8 step=120.08us (0.42s)
[327/588] ok exp1_dispatch/s1_ub_rg_pop_b256_z0.3_ep0_sd1_sk8 step=120.38us (0.43s)
[328/588] ok exp1_dispatch/s1_islip_b256_z0_ep0_sd1_sk8 step=60.29us (4.57s)
[329/588] ok exp1_dispatch/s1_packet_spray_b256_z0.7_ep0_sd1_sk8 step=370.44us (0.37s)
[330/588] ok exp1_dispatch/s1_ub_rg_b256_z0.7_ep0_sd1_sk8 step=334.24us (0.46s)
[331/588] ok exp1_dispatch/s1_ub_rg_pop_b256_z0.7_ep0_sd1_sk8 step=334.54us (0.56s)
[332/588] ok exp2_combine/s1_islip_b256_z0.7_ep0_sd1_sk4 step=321.64us (39.22s)
[333/588] ok exp1_dispatch/s1_packet_spray_b256_z0.9_ep0_sd1_sk8 step=497.28us (0.33s)
[334/588] ok exp1_dispatch/s1_ub_rg_b256_z0.9_ep0_sd1_sk8 step=455.01us (0.44s)
[335/588] ok exp1_dispatch/s1_ub_rg_pop_b256_z0.9_ep0_sd1_sk8 step=455.31us (0.47s)
[336/588] ok exp1_dispatch/s1_islip_b256_z0.9_ep0_sd1_sk4 step=460.84us (53.90s)
[337/588] ok exp1_dispatch/s1_islip_b256_z0.3_ep0_sd1_sk8 step=117.21us (8.91s)
[338/588] ok exp2_combine/s1_packet_spray_b256_z0_ep0_sd1_sk8 step=82.86us (0.52s)
[339/588] ok exp2_combine/s1_ub_rg_b256_z0_ep0_sd1_sk8 step=50.64us (0.43s)
[340/588] ok exp2_combine/s1_ub_rg_pop_b256_z0_ep0_sd1_sk8 step=50.94us (0.57s)
[341/588] ok exp2_combine/s1_islip_b256_z0_ep0_sd1_sk8 step=58.57us (4.44s)
[342/588] ok exp2_combine/s1_packet_spray_b256_z0.3_ep0_sd1_sk8 step=151.53us (0.57s)
[343/588] ok exp2_combine/s1_ub_rg_b256_z0.3_ep0_sd1_sk8 step=119.85us (0.44s)
[344/588] ok exp3_roundtrip/s1_islip_b256_z0.7_ep128_sd1_sk2 step=1348.13us (68.92s)
[345/588] ok exp2_combine/s1_ub_rg_pop_b256_z0.3_ep0_sd1_sk8 step=120.15us (0.55s)
[346/588] ok exp2_combine/s1_packet_spray_b256_z0.7_ep0_sd1_sk8 step=360.41us (0.52s)
[347/588] ok exp2_combine/s1_ub_rg_b256_z0.7_ep0_sd1_sk8 step=333.67us (0.46s)
[348/588] ok exp2_combine/s1_ub_rg_pop_b256_z0.7_ep0_sd1_sk8 step=333.97us (0.51s)
[349/588] ok exp2_combine/s1_packet_spray_b256_z0.9_ep0_sd1_sk8 step=484.84us (0.51s)
[350/588] ok exp2_combine/s1_ub_rg_b256_z0.9_ep0_sd1_sk8 step=452.78us (0.49s)
[351/588] ok exp2_combine/s1_ub_rg_pop_b256_z0.9_ep0_sd1_sk8 step=453.08us (0.47s)
[352/588] ok exp3_roundtrip/s1_islip_b256_z0_ep32_sd1_sk8 step=188.79us (0.38s)
[353/588] ok exp3_roundtrip/s1_islip_b256_z0_ep64_sd1_sk8 step=195.24us (2.09s)
[354/588] ok exp2_combine/s1_islip_b256_z0.3_ep0_sd1_sk8 step=113.62us (9.49s)
[355/588] ok exp3_roundtrip/s1_packet_spray_b256_z0_ep32_sd1_sk8 step=248.42us (0.26s)
[356/588] ok exp2_combine/s1_islip_b256_z0.9_ep0_sd1_sk4 step=446.79us (49.47s)
[357/588] ok exp3_roundtrip/s1_packet_spray_b256_z0_ep64_sd1_sk8 step=250.61us (0.40s)
[358/588] ok exp3_roundtrip/s1_ub_rg_b256_z0_ep32_sd1_sk8 step=183.89us (0.27s)
[359/588] ok exp3_roundtrip/s1_packet_spray_b256_z0_ep128_sd1_sk8 step=255.21us (0.54s)
[360/588] ok exp3_roundtrip/s1_ub_rg_b256_z0_ep64_sd1_sk8 step=184.75us (0.40s)
[361/588] ok exp3_roundtrip/s1_ub_rg_pop_b256_z0_ep32_sd1_sk8 step=184.49us (0.22s)
[362/588] ok exp3_roundtrip/s1_ub_rg_b256_z0_ep128_sd1_sk8 step=186.92us (0.69s)
[363/588] ok exp3_roundtrip/s1_ub_rg_pop_b256_z0_ep64_sd1_sk8 step=185.35us (0.40s)
[364/588] ok exp3_roundtrip/s1_islip_b256_z0.3_ep32_sd1_sk8 step=295.69us (0.31s)
[365/588] ok exp3_roundtrip/s1_ub_rg_pop_b256_z0_ep128_sd1_sk8 step=187.52us (0.70s)
[366/588] ok exp3_roundtrip/s1_islip_b256_z0.3_ep64_sd1_sk8 step=371.69us (2.53s)
[367/588] ok exp3_roundtrip/s1_packet_spray_b256_z0.3_ep32_sd1_sk8 step=369.64us (0.20s)
[368/588] ok exp3_roundtrip/s1_packet_spray_b256_z0.3_ep64_sd1_sk8 step=447.95us (0.37s)
[369/588] ok exp3_roundtrip/s1_islip_b256_z0_ep128_sd1_sk8 step=202.89us (8.65s)
[370/588] ok exp3_roundtrip/s1_ub_rg_b256_z0.3_ep32_sd1_sk8 step=305.14us (0.25s)
[371/588] ok exp3_roundtrip/s1_packet_spray_b256_z0.3_ep128_sd1_sk8 step=544.88us (0.58s)
[372/588] ok exp3_roundtrip/s1_ub_rg_b256_z0.3_ep64_sd1_sk8 step=386.45us (0.41s)
[373/588] ok exp3_roundtrip/s1_ub_rg_pop_b256_z0.3_ep32_sd1_sk8 step=305.74us (0.21s)
[374/588] ok exp3_roundtrip/s1_ub_rg_b256_z0.3_ep128_sd1_sk8 step=474.43us (0.71s)
[375/588] ok exp3_roundtrip/s1_ub_rg_pop_b256_z0.3_ep64_sd1_sk8 step=387.05us (0.40s)
[376/588] ok exp3_roundtrip/s1_islip_b256_z0.7_ep32_sd1_sk8 step=492.64us (0.46s)
[377/588] ok exp3_roundtrip/s1_ub_rg_pop_b256_z0.3_ep128_sd1_sk8 step=475.03us (0.82s)
[378/588] ok exp1_dispatch/s1_islip_b256_z0.7_ep0_sd1_sk8 step=334.11us (30.52s)
[379/588] ok exp3_roundtrip/s1_packet_spray_b256_z0.7_ep32_sd1_sk8 step=563.83us (0.26s)
[380/588] ok exp3_roundtrip/s1_packet_spray_b256_z0.7_ep64_sd1_sk8 step=899.85us (0.34s)
[381/588] ok exp3_roundtrip/s1_islip_b256_z0.7_ep64_sd1_sk8 step=828.08us (6.86s)
[382/588] ok exp3_roundtrip/s1_packet_spray_b256_z0.7_ep128_sd1_sk8 step=1424.52us (0.59s)
[383/588] ok exp3_roundtrip/s1_ub_rg_b256_z0.7_ep32_sd1_sk8 step=500.35us (0.24s)
[384/588] ok exp3_roundtrip/s1_ub_rg_b256_z0.7_ep64_sd1_sk8 step=834.79us (0.40s)
[385/588] ok exp3_roundtrip/s1_ub_rg_pop_b256_z0.7_ep32_sd1_sk8 step=500.95us (0.28s)
[386/588] ok exp3_roundtrip/s1_ub_rg_b256_z0.7_ep128_sd1_sk8 step=1361.58us (0.75s)
[387/588] ok exp3_roundtrip/s1_ub_rg_pop_b256_z0.7_ep64_sd1_sk8 step=835.39us (0.42s)
[388/588] ok exp3_roundtrip/s1_islip_b256_z0.9_ep32_sd1_sk8 step=567.69us (0.55s)
[389/588] ok exp3_roundtrip/s1_ub_rg_pop_b256_z0.7_ep128_sd1_sk8 step=1362.18us (0.84s)
[390/588] ok exp3_roundtrip/s1_islip_b256_z0.3_ep128_sd1_sk8 step=465.32us (19.19s)
[391/588] ok exp3_roundtrip/s1_packet_spray_b256_z0.9_ep32_sd1_sk8 step=633.29us (0.22s)
[392/588] ok exp3_roundtrip/s1_packet_spray_b256_z0.9_ep64_sd1_sk8 step=1105.77us (0.35s)
[393/588] ok exp3_roundtrip/s1_packet_spray_b256_z0.9_ep128_sd1_sk8 step=1948.69us (0.56s)
[394/588] ok exp3_roundtrip/s1_ub_rg_b256_z0.9_ep32_sd1_sk8 step=571.84us (0.23s)
[395/588] ok exp3_roundtrip/s1_ub_rg_b256_z0.9_ep64_sd1_sk8 step=1033.03us (0.39s)
[396/588] ok exp3_roundtrip/s1_ub_rg_b256_z0.9_ep128_sd1_sk8 step=1874.35us (0.75s)
[397/588] ok exp3_roundtrip/s1_islip_b256_z0.9_ep64_sd1_sk8 step=1035.58us (8.63s)
[398/588] ok exp3_roundtrip/s1_ub_rg_pop_b256_z0.9_ep32_sd1_sk8 step=572.44us (0.24s)
[399/588] ok exp3_roundtrip/s1_ub_rg_pop_b256_z0.9_ep64_sd1_sk8 step=1033.63us (0.46s)
[400/588] ok exp3_roundtrip/s1_ub_rg_pop_b256_z0.9_ep128_sd1_sk8 step=1874.95us (0.72s)
[401/588] ok exp2_combine/s1_islip_b256_z0.7_ep0_sd1_sk8 step=324.22us (34.68s)
[402/588] ok exp1_dispatch/s4_packet_spray_b256_z0_ep0_sd1_sk2 step=89.56us (1.77s)
[403/588] ok exp1_dispatch/s4_ub_rg_b256_z0_ep0_sd1_sk2 step=59.73us (2.29s)
[404/588] ok exp3_roundtrip/s1_islip_b256_z0.9_ep128_sd1_sk2 step=1872.91us (101.01s)
[405/588] ok exp1_dispatch/s4_packet_spray_b256_z0.3_ep0_sd1_sk2 step=215.76us (1.55s)
[406/588] ok exp1_dispatch/s1_islip_b256_z0.9_ep0_sd1_sk8 step=460.84us (44.37s)
[407/588] ok exp1_dispatch/s4_ub_rg_pop_b256_z0_ep0_sd1_sk2 step=60.13us (2.10s)
[408/588] ok exp1_dispatch/s4_ub_rg_b256_z0.3_ep0_sd1_sk2 step=196.73us (1.79s)
[409/588] ok exp1_dispatch/s4_packet_spray_b256_z0.7_ep0_sd1_sk2 step=887.55us (1.33s)
[410/588] ok exp1_dispatch/s4_ub_rg_pop_b256_z0.3_ep0_sd1_sk2 step=197.13us (2.11s)
[411/588] ok exp1_dispatch/s4_ub_rg_b256_z0.7_ep0_sd1_sk2 step=941.32us (1.88s)
[412/588] ok exp1_dispatch/s4_ub_rg_pop_b256_z0.7_ep0_sd1_sk2 step=941.72us (1.90s)
[413/588] ok exp1_dispatch/s4_packet_spray_b256_z0.9_ep0_sd1_sk2 step=1499.94us (1.37s)
[414/588] ok exp3_roundtrip/s1_islip_b256_z0.7_ep128_sd1_sk4 step=1349.42us (62.24s)
[415/588] ok exp1_dispatch/s4_ub_rg_b256_z0.9_ep0_sd1_sk2 step=1617.26us (1.80s)
[416/588] ok exp2_combine/s1_islip_b256_z0.9_ep0_sd1_sk8 step=449.37us (39.29s)
[417/588] ok exp1_dispatch/s4_ub_rg_pop_b256_z0.9_ep0_sd1_sk2 step=1617.66us (1.93s)
[418/588] ok exp2_combine/s4_packet_spray_b256_z0_ep0_sd1_sk2 step=86.49us (2.07s)
[419/588] ok exp2_combine/s4_ub_rg_b256_z0_ep0_sd1_sk2 step=53.63us (1.94s)
[420/588] ok exp2_combine/s4_ub_rg_pop_b256_z0_ep0_sd1_sk2 step=54.03us (2.19s)
[421/588] ok exp2_combine/s4_packet_spray_b256_z0.3_ep0_sd1_sk2 step=227.01us (1.90s)
[422/588] ok exp2_combine/s4_ub_rg_b256_z0.3_ep0_sd1_sk2 step=196.14us (1.74s)
[423/588] ok exp2_combine/s4_ub_rg_b256_z0.7_ep0_sd1_sk2 step=941.33us (1.68s)
[424/588] ok exp2_combine/s4_packet_spray_b256_z0.7_ep0_sd1_sk2 step=973.77us (1.93s)
[425/588] ok exp2_combine/s4_ub_rg_pop_b256_z0.3_ep0_sd1_sk2 step=196.54us (2.17s)
[426/588] ok exp3_roundtrip/s4_packet_spray_b256_z0_ep128_sd1_sk2 step=251.90us (0.49s)
[427/588] ok exp2_combine/s4_ub_rg_pop_b256_z0.7_ep0_sd1_sk2 step=941.73us (2.01s)
[428/588] ok exp2_combine/s4_packet_spray_b256_z0.9_ep0_sd1_sk2 step=1643.84us (1.83s)
[429/588] ok exp2_combine/s4_ub_rg_b256_z0.9_ep0_sd1_sk2 step=1616.70us (1.85s)
[430/588] ok exp3_roundtrip/s4_packet_spray_b256_z0_ep256_sd1_sk2 step=255.54us (0.94s)
[431/588] ok exp2_combine/s4_ub_rg_pop_b256_z0.9_ep0_sd1_sk2 step=1617.10us (1.83s)
[432/588] ok exp3_roundtrip/s4_ub_rg_b256_z0_ep128_sd1_sk2 step=184.91us (0.57s)
[433/588] ok exp3_roundtrip/s4_ub_rg_pop_b256_z0_ep128_sd1_sk2 step=185.71us (0.56s)
[434/588] ok exp3_roundtrip/s4_packet_spray_b256_z0.3_ep128_sd1_sk2 step=549.82us (0.40s)
[435/588] ok exp3_roundtrip/s4_ub_rg_b256_z0_ep256_sd1_sk2 step=188.19us (1.05s)
[436/588] ok exp3_roundtrip/s4_ub_rg_pop_b256_z0_ep256_sd1_sk2 step=188.99us (1.23s)
[437/588] ok exp3_roundtrip/s4_ub_rg_b256_z0.3_ep128_sd1_sk2 step=473.87us (0.50s)
[438/588] ok exp3_roundtrip/s4_packet_spray_b256_z0.3_ep256_sd1_sk2 step=665.88us (0.84s)
[439/588] ok exp3_roundtrip/s4_packet_spray_b256_z0_ep512_sd1_sk2 step=262.74us (2.43s)
[440/588] ok exp3_roundtrip/s4_ub_rg_pop_b256_z0.3_ep128_sd1_sk2 step=474.67us (0.52s)
[441/588] ok exp3_roundtrip/s4_ub_rg_b256_z0_ep512_sd1_sk2 step=200.03us (2.50s)
[442/588] ok exp3_roundtrip/s4_ub_rg_b256_z0.3_ep256_sd1_sk2 step=603.13us (1.11s)
[443/588] ok exp3_roundtrip/s4_packet_spray_b256_z0.3_ep512_sd1_sk2 step=808.39us (2.04s)
[444/588] ok exp3_roundtrip/s4_packet_spray_b256_z0.7_ep128_sd1_sk2 step=1447.78us (0.43s)
[445/588] ok exp3_roundtrip/s4_ub_rg_pop_b256_z0.3_ep256_sd1_sk2 step=603.93us (1.30s)
[446/588] ok exp3_roundtrip/s4_ub_rg_pop_b256_z0_ep512_sd1_sk2 step=200.83us (3.13s)
[447/588] ok exp3_roundtrip/s4_packet_spray_b256_z0.7_ep256_sd1_sk2 step=2298.77us (0.91s)
[448/588] ok exp3_roundtrip/s4_ub_rg_b256_z0.7_ep128_sd1_sk2 step=1370.86us (0.57s)
[449/588] ok exp3_roundtrip/s4_ub_rg_pop_b256_z0.7_ep128_sd1_sk2 step=1371.66us (0.51s)
[450/588] ok exp3_roundtrip/s4_ub_rg_b256_z0.3_ep512_sd1_sk2 step=758.50us (2.51s)
[451/588] ok exp3_roundtrip/s4_ub_rg_b256_z0.7_ep256_sd1_sk2 step=2263.34us (1.08s)
[452/588] ok exp3_roundtrip/s4_packet_spray_b256_z0.9_ep128_sd1_sk2 step=1983.74us (0.43s)
[453/588] ok exp3_roundtrip/s4_packet_spray_b256_z0.7_ep512_sd1_sk2 step=3707.18us (1.88s)
[454/588] ok exp3_roundtrip/s4_ub_rg_pop_b256_z0.7_ep256_sd1_sk2 step=2264.14us (1.21s)
[455/588] ok exp3_roundtrip/s4_ub_rg_pop_b256_z0.3_ep512_sd1_sk2 step=759.30us (2.88s)
[456/588] ok exp3_roundtrip/s4_packet_spray_b256_z0.9_ep256_sd1_sk2 step=3513.67us (0.90s)
[457/588] ok exp3_roundtrip/s4_ub_rg_b256_z0.9_ep128_sd1_sk2 step=1906.53us (0.58s)
[458/588] ok exp3_roundtrip/s4_ub_rg_b256_z0.7_ep512_sd1_sk2 step=3728.51us (2.33s)
[459/588] ok exp3_roundtrip/s4_ub_rg_b256_z0.9_ep256_sd1_sk2 step=3488.34us (1.08s)
[460/588] ok exp3_roundtrip/s4_ub_rg_pop_b256_z0.9_ep128_sd1_sk2 step=1907.33us (0.67s)
[461/588] ok exp3_roundtrip/s4_packet_spray_b256_z0.9_ep512_sd1_sk2 step=6309.48us (1.95s)
[462/588] ok exp3_roundtrip/s4_ub_rg_pop_b256_z0.9_ep256_sd1_sk2 step=3489.14us (1.28s)
[463/588] ok exp3_roundtrip/s4_ub_rg_pop_b256_z0.7_ep512_sd1_sk2 step=3729.31us (2.71s)
[464/588] ok exp3_roundtrip/s4_ub_rg_b256_z0.9_ep512_sd1_sk2 step=6399.66us (2.23s)
[465/588] ok exp1_dispatch/s4_packet_spray_b256_z0_ep0_sd1_sk4 step=90.72us (1.43s)
[466/588] ok exp1_dispatch/s4_ub_rg_b256_z0_ep0_sd1_sk4 step=61.24us (1.84s)
[467/588] ok exp1_dispatch/s4_packet_spray_b256_z0.3_ep0_sd1_sk4 step=217.39us (1.37s)
[468/588] ok exp3_roundtrip/s4_ub_rg_pop_b256_z0.9_ep512_sd1_sk2 step=6400.46us (2.41s)
[469/588] ok exp1_dispatch/s4_ub_rg_pop_b256_z0_ep0_sd1_sk4 step=61.64us (2.16s)
[470/588] ok exp1_dispatch/s4_packet_spray_b256_z0.7_ep0_sd1_sk4 step=889.17us (1.33s)
[471/588] ok exp1_dispatch/s4_ub_rg_b256_z0.3_ep0_sd1_sk4 step=198.60us (1.98s)
[472/588] ok exp3_roundtrip/s1_islip_b256_z0.9_ep128_sd1_sk4 step=1874.20us (72.17s)
[473/588] ok exp1_dispatch/s4_ub_rg_pop_b256_z0.3_ep0_sd1_sk4 step=199.00us (1.84s)
[474/588] ok exp1_dispatch/s4_ub_rg_b256_z0.7_ep0_sd1_sk4 step=943.16us (1.58s)
[475/588] ok exp1_dispatch/s4_packet_spray_b256_z0.9_ep0_sd1_sk4 step=1501.10us (1.22s)
[476/588] ok exp1_dispatch/s4_ub_rg_pop_b256_z0.7_ep0_sd1_sk4 step=943.56us (1.61s)
[477/588] ok exp1_dispatch/s4_ub_rg_b256_z0.9_ep0_sd1_sk4 step=1619.11us (1.45s)
[478/588] ok exp1_dispatch/s4_ub_rg_pop_b256_z0.9_ep0_sd1_sk4 step=1619.51us (1.58s)
[479/588] ok exp2_combine/s4_packet_spray_b256_z0_ep0_sd1_sk4 step=88.17us (1.93s)
[480/588] ok exp2_combine/s4_ub_rg_b256_z0_ep0_sd1_sk4 step=55.10us (1.87s)
[481/588] ok exp2_combine/s4_packet_spray_b256_z0.3_ep0_sd1_sk4 step=228.27us (1.68s)
[482/588] ok exp2_combine/s4_ub_rg_pop_b256_z0_ep0_sd1_sk4 step=55.50us (2.08s)
[483/588] ok exp2_combine/s4_ub_rg_pop_b256_z0.3_ep0_sd1_sk4 step=197.65us (1.85s)
[484/588] ok exp2_combine/s4_ub_rg_b256_z0.3_ep0_sd1_sk4 step=197.25us (2.00s)
[485/588] ok exp3_roundtrip/s4_packet_spray_b256_z0_ep128_sd1_sk4 step=254.73us (0.42s)
[486/588] ok exp2_combine/s4_ub_rg_b256_z0.7_ep0_sd1_sk4 step=942.59us (1.61s)
[487/588] ok exp2_combine/s4_packet_spray_b256_z0.7_ep0_sd1_sk4 step=975.04us (1.85s)
[488/588] ok exp3_roundtrip/s4_packet_spray_b256_z0_ep256_sd1_sk4 step=258.43us (0.84s)
[489/588] ok exp3_roundtrip/s4_ub_rg_b256_z0_ep128_sd1_sk4 step=187.74us (0.48s)
[490/588] ok exp2_combine/s4_packet_spray_b256_z0.9_ep0_sd1_sk4 step=1645.10us (1.62s)
[491/588] ok exp2_combine/s4_ub_rg_pop_b256_z0.7_ep0_sd1_sk4 step=942.99us (1.98s)
[492/588] ok exp2_combine/s4_ub_rg_b256_z0.9_ep0_sd1_sk4 step=1617.96us (1.76s)
[493/588] ok exp3_roundtrip/s4_ub_rg_pop_b256_z0_ep128_sd1_sk4 step=188.54us (0.46s)
[494/588] ok exp3_roundtrip/s4_ub_rg_b256_z0_ep256_sd1_sk4 step=190.56us (0.95s)
[495/588] ok exp2_combine/s4_ub_rg_pop_b256_z0.9_ep0_sd1_sk4 step=1618.36us (1.88s)
[496/588] ok exp3_roundtrip/s4_packet_spray_b256_z0.3_ep128_sd1_sk4 step=552.71us (0.46s)
[497/588] ok exp3_roundtrip/s4_ub_rg_pop_b256_z0_ep256_sd1_sk4 step=191.36us (1.16s)
[498/588] ok exp3_roundtrip/s4_ub_rg_b256_z0.3_ep128_sd1_sk4 step=476.69us (0.61s)
[499/588] ok exp3_roundtrip/s4_packet_spray_b256_z0.3_ep256_sd1_sk4 step=668.78us (0.86s)
[500/588] ok exp3_roundtrip/s1_islip_b256_z0.7_ep128_sd1_sk8 step=1352.00us (40.64s)
[501/588] ok exp3_roundtrip/s4_packet_spray_b256_z0_ep512_sd1_sk4 step=265.57us (2.08s)
[502/588] ok exp3_roundtrip/s4_ub_rg_pop_b256_z0.3_ep128_sd1_sk4 step=477.49us (0.54s)
[503/588] ok exp3_roundtrip/s4_packet_spray_b256_z0.7_ep128_sd1_sk4 step=1450.20us (0.40s)
[504/588] ok exp3_roundtrip/s4_ub_rg_b256_z0.3_ep256_sd1_sk4 step=605.91us (1.12s)
[505/588] ok exp3_roundtrip/s4_ub_rg_pop_b256_z0.3_ep256_sd1_sk4 step=606.71us (1.08s)
[506/588] ok exp3_roundtrip/s4_ub_rg_b256_z0_ep512_sd1_sk4 step=203.01us (2.46s)
[507/588] ok exp3_roundtrip/s4_packet_spray_b256_z0.3_ep512_sd1_sk4 step=811.29us (1.99s)
[508/588] ok exp3_roundtrip/s4_ub_rg_b256_z0.7_ep128_sd1_sk4 step=1373.82us (0.53s)
[509/588] ok exp3_roundtrip/s4_packet_spray_b256_z0.7_ep256_sd1_sk4 step=2301.66us (0.85s)
[510/588] ok exp3_roundtrip/s4_ub_rg_pop_b256_z0_ep512_sd1_sk4 step=203.81us (2.59s)
[511/588] ok exp3_roundtrip/s4_ub_rg_pop_b256_z0.7_ep128_sd1_sk4 step=1374.62us (0.45s)
[512/588] ok exp3_roundtrip/s4_packet_spray_b256_z0.9_ep128_sd1_sk4 step=1986.16us (0.46s)
[513/588] ok exp3_roundtrip/s4_ub_rg_b256_z0.3_ep512_sd1_sk4 step=761.48us (2.27s)
[514/588] ok exp3_roundtrip/s4_ub_rg_b256_z0.7_ep256_sd1_sk4 step=2265.94us (1.10s)
[515/588] ok exp3_roundtrip/s4_ub_rg_pop_b256_z0.7_ep256_sd1_sk4 step=2266.74us (1.00s)
[516/588] ok exp3_roundtrip/s4_packet_spray_b256_z0.9_ep256_sd1_sk4 step=3516.09us (0.77s)
[517/588] ok exp3_roundtrip/s4_packet_spray_b256_z0.7_ep512_sd1_sk4 step=3710.07us (1.79s)
[518/588] ok exp3_roundtrip/s4_ub_rg_b256_z0.9_ep128_sd1_sk4 step=1908.96us (0.42s)
[519/588] ok exp3_roundtrip/s4_ub_rg_pop_b256_z0.3_ep512_sd1_sk4 step=762.28us (2.62s)
[520/588] ok exp3_roundtrip/s4_ub_rg_pop_b256_z0.9_ep128_sd1_sk4 step=1909.76us (0.51s)
[521/588] ok exp3_roundtrip/s4_ub_rg_b256_z0.9_ep256_sd1_sk4 step=3491.23us (0.90s)
[522/588] ok exp3_roundtrip/s4_ub_rg_pop_b256_z0.9_ep256_sd1_sk4 step=3492.03us (0.91s)
[523/588] ok exp3_roundtrip/s4_ub_rg_b256_z0.7_ep512_sd1_sk4 step=3731.62us (2.39s)
[524/588] ok exp3_roundtrip/s4_packet_spray_b256_z0.9_ep512_sd1_sk4 step=6311.90us (1.73s)
[525/588] ok exp3_roundtrip/s4_ub_rg_pop_b256_z0.7_ep512_sd1_sk4 step=3732.42us (2.62s)
[526/588] ok exp1_dispatch/s4_packet_spray_b256_z0_ep0_sd1_sk8 step=93.04us (1.42s)
[527/588] ok exp3_roundtrip/s4_ub_rg_b256_z0.9_ep512_sd1_sk4 step=6402.77us (2.19s)
[528/588] ok exp1_dispatch/s4_ub_rg_b256_z0_ep0_sd1_sk8 step=64.28us (1.75s)
[529/588] ok exp1_dispatch/s4_packet_spray_b256_z0.3_ep0_sd1_sk8 step=220.64us (1.41s)
[530/588] ok exp3_roundtrip/s4_ub_rg_pop_b256_z0.9_ep512_sd1_sk4 step=6403.57us (2.20s)
[531/588] ok exp1_dispatch/s4_ub_rg_pop_b256_z0_ep0_sd1_sk8 step=64.68us (1.97s)
[532/588] ok exp1_dispatch/s4_packet_spray_b256_z0.7_ep0_sd1_sk8 step=892.43us (1.25s)
[533/588] ok exp1_dispatch/s4_ub_rg_b256_z0.3_ep0_sd1_sk8 step=202.33us (1.94s)
[534/588] ok exp1_dispatch/s4_ub_rg_b256_z0.7_ep0_sd1_sk8 step=946.85us (1.62s)
[535/588] ok exp1_dispatch/s4_ub_rg_pop_b256_z0.3_ep0_sd1_sk8 step=202.73us (2.00s)
[536/588] ok exp1_dispatch/s4_packet_spray_b256_z0.9_ep0_sd1_sk8 step=1503.41us (1.15s)
[537/588] ok exp1_dispatch/s4_ub_rg_b256_z0.9_ep0_sd1_sk8 step=1622.79us (1.47s)
[538/588] ok exp1_dispatch/s4_ub_rg_pop_b256_z0.7_ep0_sd1_sk8 step=947.25us (1.81s)
[539/588] ok exp1_dispatch/s4_ub_rg_pop_b256_z0.9_ep0_sd1_sk8 step=1623.19us (1.83s)
[540/588] ok exp2_combine/s4_packet_spray_b256_z0_ep0_sd1_sk8 step=91.51us (1.66s)
[541/588] ok exp2_combine/s4_ub_rg_b256_z0_ep0_sd1_sk8 step=57.90us (1.71s)
[542/588] ok exp2_combine/s4_packet_spray_b256_z0.3_ep0_sd1_sk8 step=230.81us (1.61s)
[543/588] ok exp2_combine/s4_ub_rg_pop_b256_z0_ep0_sd1_sk8 step=58.30us (2.21s)
[544/588] ok exp2_combine/s4_ub_rg_b256_z0.3_ep0_sd1_sk8 step=199.88us (1.98s)
[545/588] ok exp2_combine/s4_ub_rg_pop_b256_z0.3_ep0_sd1_sk8 step=200.28us (2.12s)
[546/588] ok exp3_roundtrip/s4_packet_spray_b256_z0_ep128_sd1_sk8 step=260.38us (0.40s)
[547/588] ok exp2_combine/s4_ub_rg_b256_z0.7_ep0_sd1_sk8 step=945.12us (1.86s)
[548/588] ok exp2_combine/s4_packet_spray_b256_z0.7_ep0_sd1_sk8 step=977.57us (1.88s)
[549/588] ok exp2_combine/s4_packet_spray_b256_z0.9_ep0_sd1_sk8 step=1647.63us (1.56s)
[550/588] ok exp2_combine/s4_ub_rg_pop_b256_z0.7_ep0_sd1_sk8 step=945.52us (1.75s)
[551/588] ok exp3_roundtrip/s4_ub_rg_b256_z0_ep128_sd1_sk8 step=195.17us (0.45s)
[552/588] ok exp3_roundtrip/s4_packet_spray_b256_z0_ep256_sd1_sk8 step=264.22us (0.76s)
[553/588] ok exp2_combine/s4_ub_rg_b256_z0.9_ep0_sd1_sk8 step=1620.49us (1.62s)
[554/588] ok exp3_roundtrip/s4_ub_rg_pop_b256_z0_ep128_sd1_sk8 step=195.97us (0.45s)
[555/588] ok exp3_roundtrip/s4_packet_spray_b256_z0.3_ep128_sd1_sk8 step=558.49us (0.34s)
[556/588] ok exp2_combine/s4_ub_rg_pop_b256_z0.9_ep0_sd1_sk8 step=1620.89us (1.92s)
[557/588] ok exp3_roundtrip/s4_ub_rg_b256_z0_ep256_sd1_sk8 step=197.30us (1.08s)
[558/588] ok exp3_roundtrip/s4_ub_rg_b256_z0.3_ep128_sd1_sk8 step=482.34us (0.44s)
[559/588] ok exp3_roundtrip/s4_packet_spray_b256_z0.3_ep256_sd1_sk8 step=674.56us (0.75s)
[560/588] ok exp3_roundtrip/s1_islip_b256_z0.9_ep128_sd1_sk8 step=1876.78us (41.54s)
[561/588] ok exp3_roundtrip/s4_ub_rg_pop_b256_z0_ep256_sd1_sk8 step=198.10us (1.15s)
[562/588] ok exp3_roundtrip/s4_ub_rg_pop_b256_z0.3_ep128_sd1_sk8 step=483.14us (0.46s)
[563/588] ok exp3_roundtrip/s4_packet_spray_b256_z0.7_ep128_sd1_sk8 step=1455.05us (0.44s)
[564/588] ok exp3_roundtrip/s4_packet_spray_b256_z0_ep512_sd1_sk8 step=271.23us (2.12s)
[565/588] ok exp3_roundtrip/s4_ub_rg_b256_z0.3_ep256_sd1_sk8 step=611.52us (0.96s)
[566/588] ok exp3_roundtrip/s4_ub_rg_pop_b256_z0.3_ep256_sd1_sk8 step=612.32us (1.00s)
[567/588] ok exp3_roundtrip/s4_packet_spray_b256_z0.7_ep256_sd1_sk8 step=2307.45us (0.80s)
[568/588] ok exp3_roundtrip/s4_ub_rg_b256_z0.7_ep128_sd1_sk8 step=1379.77us (0.53s)
[569/588] ok exp3_roundtrip/s4_packet_spray_b256_z0.3_ep512_sd1_sk8 step=817.07us (1.86s)
[570/588] ok exp3_roundtrip/s4_ub_rg_b256_z0_ep512_sd1_sk8 step=208.86us (2.53s)
[571/588] ok exp3_roundtrip/s4_ub_rg_pop_b256_z0_ep512_sd1_sk8 step=209.66us (2.42s)
[572/588] ok exp3_roundtrip/s4_packet_spray_b256_z0.9_ep128_sd1_sk8 step=1991.01us (0.32s)
[573/588] ok exp3_roundtrip/s4_ub_rg_pop_b256_z0.7_ep128_sd1_sk8 step=1380.57us (0.54s)
[574/588] ok exp3_roundtrip/s4_ub_rg_b256_z0.7_ep256_sd1_sk8 step=2271.13us (1.03s)
[575/588] ok exp3_roundtrip/s4_ub_rg_b256_z0.3_ep512_sd1_sk8 step=767.84us (2.16s)
[576/588] ok exp3_roundtrip/s4_ub_rg_b256_z0.9_ep128_sd1_sk8 step=1913.80us (0.51s)
[577/588] ok exp3_roundtrip/s4_packet_spray_b256_z0.9_ep256_sd1_sk8 step=3520.94us (0.72s)
[578/588] ok exp3_roundtrip/s4_ub_rg_pop_b256_z0.7_ep256_sd1_sk8 step=2271.93us (1.10s)
[579/588] ok exp3_roundtrip/s4_packet_spray_b256_z0.7_ep512_sd1_sk8 step=3715.85us (1.82s)
[580/588] ok exp3_roundtrip/s4_ub_rg_pop_b256_z0.3_ep512_sd1_sk8 step=768.64us (2.66s)
[581/588] ok exp3_roundtrip/s4_ub_rg_pop_b256_z0.9_ep128_sd1_sk8 step=1914.60us (0.41s)
[582/588] ok exp3_roundtrip/s4_ub_rg_b256_z0.9_ep256_sd1_sk8 step=3497.02us (0.95s)
[583/588] ok exp3_roundtrip/s4_ub_rg_b256_z0.7_ep512_sd1_sk8 step=3737.83us (2.09s)
[584/588] ok exp3_roundtrip/s4_packet_spray_b256_z0.9_ep512_sd1_sk8 step=6316.75us (1.56s)
[585/588] ok exp3_roundtrip/s4_ub_rg_pop_b256_z0.9_ep256_sd1_sk8 step=3497.82us (0.89s)
[586/588] ok exp3_roundtrip/s4_ub_rg_pop_b256_z0.7_ep512_sd1_sk8 step=3738.63us (2.03s)
[587/588] ok exp3_roundtrip/s4_ub_rg_b256_z0.9_ep512_sd1_sk8 step=6408.99us (1.83s)
[588/588] ok exp3_roundtrip/s4_ub_rg_pop_b256_z0.9_ep512_sd1_sk8 step=6409.79us (1.71s)
Done: ok=550 fail=0 skipped=38 wall=148.7s ledger=/home/luke/workspace/dyn_latency/results/ub_rg/ledger.json
