Engine=behavioral jobs=228 workers=12
Binary: /home/luke/workspace/dyn_latency/ns-3-ub/build/scratch/ns3.44-ub_rg-dispatch-experiment-optimized
[6/228] ok exp2_combine/s1_packet_spray_b16_z0.3_ep0_sd1 step=12.29us (0.14s)
[8/228] ok exp2_combine/s1_ub_rg_b16_z0.3_ep0_sd1 step=9.86us (0.17s)
[9/228] ok exp1_dispatch/s1_packet_spray_b16_z0_ep0_sd1 step=8.41us (0.21s)
[11/228] ok exp1_dispatch/s1_ub_rg_b16_z0.9_ep0_sd1 step=30.98us (0.20s)
[12/228] ok exp1_dispatch/s1_packet_spray_b16_z0.3_ep0_sd1 step=11.86us (0.21s)
[14/228] ok exp2_combine/s1_packet_spray_b16_z0_ep0_sd1 step=8.56us (0.27s)
[15/228] ok exp1_dispatch/s1_packet_spray_b16_z0.9_ep0_sd1 step=32.79us (0.27s)
[17/228] ok exp2_combine/s1_packet_spray_b16_z0.7_ep0_sd1 step=25.04us (0.18s)
[18/228] ok exp1_dispatch/s1_packet_spray_b16_z0.7_ep0_sd1 step=24.90us (0.38s)
[20/228] ok exp2_combine/s1_ub_rg_b16_z0_ep0_sd1 step=5.84us (0.39s)
[21/228] ok exp2_combine/s1_ub_rg_b16_z0.7_ep0_sd1 step=23.24us (0.23s)
[23/228] ok exp2_combine/s1_packet_spray_b16_z0.9_ep0_sd1 step=32.50us (0.24s)
[24/228] ok exp1_dispatch/s1_ub_rg_b16_z0_ep0_sd1 step=6.32us (0.46s)
[26/228] ok exp1_dispatch/s1_ub_rg_b16_z0.7_ep0_sd1 step=23.24us (0.48s)
[27/228] ok exp1_dispatch/s1_ub_rg_b16_z0.3_ep0_sd1 step=9.91us (0.49s)
[29/228] ok exp2_combine/s1_ub_rg_b16_z0.9_ep0_sd1 step=31.06us (0.30s)
[30/228] ok exp1_dispatch/s2_packet_spray_b16_z0.3_ep0_sd1 step=22.37us (0.91s)
[32/228] ok exp1_dispatch/s2_packet_spray_b16_z0_ep0_sd1 step=11.62us (1.09s)
[33/228] ok exp2_combine/s2_ub_rg_b16_z0_ep0_sd1 step=7.73us (0.86s)
[35/228] ok exp2_combine/s2_packet_spray_b16_z0.3_ep0_sd1 step=22.80us (0.87s)
[36/228] ok exp2_combine/s2_ub_rg_b16_z0.3_ep0_sd1 step=19.57us (0.98s)
[38/228] ok exp1_dispatch/s2_ub_rg_b16_z0.7_ep0_sd1 step=97.77us (1.24s)
[39/228] ok exp2_combine/s2_packet_spray_b16_z0_ep0_sd1 step=15.35us (1.18s)
[40/228] skip s3_ub_rg_pop_b16_z0_ep0_sd1
[41/228] ok exp1_dispatch/s2_packet_spray_b16_z0.7_ep0_sd1 step=98.64us (1.32s)
[42/228] ok exp1_dispatch/s2_packet_spray_b16_z0.9_ep0_sd1 step=177.63us (1.32s)
[44/228] ok exp1_dispatch/s2_ub_rg_b16_z0.9_ep0_sd1 step=176.91us (1.40s)
[45/228] ok exp1_dispatch/s2_ub_rg_b16_z0.3_ep0_sd1 step=19.50us (1.52s)
[47/228] ok exp2_combine/s2_packet_spray_b16_z0.7_ep0_sd1 step=95.63us (0.83s)
[48/228] ok exp1_dispatch/s2_ub_rg_b16_z0_ep0_sd1 step=8.59us (1.83s)
[50/228] ok exp1_dispatch/s3_packet_spray_b16_z0.7_ep0_sd1 step=98.64us (0.65s)
[51/228] ok exp2_combine/s2_packet_spray_b16_z0.9_ep0_sd1 step=173.47us (1.08s)
[53/228] ok exp1_dispatch/s3_packet_spray_b16_z0.3_ep0_sd1 step=22.37us (0.85s)
[54/228] ok exp2_combine/s2_ub_rg_b16_z0.9_ep0_sd1 step=177.02us (1.13s)
[56/228] ok exp1_dispatch/s3_packet_spray_b16_z0_ep0_sd1 step=11.62us (1.16s)
[57/228] ok exp1_dispatch/s3_ub_rg_b16_z0_ep0_sd1 step=8.59us (1.10s)
[59/228] ok exp2_combine/s2_ub_rg_b16_z0.7_ep0_sd1 step=97.77us (1.49s)
[60/228] ok exp1_dispatch/s3_ub_rg_b16_z0.9_ep0_sd1 step=176.91us (0.88s)
[62/228] ok exp2_combine/s3_packet_spray_b16_z0_ep0_sd1 step=15.35us (0.90s)
[63/228] ok exp1_dispatch/s3_ub_rg_b16_z0.3_ep0_sd1 step=19.50us (1.35s)
[65/228] ok exp1_dispatch/s3_packet_spray_b16_z0.9_ep0_sd1 step=177.63us (1.42s)
[66/228] ok exp2_combine/s3_ub_rg_b16_z0_ep0_sd1 step=7.73us (0.99s)
[68/228] ok exp2_combine/s3_packet_spray_b16_z0.7_ep0_sd1 step=95.63us (1.13s)
[69/228] ok exp2_combine/s3_ub_rg_b16_z0.9_ep0_sd1 step=177.02us (0.88s)
[71/228] ok exp1_dispatch/s3_ub_rg_b16_z0.7_ep0_sd1 step=97.77us (1.96s)
[72/228] ok exp2_combine/s3_packet_spray_b16_z0.3_ep0_sd1 step=22.80us (1.38s)
[74/228] ok exp2_combine/s3_ub_rg_b16_z0.3_ep0_sd1 step=19.57us (1.36s)
[75/228] ok exp1_dispatch/s1_packet_spray_b256_z0.7_ep0_sd1 step=369.39us (0.47s)
[77/228] ok exp1_dispatch/s1_packet_spray_b256_z0_ep0_sd1 step=81.81us (0.96s)
[78/228] ok exp2_combine/s3_packet_spray_b16_z0.9_ep0_sd1 step=173.47us (1.17s)
[80/228] ok exp1_dispatch/s1_packet_spray_b256_z0.3_ep0_sd1 step=152.35us (0.89s)
[81/228] ok exp2_combine/s3_ub_rg_b16_z0.7_ep0_sd1 step=97.77us (1.36s)
[83/228] ok exp1_dispatch/s1_ub_rg_b256_z0_ep0_sd1 step=45.31us (1.30s)
[84/228] ok exp1_dispatch/s1_packet_spray_b256_z0.9_ep0_sd1 step=496.27us (0.64s)
[86/228] ok exp1_dispatch/s1_ub_rg_b256_z0.3_ep0_sd1 step=114.75us (1.13s)
[87/228] ok exp1_dispatch/s1_ub_rg_b256_z0.9_ep0_sd1 step=447.64us (0.61s)
[88/228] ok exp1_dispatch/s1_ub_rg_b256_z0.7_ep0_sd1 step=328.50us (0.81s)
[89/228] ok exp2_combine/s1_packet_spray_b256_z0_ep0_sd1 step=77.80us (0.83s)
[90/228] ok exp2_combine/s1_packet_spray_b256_z0.9_ep0_sd1 step=479.78us (0.66s)
[91/228] ok exp2_combine/s1_ub_rg_b256_z0.7_ep0_sd1 step=328.61us (0.80s)
[95/228] ok exp3_roundtrip/s1_packet_spray_b256_z0_ep32_sd1 step=156.03us (0.49s)
[96/228] ok exp3_roundtrip/s1_ub_rg_b256_z0_ep32_sd1 step=88.67us (0.55s)
[97/228] ok exp2_combine/s1_ub_rg_b256_z0_ep0_sd1 step=45.18us (1.20s)
[98/228] ok exp2_combine/s1_ub_rg_b256_z0.3_ep0_sd1 step=114.76us (1.19s)
[99/228] ok exp2_combine/s1_packet_spray_b256_z0.3_ep0_sd1 step=146.47us (1.21s)
[100/228] ok exp3_roundtrip/s1_packet_spray_b256_z0.3_ep32_sd1 step=215.67us (0.37s)
[104/228] ok exp3_roundtrip/s1_ub_rg_b256_z0_ep64_sd1 step=89.74us (0.56s)
[105/228] ok exp3_roundtrip/s1_packet_spray_b256_z0_ep128_sd1 step=159.62us (0.78s)
[106/228] ok exp2_combine/s1_packet_spray_b256_z0.7_ep0_sd1 step=355.35us (1.42s)
[107/228] ok exp3_roundtrip/s1_packet_spray_b256_z0.7_ep32_sd1 step=306.70us (0.31s)
[108/228] ok exp3_roundtrip/s1_ub_rg_b256_z0.3_ep32_sd1 step=147.71us (0.38s)
[109/228] ok exp3_roundtrip/s1_packet_spray_b256_z0_ep64_sd1 step=157.32us (1.04s)
[113/228] ok exp3_roundtrip/s1_packet_spray_b256_z0.7_ep64_sd1 step=473.57us (0.35s)
[114/228] ok exp3_roundtrip/s1_packet_spray_b256_z0.9_ep32_sd1 step=338.39us (0.38s)
[115/228] ok exp3_roundtrip/s1_ub_rg_b256_z0_ep128_sd1 step=90.48us (1.19s)
[116/228] ok exp2_combine/s1_ub_rg_b256_z0.9_ep0_sd1 step=447.72us (1.63s)
[117/228] ok exp3_roundtrip/s1_ub_rg_b256_z0.7_ep32_sd1 step=238.91us (0.67s)
[118/228] ok exp3_roundtrip/s1_packet_spray_b256_z0.9_ep64_sd1 step=570.20us (0.49s)
[120/228] skip s1_ub_rg_pop_b256_z0.9_ep64_sd1
[122/228] ok exp3_roundtrip/s1_ub_rg_b256_z0.7_ep64_sd1 step=403.02us (0.66s)
[123/228] ok exp3_roundtrip/s1_packet_spray_b256_z0.3_ep128_sd1 step=298.82us (1.17s)
[125/228] ok exp3_roundtrip/s1_packet_spray_b256_z0.3_ep64_sd1 step=253.66us (1.38s)
[126/228] ok exp3_roundtrip/s1_ub_rg_b256_z0.9_ep32_sd1 step=271.30us (0.35s)
[128/228] ok exp3_roundtrip/s1_packet_spray_b256_z0.7_ep128_sd1 step=724.74us (1.28s)
[129/228] ok exp3_roundtrip/s1_ub_rg_b256_z0.3_ep128_sd1 step=229.51us (1.42s)
[131/228] ok exp3_roundtrip/s1_packet_spray_b256_z0.9_ep128_sd1 step=976.05us (0.73s)
[132/228] ok exp3_roundtrip/s1_ub_rg_b256_z0.3_ep64_sd1 step=188.44us (1.52s)
[134/228] ok exp3_roundtrip/s1_ub_rg_b256_z0.9_ep64_sd1 step=492.04us (0.75s)
[135/228] ok exp3_roundtrip/s1_ub_rg_b256_z0.9_ep128_sd1 step=895.35us (1.06s)
[137/228] ok exp3_roundtrip/s1_ub_rg_b256_z0.7_ep128_sd1 step=657.12us (2.16s)
[138/228] ok exp1_dispatch/s2_packet_spray_b256_z0_ep0_sd1 step=87.31us (9.36s)
[140/228] ok exp1_dispatch/s2_packet_spray_b256_z0.9_ep0_sd1 step=2697.04us (9.66s)
[141/228] ok exp1_dispatch/s2_ub_rg_b256_z0.7_ep0_sd1 step=1399.50us (10.63s)
[143/228] ok exp1_dispatch/s2_ub_rg_b256_z0_ep0_sd1 step=60.93us (12.84s)
[144/228] ok exp1_dispatch/s2_packet_spray_b256_z0.3_ep0_sd1 step=250.17us (13.14s)
[146/228] ok exp2_combine/s2_ub_rg_b256_z0_ep0_sd1 step=48.58us (13.37s)
[147/228] ok exp1_dispatch/s2_ub_rg_b256_z0.9_ep0_sd1 step=2662.93us (13.96s)
[148/228] ok exp3_roundtrip/s2_packet_spray_b256_z0_ep256_sd1 step=167.89us (1.76s)
[149/228] ok exp2_combine/s2_packet_spray_b256_z0_ep0_sd1 step=87.03us (15.07s)
[152/228] ok exp1_dispatch/s2_packet_spray_b256_z0.7_ep0_sd1 step=1446.79us (15.94s)
[153/228] ok exp2_combine/s2_ub_rg_b256_z0.3_ep0_sd1 step=215.33us (15.12s)
[154/228] ok exp3_roundtrip/s2_packet_spray_b256_z0.3_ep256_sd1 step=354.83us (1.33s)
[155/228] ok exp1_dispatch/s2_ub_rg_b256_z0.3_ep0_sd1 step=215.49us (16.91s)
[158/228] ok exp3_roundtrip/s2_ub_rg_b256_z0_ep256_sd1 step=98.37us (3.26s)
[159/228] ok exp2_combine/s2_packet_spray_b256_z0.3_ep0_sd1 step=252.46us (17.89s)
[160/228] ok exp3_roundtrip/s2_ub_rg_b256_z0.3_ep256_sd1 step=285.83us (3.28s)
[161/228] ok exp3_roundtrip/s2_packet_spray_b256_z0.7_ep256_sd1 step=1130.69us (2.96s)
[164/228] ok exp3_roundtrip/s2_ub_rg_b256_z0.7_ep256_sd1 step=1054.93us (2.56s)
[165/228] ok exp2_combine/s2_packet_spray_b256_z0.7_ep0_sd1 step=1424.72us (12.24s)
[166/228] ok exp3_roundtrip/s2_packet_spray_b256_z0.9_ep256_sd1 step=1704.85us (1.60s)
[167/228] ok exp2_combine/s2_packet_spray_b256_z0.9_ep0_sd1 step=2671.23us (11.28s)
[170/228] ok exp2_combine/s2_ub_rg_b256_z0.7_ep0_sd1 step=1399.29us (12.52s)
[171/228] ok exp2_combine/s2_ub_rg_b256_z0.9_ep0_sd1 step=2662.87us (10.43s)
[173/228] ok exp3_roundtrip/s2_ub_rg_b256_z0.9_ep256_sd1 step=1618.34us (1.90s)
[174/228] ok exp3_roundtrip/s2_packet_spray_b256_z0_ep1024_sd1 step=174.34us (14.74s)
[176/228] ok exp3_roundtrip/s2_packet_spray_b256_z0.3_ep1024_sd1 step=502.63us (15.66s)
[177/228] ok exp3_roundtrip/s2_packet_spray_b256_z0.7_ep1024_sd1 step=2871.51us (14.11s)
[179/228] ok exp3_roundtrip/s2_ub_rg_b256_z0_ep1024_sd1 step=109.51us (18.77s)
[180/228] ok exp1_dispatch/s3_packet_spray_b256_z0_ep0_sd1 step=87.31us (11.88s)
[182/228] ok exp1_dispatch/s3_ub_rg_b256_z0_ep0_sd1 step=60.93us (11.80s)
[183/228] ok exp1_dispatch/s3_ub_rg_b256_z0.3_ep0_sd1 step=215.49us (11.23s)
[185/228] ok exp3_roundtrip/s2_ub_rg_b256_z0.3_ep1024_sd1 step=430.82us (17.88s)
[186/228] ok exp3_roundtrip/s2_packet_spray_b256_z0.9_ep1024_sd1 step=5368.27us (13.57s)
[188/228] ok exp1_dispatch/s3_packet_spray_b256_z0.3_ep0_sd1 step=250.17us (12.31s)
[189/228] ok exp1_dispatch/s3_packet_spray_b256_z0.7_ep0_sd1 step=1446.79us (8.56s)
[191/228] ok exp3_roundtrip/s2_ub_rg_b256_z0.7_ep1024_sd1 step=2798.79us (18.61s)
[192/228] ok exp3_roundtrip/s2_ub_rg_b256_z0.9_ep1024_sd1 step=5325.79us (17.06s)
[194/228] ok exp1_dispatch/s3_packet_spray_b256_z0.9_ep0_sd1 step=2697.04us (8.38s)
[195/228] ok exp3_roundtrip/s3_packet_spray_b256_z0_ep256_sd1 step=167.89us (1.54s)
[196/228] ok exp1_dispatch/s3_ub_rg_b256_z0.7_ep0_sd1 step=1399.50us (9.29s)
[197/228] ok exp3_roundtrip/s3_ub_rg_b256_z0_ep256_sd1 step=98.37us (3.56s)
[200/228] ok exp1_dispatch/s3_ub_rg_b256_z0.9_ep0_sd1 step=2662.93us (11.75s)
[201/228] ok exp2_combine/s3_packet_spray_b256_z0.7_ep0_sd1 step=1424.72us (10.67s)
[202/228] ok exp3_roundtrip/s3_packet_spray_b256_z0.3_ep256_sd1 step=354.83us (3.04s)
[203/228] ok exp2_combine/s3_ub_rg_b256_z0_ep0_sd1 step=48.58us (13.00s)
[206/228] ok exp2_combine/s3_ub_rg_b256_z0.7_ep0_sd1 step=1399.29us (13.39s)
[207/228] ok exp3_roundtrip/s3_ub_rg_b256_z0.3_ep256_sd1 step=285.83us (3.32s)
[208/228] ok exp2_combine/s3_ub_rg_b256_z0.3_ep0_sd1 step=215.33us (14.36s)
[209/228] ok exp3_roundtrip/s3_packet_spray_b256_z0.7_ep256_sd1 step=1130.69us (2.89s)
[212/228] ok exp2_combine/s3_packet_spray_b256_z0.9_ep0_sd1 step=2671.23us (13.06s)
[213/228] ok exp2_combine/s3_ub_rg_b256_z0.9_ep0_sd1 step=2662.87us (12.02s)
[214/228] ok exp3_roundtrip/s3_ub_rg_b256_z0.7_ep256_sd1 step=1054.93us (1.95s)
[215/228] ok exp2_combine/s3_packet_spray_b256_z0_ep0_sd1 step=87.03us (16.78s)
[218/228] ok exp3_roundtrip/s3_packet_spray_b256_z0.9_ep256_sd1 step=1704.85us (1.50s)
[219/228] ok exp2_combine/s3_packet_spray_b256_z0.3_ep0_sd1 step=252.46us (17.58s)
[220/228] ok exp3_roundtrip/s3_ub_rg_b256_z0.9_ep256_sd1 step=1618.34us (2.21s)
[221/228] ok exp3_roundtrip/s3_packet_spray_b256_z0_ep1024_sd1 step=174.34us (17.28s)
[222/228] ok exp3_roundtrip/s3_ub_rg_b256_z0_ep1024_sd1 step=109.51us (18.06s)
[223/228] ok exp3_roundtrip/s3_packet_spray_b256_z0.3_ep1024_sd1 step=502.63us (14.18s)
[224/228] ok exp3_roundtrip/s3_packet_spray_b256_z0.9_ep1024_sd1 step=5368.27us (11.59s)
[225/228] ok exp3_roundtrip/s3_packet_spray_b256_z0.7_ep1024_sd1 step=2871.51us (13.28s)
[226/228] ok exp3_roundtrip/s3_ub_rg_b256_z0.7_ep1024_sd1 step=2798.79us (13.60s)
[227/228] ok exp3_roundtrip/s3_ub_rg_b256_z0.3_ep1024_sd1 step=430.82us (16.50s)
[228/228] ok exp3_roundtrip/s3_ub_rg_b256_z0.9_ep1024_sd1 step=5325.79us (12.62s)
Done: ok=152 fail=0 skipped=76 wall=69.8s ledger=/home/luke/workspace/dyn_latency/results/ub_rg/ledger.json
