Engine=behavioral jobs=228 workers=12
Binary: /home/luke/workspace/dyn_latency/ns-3-ub/build/scratch/ns3.44-ub_rg-dispatch-experiment-optimized
[20/228] skip s1_ub_rg_b16_z0.7_ep0_sd1
[25/228] ok exp2_combine/s1_ub_rg_pop_b16_z0.7_ep0_sd1 step=23.54us (0.08s)
[28/228] ok exp2_combine/s1_ub_rg_pop_b16_z0.3_ep0_sd1 step=10.16us (0.09s)
[29/228] ok exp2_combine/s1_ub_rg_pop_b16_z0_ep0_sd1 step=6.14us (0.09s)
[31/228] ok exp1_dispatch/s1_ub_rg_pop_b16_z0.7_ep0_sd1 step=23.54us (0.10s)
[37/228] ok exp2_combine/s1_ub_rg_pop_b16_z0.9_ep0_sd1 step=31.36us (0.10s)
[40/228] ok exp1_dispatch/s1_ub_rg_pop_b16_z0.3_ep0_sd1 step=10.21us (0.12s)
[43/228] ok exp1_dispatch/s1_ub_rg_pop_b16_z0_ep0_sd1 step=6.62us (0.14s)
[46/228] ok exp1_dispatch/s1_ub_rg_pop_b16_z0.9_ep0_sd1 step=31.28us (0.14s)
[49/228] ok exp1_dispatch/s2_ub_rg_pop_b16_z0.3_ep0_sd1 step=20.05us (0.55s)
[52/228] ok exp1_dispatch/s2_ub_rg_pop_b16_z0.9_ep0_sd1 step=177.46us (0.58s)
[55/228] ok exp1_dispatch/s3_ub_rg_pop_b16_z0.7_ep0_sd1 step=98.32us (0.46s)
[58/228] ok exp1_dispatch/s2_ub_rg_pop_b16_z0.7_ep0_sd1 step=98.32us (0.63s)
[60/228] skip s3_ub_rg_b16_z0.9_ep0_sd1
[61/228] ok exp2_combine/s2_ub_rg_pop_b16_z0.7_ep0_sd1 step=98.32us (0.57s)
[64/228] ok exp1_dispatch/s3_ub_rg_pop_b16_z0_ep0_sd1 step=9.14us (0.56s)
[67/228] ok exp2_combine/s2_ub_rg_pop_b16_z0_ep0_sd1 step=8.28us (0.78s)
[70/228] ok exp1_dispatch/s3_ub_rg_pop_b16_z0.9_ep0_sd1 step=177.46us (0.74s)
[73/228] ok exp2_combine/s2_ub_rg_pop_b16_z0.9_ep0_sd1 step=177.57us (0.80s)
[76/228] ok exp2_combine/s2_ub_rg_pop_b16_z0.3_ep0_sd1 step=20.12us (0.82s)
[79/228] ok exp1_dispatch/s2_ub_rg_pop_b16_z0_ep0_sd1 step=9.14us (0.95s)
[80/228] skip s1_packet_spray_b256_z0.7_ep0_sd1
[82/228] ok exp1_dispatch/s3_ub_rg_pop_b16_z0.3_ep0_sd1 step=20.05us (0.87s)
[85/228] ok exp1_dispatch/s1_ub_rg_pop_b256_z0_ep0_sd1 step=45.61us (0.48s)
[92/228] ok exp2_combine/s3_ub_rg_pop_b16_z0.7_ep0_sd1 step=98.32us (0.57s)
[93/228] ok exp2_combine/s3_ub_rg_pop_b16_z0.9_ep0_sd1 step=177.57us (0.54s)
[94/228] ok exp2_combine/s3_ub_rg_pop_b16_z0.3_ep0_sd1 step=20.12us (0.67s)
[100/228] skip s1_ub_rg_b256_z0.3_ep128_sd1
[101/228] ok exp1_dispatch/s1_ub_rg_pop_b256_z0.3_ep0_sd1 step=115.05us (0.66s)
[102/228] ok exp2_combine/s3_ub_rg_pop_b16_z0_ep0_sd1 step=8.28us (0.78s)
[103/228] ok exp1_dispatch/s1_ub_rg_pop_b256_z0.9_ep0_sd1 step=447.94us (0.47s)
[110/228] ok exp3_roundtrip/s1_ub_rg_pop_b256_z0_ep32_sd1 step=89.27us (0.25s)
[111/228] ok exp2_combine/s1_ub_rg_pop_b256_z0.7_ep0_sd1 step=328.91us (0.63s)
[112/228] ok exp1_dispatch/s1_ub_rg_pop_b256_z0.7_ep0_sd1 step=328.80us (0.72s)
[114/228] ok exp3_roundtrip/s1_ub_rg_pop_b256_z0_ep64_sd1 step=90.34us (0.43s)
[120/228] ok exp2_combine/s1_ub_rg_pop_b256_z0.3_ep0_sd1 step=115.06us (0.72s)
[121/228] ok exp2_combine/s1_ub_rg_pop_b256_z0_ep0_sd1 step=45.48us (0.76s)
[124/228] ok exp3_roundtrip/s1_ub_rg_pop_b256_z0.3_ep32_sd1 step=148.31us (0.40s)
[127/228] ok exp3_roundtrip/s1_ub_rg_pop_b256_z0.3_ep64_sd1 step=189.04us (0.39s)
[130/228] ok exp3_roundtrip/s1_ub_rg_pop_b256_z0.7_ep32_sd1 step=239.51us (0.37s)
[133/228] ok exp2_combine/s1_ub_rg_pop_b256_z0.9_ep0_sd1 step=448.02us (0.76s)
[136/228] ok exp3_roundtrip/s1_ub_rg_pop_b256_z0.9_ep32_sd1 step=271.90us (0.37s)
[137/228] ok exp3_roundtrip/s1_ub_rg_pop_b256_z0.7_ep64_sd1 step=403.62us (0.57s)
[140/228] skip s2_packet_spray_b256_z0.7_ep0_sd1
[142/228] ok exp3_roundtrip/s1_ub_rg_pop_b256_z0_ep128_sd1 step=91.08us (0.98s)
[145/228] ok exp3_roundtrip/s1_ub_rg_pop_b256_z0.9_ep64_sd1 step=492.64us (0.59s)
[150/228] ok exp3_roundtrip/s1_ub_rg_pop_b256_z0.3_ep128_sd1 step=230.11us (0.86s)
[151/228] ok exp3_roundtrip/s1_ub_rg_pop_b256_z0.9_ep128_sd1 step=895.95us (0.81s)
[156/228] ok exp3_roundtrip/s1_ub_rg_pop_b256_z0.7_ep128_sd1 step=657.72us (0.89s)
[157/228] ok exp3_roundtrip/s2_ub_rg_pop_b256_z0_ep256_sd1 step=99.47us (1.41s)
[160/228] skip s2_ub_rg_b256_z0.7_ep256_sd1
[162/228] ok exp3_roundtrip/s2_ub_rg_pop_b256_z0.3_ep256_sd1 step=286.93us (1.52s)
[163/228] ok exp3_roundtrip/s2_ub_rg_pop_b256_z0.7_ep256_sd1 step=1056.03us (1.14s)
[168/228] ok exp3_roundtrip/s2_ub_rg_pop_b256_z0.9_ep256_sd1 step=1619.44us (1.32s)
[169/228] ok exp1_dispatch/s2_ub_rg_pop_b256_z0.7_ep0_sd1 step=1400.05us (6.42s)
[172/228] ok exp1_dispatch/s2_ub_rg_pop_b256_z0.9_ep0_sd1 step=2663.48us (7.18s)
[175/228] ok exp1_dispatch/s2_ub_rg_pop_b256_z0_ep0_sd1 step=61.48us (7.66s)
[178/228] ok exp2_combine/s2_ub_rg_pop_b256_z0.9_ep0_sd1 step=2663.42us (7.26s)
[180/228] skip s3_ub_rg_b256_z0.9_ep0_sd1
[181/228] ok exp2_combine/s2_ub_rg_pop_b256_z0.7_ep0_sd1 step=1399.84us (8.09s)
[184/228] ok exp2_combine/s2_ub_rg_pop_b256_z0.3_ep0_sd1 step=215.88us (8.32s)
[187/228] ok exp1_dispatch/s2_ub_rg_pop_b256_z0.3_ep0_sd1 step=216.04us (8.70s)
[190/228] ok exp2_combine/s2_ub_rg_pop_b256_z0_ep0_sd1 step=49.13us (9.92s)
[193/228] ok exp3_roundtrip/s2_ub_rg_pop_b256_z0.3_ep1024_sd1 step=431.92us (10.62s)
[195/228] ok exp3_roundtrip/s2_ub_rg_pop_b256_z0_ep1024_sd1 step=110.61us (10.91s)
[199/228] ok exp3_roundtrip/s2_ub_rg_pop_b256_z0.7_ep1024_sd1 step=2799.89us (9.32s)
[200/228] skip s3_packet_spray_b256_z0.3_ep256_sd1
[204/228] ok exp3_roundtrip/s2_ub_rg_pop_b256_z0.9_ep1024_sd1 step=5326.89us (8.70s)
[205/228] ok exp3_roundtrip/s3_ub_rg_pop_b256_z0_ep256_sd1 step=99.47us (1.72s)
[210/228] ok exp3_roundtrip/s3_ub_rg_pop_b256_z0.3_ep256_sd1 step=286.93us (2.12s)
[211/228] ok exp1_dispatch/s3_ub_rg_pop_b256_z0.3_ep0_sd1 step=216.04us (7.71s)
[216/228] ok exp3_roundtrip/s3_ub_rg_pop_b256_z0.7_ep256_sd1 step=1056.03us (1.86s)
[217/228] ok exp1_dispatch/s3_ub_rg_pop_b256_z0.9_ep0_sd1 step=2663.48us (7.55s)
[218/228] ok exp1_dispatch/s3_ub_rg_pop_b256_z0_ep0_sd1 step=61.48us (9.17s)
[219/228] ok exp1_dispatch/s3_ub_rg_pop_b256_z0.7_ep0_sd1 step=1400.05us (8.33s)
[220/228] ok exp2_combine/s3_ub_rg_pop_b256_z0.3_ep0_sd1 step=215.88us (7.46s)
[221/228] ok exp3_roundtrip/s3_ub_rg_pop_b256_z0.9_ep256_sd1 step=1619.44us (1.29s)
[222/228] ok exp2_combine/s3_ub_rg_pop_b256_z0.7_ep0_sd1 step=1399.84us (7.93s)
[223/228] ok exp2_combine/s3_ub_rg_pop_b256_z0.9_ep0_sd1 step=2663.42us (6.79s)
[224/228] ok exp2_combine/s3_ub_rg_pop_b256_z0_ep0_sd1 step=49.13us (8.61s)
[225/228] ok exp3_roundtrip/s3_ub_rg_pop_b256_z0_ep1024_sd1 step=110.61us (9.04s)
[226/228] ok exp3_roundtrip/s3_ub_rg_pop_b256_z0.7_ep1024_sd1 step=2799.89us (7.71s)
[227/228] ok exp3_roundtrip/s3_ub_rg_pop_b256_z0.3_ep1024_sd1 step=431.92us (8.35s)
[228/228] ok exp3_roundtrip/s3_ub_rg_pop_b256_z0.9_ep1024_sd1 step=5326.89us (7.44s)
Done: ok=76 fail=0 skipped=152 wall=24.2s ledger=/home/luke/workspace/dyn_latency/results/ub_rg/ledger.json
