Engine=behavioral jobs=336 workers=10
Binary: /home/luke/workspace/dyn_latency/ns-3-ub/build/scratch/ns3.44-ub_rg-dispatch-experiment-optimized
[20/336] skip s1_ub_rg_b16_z0.7_ep0_sd1_sk2
[28/336] ok exp1_dispatch/s1_islip_b16_z0_ep0_sd1_sk4 step=8.99us (0.22s)
[32/336] ok exp1_dispatch/s1_islip_b16_z0_ep0_sd1_sk2 step=7.16us (0.27s)
[34/336] ok exp1_dispatch/s1_islip_b16_z0.3_ep0_sd1_sk4 step=13.20us (0.26s)
[40/336] ok exp2_combine/s1_islip_b16_z0.3_ep0_sd1_sk2 step=11.14us (0.27s)
[44/336] ok exp2_combine/s1_islip_b16_z0_ep0_sd1_sk2 step=7.60us (0.27s)
[48/336] ok exp1_dispatch/s1_islip_b16_z0.3_ep0_sd1_sk2 step=11.41us (0.37s)
[52/336] ok exp2_combine/s1_islip_b16_z0_ep0_sd1_sk4 step=9.48us (0.24s)
[56/336] ok exp2_combine/s1_islip_b16_z0.3_ep0_sd1_sk4 step=12.40us (0.30s)
[60/336] ok exp1_dispatch/s1_islip_b16_z0.7_ep0_sd1_sk2 step=25.11us (0.66s)
[64/336] ok exp2_combine/s1_islip_b16_z0.7_ep0_sd1_sk2 step=24.47us (0.67s)
[68/336] ok exp2_combine/s1_islip_b16_z0.7_ep0_sd1_sk4 step=25.74us (0.42s)
[72/336] ok exp1_dispatch/s1_islip_b16_z0_ep0_sd1_sk8 step=12.93us (0.25s)
[76/336] ok exp2_combine/s1_islip_b16_z0.9_ep0_sd1_sk2 step=32.21us (0.78s)
[80/336] ok exp1_dispatch/s1_islip_b16_z0.9_ep0_sd1_sk4 step=33.69us (0.52s)
[84/336] ok exp1_dispatch/s1_islip_b16_z0.7_ep0_sd1_sk4 step=26.98us (0.57s)
[88/336] ok exp1_dispatch/s1_islip_b16_z0.9_ep0_sd1_sk2 step=32.32us (0.81s)
[92/336] ok exp1_dispatch/s1_islip_b16_z0.3_ep0_sd1_sk8 step=16.78us (0.32s)
[96/336] ok exp2_combine/s1_islip_b16_z0_ep0_sd1_sk8 step=13.24us (0.21s)
[100/336] ok exp2_combine/s1_islip_b16_z0.9_ep0_sd1_sk4 step=33.48us (0.62s)
[104/336] ok exp2_combine/s1_islip_b16_z0.3_ep0_sd1_sk8 step=14.93us (0.26s)
[108/336] ok exp2_combine/s1_islip_b16_z0.7_ep0_sd1_sk8 step=28.27us (0.44s)
[112/336] ok exp1_dispatch/s1_islip_b16_z0.7_ep0_sd1_sk8 step=30.71us (0.58s)
[116/336] ok exp1_dispatch/s1_islip_b16_z0.9_ep0_sd1_sk8 step=37.12us (0.78s)
[120/336] ok exp2_combine/s1_islip_b16_z0.9_ep0_sd1_sk8 step=36.01us (0.72s)
[121/336] ok exp3_roundtrip/s1_islip_b256_z0_ep32_sd1_sk2 step=174.29us (0.22s)
[122/336] ok exp1_dispatch/s1_islip_b256_z0_ep0_sd1_sk2 step=46.66us (0.93s)
[132/336] ok exp2_combine/s1_islip_b256_z0_ep0_sd1_sk2 step=46.77us (0.91s)
[133/336] ok exp3_roundtrip/s1_islip_b256_z0.3_ep32_sd1_sk2 step=296.93us (0.26s)
[134/336] ok exp3_roundtrip/s1_islip_b256_z0_ep64_sd1_sk2 step=176.44us (0.48s)
[140/336] skip s1_ub_rg_b256_z0.3_ep128_sd1_sk2
[144/336] ok exp3_roundtrip/s1_islip_b256_z0.7_ep32_sd1_sk2 step=492.53us (0.38s)
[145/336] ok exp2_combine/s1_islip_b256_z0.3_ep0_sd1_sk2 step=116.13us (1.74s)
[146/336] ok exp3_roundtrip/s1_islip_b256_z0.3_ep64_sd1_sk2 step=377.51us (0.90s)
[156/336] ok exp1_dispatch/s1_islip_b256_z0.3_ep0_sd1_sk2 step=116.09us (2.19s)
[157/336] ok exp3_roundtrip/s1_islip_b256_z0.9_ep32_sd1_sk2 step=563.03us (0.44s)
[158/336] ok exp3_roundtrip/s1_islip_b256_z0_ep128_sd1_sk2 step=177.45us (1.65s)
[160/336] skip s1_packet_spray_b256_z0.9_ep64_sd1_sk2
[168/336] ok exp1_dispatch/s1_islip_b256_z0_ep0_sd1_sk4 step=48.53us (0.91s)
[172/336] ok exp3_roundtrip/s1_islip_b256_z0.7_ep64_sd1_sk2 step=825.96us (1.89s)
[176/336] ok exp3_roundtrip/s1_islip_b256_z0.3_ep128_sd1_sk2 step=466.71us (3.18s)
[180/336] ok exp3_roundtrip/s1_islip_b256_z0.9_ep64_sd1_sk2 step=1024.43us (2.45s)
[184/336] ok exp1_dispatch/s1_islip_b256_z0.7_ep0_sd1_sk2 step=328.55us (5.51s)
[188/336] ok exp1_dispatch/s1_islip_b256_z0.3_ep0_sd1_sk4 step=117.42us (2.21s)
[192/336] ok exp2_combine/s1_islip_b256_z0_ep0_sd1_sk4 step=48.35us (1.04s)
[196/336] ok exp2_combine/s1_islip_b256_z0.7_ep0_sd1_sk2 step=329.88us (5.87s)
[200/336] ok exp3_roundtrip/s1_islip_b256_z0_ep32_sd1_sk4 step=177.41us (0.21s)
[201/336] ok exp3_roundtrip/s1_islip_b256_z0_ep64_sd1_sk4 step=179.49us (0.50s)
[202/336] ok exp2_combine/s1_islip_b256_z0.3_ep0_sd1_sk4 step=117.39us (2.72s)
[212/336] ok exp1_dispatch/s1_islip_b256_z0.7_ep0_sd1_sk4 step=329.40us (4.95s)
[213/336] ok exp3_roundtrip/s1_islip_b256_z0_ep128_sd1_sk4 step=180.90us (1.52s)
[214/336] ok exp3_roundtrip/s1_islip_b256_z0.3_ep32_sd1_sk4 step=299.77us (0.26s)
[220/336] skip s1_ub_rg_b256_z0.3_ep128_sd1_sk4
[224/336] ok exp3_roundtrip/s1_islip_b256_z0.7_ep32_sd1_sk4 step=495.12us (0.37s)
[225/336] ok exp3_roundtrip/s1_islip_b256_z0.3_ep64_sd1_sk4 step=380.42us (0.62s)
[226/336] ok exp2_combine/s1_islip_b256_z0.9_ep0_sd1_sk2 step=449.01us (9.15s)
[236/336] ok exp1_dispatch/s1_islip_b256_z0.9_ep0_sd1_sk2 step=448.80us (9.89s)
[237/336] ok exp3_roundtrip/s1_islip_b256_z0.9_ep32_sd1_sk4 step=565.96us (0.43s)
[238/336] ok exp2_combine/s1_islip_b256_z0.7_ep0_sd1_sk4 step=331.14us (4.49s)
[240/336] skip s1_packet_spray_b256_z0.9_ep64_sd1_sk4
[248/336] ok exp3_roundtrip/s1_islip_b256_z0.7_ep64_sd1_sk4 step=828.85us (1.33s)
[252/336] ok exp1_dispatch/s1_islip_b256_z0_ep0_sd1_sk8 step=52.40us (0.92s)
[256/336] ok exp1_dispatch/s1_islip_b256_z0.9_ep0_sd1_sk4 step=450.32us (7.06s)
[260/336] ok exp3_roundtrip/s1_islip_b256_z0.9_ep64_sd1_sk4 step=1027.32us (1.64s)
[264/336] ok exp1_dispatch/s1_islip_b256_z0.3_ep0_sd1_sk8 step=120.08us (1.57s)
[268/336] ok exp3_roundtrip/s1_islip_b256_z0.3_ep128_sd1_sk4 step=469.30us (3.90s)
[272/336] ok exp2_combine/s1_islip_b256_z0_ep0_sd1_sk8 step=51.51us (1.11s)
[276/336] ok exp2_combine/s1_islip_b256_z0.3_ep0_sd1_sk8 step=119.92us (1.99s)
[280/336] ok exp3_roundtrip/s1_islip_b256_z0_ep32_sd1_sk8 step=183.65us (0.22s)
[281/336] ok exp3_roundtrip/s1_islip_b256_z0_ep64_sd1_sk8 step=186.09us (0.54s)
[282/336] ok exp3_roundtrip/s1_islip_b256_z0.7_ep128_sd1_sk2 step=1352.10us (13.43s)
[292/336] ok exp3_roundtrip/s1_islip_b256_z0.3_ep32_sd1_sk8 step=305.56us (0.29s)
[293/336] ok exp3_roundtrip/s1_islip_b256_z0_ep128_sd1_sk8 step=187.93us (1.88s)
[294/336] ok exp3_roundtrip/s1_islip_b256_z0.3_ep64_sd1_sk8 step=386.28us (1.03s)
[300/336] skip s1_ub_rg_b256_z0.3_ep128_sd1_sk8
[304/336] ok exp2_combine/s1_islip_b256_z0.9_ep0_sd1_sk4 step=450.27us (11.28s)
[305/336] ok exp3_roundtrip/s1_islip_b256_z0.7_ep32_sd1_sk8 step=500.32us (0.42s)
[306/336] ok exp1_dispatch/s1_islip_b256_z0.7_ep0_sd1_sk8 step=331.44us (7.13s)
[316/336] ok exp3_roundtrip/s1_islip_b256_z0.9_ep32_sd1_sk8 step=571.82us (0.34s)
[317/336] ok exp3_roundtrip/s1_islip_b256_z0.7_ep128_sd1_sk4 step=1354.21us (10.00s)
[318/336] ok exp3_roundtrip/s1_islip_b256_z0.7_ep64_sd1_sk8 step=834.64us (2.27s)
[320/336] skip s1_packet_spray_b256_z0.9_ep64_sd1_sk8
[328/336] ok exp2_combine/s1_islip_b256_z0.7_ep0_sd1_sk8 step=333.67us (7.25s)
[329/336] ok exp1_dispatch/s1_islip_b256_z0.9_ep0_sd1_sk8 step=453.57us (8.28s)
[330/336] ok exp3_roundtrip/s1_islip_b256_z0.9_ep64_sd1_sk8 step=1033.11us (1.77s)
[331/336] ok exp3_roundtrip/s1_islip_b256_z0.3_ep128_sd1_sk8 step=474.49us (4.57s)
[332/336] ok exp2_combine/s1_islip_b256_z0.9_ep0_sd1_sk8 step=452.80us (9.74s)
[333/336] ok exp3_roundtrip/s1_islip_b256_z0.9_ep128_sd1_sk2 step=1864.38us (20.33s)
[334/336] ok exp3_roundtrip/s1_islip_b256_z0.9_ep128_sd1_sk4 step=1867.15us (13.27s)
[335/336] ok exp3_roundtrip/s1_islip_b256_z0.7_ep128_sd1_sk8 step=1358.79us (8.83s)
[336/336] ok exp3_roundtrip/s1_islip_b256_z0.9_ep128_sd1_sk8 step=1872.94us (9.81s)
Done: ok=84 fail=0 skipped=252 wall=29.7s ledger=/home/luke/workspace/dyn_latency/results/ub_rg/ledger.json
