[skipped] s1_packet_spray_afd_m2n_mb128_z0_ep128_M112_N16_role_packed_sd1 0.00s
[skipped] s1_packet_spray_afd_m2n_mb64_z0.5_ep128_M112_N16_role_packed_sd1 0.00s
[skipped] s1_packet_spray_afd_m2n_mb128_z0.5_ep128_M64_N64_role_packed_sd1 0.00s
[skipped] s1_packet_spray_afd_m2n_mb128_z0.5_ep128_M112_N16_role_packed_sd1 0.00s
[skipped] s1_packet_spray_afd_m2n_mb128_z0.5_ep128_M124_N4_role_packed_sd1 0.00s
[skipped] s1_packet_spray_afd_m2n_mb128_z1_ep128_M112_N16_role_packed_sd1 0.00s
[skipped] s1_packet_spray_afd_n2m_mb64_z0.5_ep128_M112_N16_role_packed_sd1 0.00s
[skipped] s1_packet_spray_afd_m2n_mb256_z0.5_ep128_M112_N16_role_packed_sd1 0.00s
[skipped] s1_packet_spray_afd_n2m_mb128_z0_ep128_M112_N16_role_packed_sd1 0.00s
[skipped] s1_packet_spray_afd_n2m_mb128_z0.5_ep128_M64_N64_role_packed_sd1 0.00s
[skipped] s1_packet_spray_afd_n2m_mb128_z0.5_ep128_M112_N16_role_packed_sd1 0.00s
[skipped] s1_packet_spray_afd_n2m_mb128_z0.5_ep128_M124_N4_role_packed_sd1 0.00s
[skipped] s1_packet_spray_afd_n2m_mb128_z1_ep128_M112_N16_role_packed_sd1 0.00s
[skipped] s1_packet_spray_afd_n2m_mb256_z0.5_ep128_M112_N16_role_packed_sd1 0.00s
[skipped] s1_packet_spray_combine_mb256_z0.5_ep64_sd1 0.00s
[skipped] s1_packet_spray_combine_mb16_z0.5_ep128_sd1 0.00s
[skipped] s1_packet_spray_combine_mb64_z0.5_ep128_sd1 0.00s
[skipped] s1_packet_spray_combine_mb64_z0.9_ep128_sd1 0.00s
[skipped] s1_packet_spray_combine_mb128_z0_ep128_sd1 0.00s
[skipped] s1_packet_spray_combine_mb128_z0.5_ep128_sd1 0.00s
[skipped] s1_packet_spray_combine_mb128_z0.9_ep128_sd1 0.00s
[skipped] s1_packet_spray_combine_mb256_z0_ep128_sd1 0.00s
[skipped] s1_packet_spray_combine_mb256_z0.5_ep128_sd1 0.00s
[skipped] s1_packet_spray_combine_mb256_z0.9_ep128_sd1 0.00s
[skipped] s1_packet_spray_dispatch_mb256_z0.5_ep64_sd1 0.00s
[skipped] s1_packet_spray_dispatch_mb16_z0.5_ep128_sd1 0.00s
[skipped] s1_packet_spray_dispatch_mb64_z0.5_ep128_sd1 0.00s
[skipped] s1_packet_spray_dispatch_mb64_z0.9_ep128_sd1 0.00s
[skipped] s1_packet_spray_dispatch_mb128_z0_ep128_sd1 0.00s
[skipped] s1_packet_spray_dispatch_mb128_z0.5_ep128_sd1 0.00s
[skipped] s1_packet_spray_dispatch_mb128_z0.9_ep128_sd1 0.00s
[skipped] s1_packet_spray_dispatch_mb256_z0_ep128_sd1 0.00s
[skipped] s1_packet_spray_dispatch_mb256_z0.9_ep128_sd1 0.00s
[skipped] s1_packet_spray_dispatch_mb256_z0.5_ep128_sd1 0.00s
[skipped] s1_ub_rg_afd_m2n_mb64_z0.5_ep128_M112_N16_role_packed_sd1 0.00s
[skipped] s1_ub_rg_afd_m2n_mb128_z0_ep128_M112_N16_role_packed_sd1 0.00s
[skipped] s1_ub_rg_afd_m2n_mb128_z0.5_ep128_M64_N64_role_packed_sd1 0.00s
[skipped] s1_ub_rg_afd_m2n_mb128_z0.5_ep128_M112_N16_role_packed_sd1 0.00s
[skipped] s1_ub_rg_afd_m2n_mb128_z0.5_ep128_M124_N4_role_packed_sd1 0.00s
[skipped] s1_ub_rg_afd_m2n_mb128_z1_ep128_M112_N16_role_packed_sd1 0.00s
[skipped] s1_ub_rg_afd_m2n_mb256_z0.5_ep128_M112_N16_role_packed_sd1 0.00s
[skipped] s1_ub_rg_afd_n2m_mb64_z0.5_ep128_M112_N16_role_packed_sd1 0.00s
[skipped] s1_ub_rg_afd_n2m_mb128_z0_ep128_M112_N16_role_packed_sd1 0.00s
[skipped] s1_ub_rg_afd_n2m_mb128_z0.5_ep128_M64_N64_role_packed_sd1 0.00s
[skipped] s1_ub_rg_afd_n2m_mb128_z0.5_ep128_M112_N16_role_packed_sd1 0.00s
[skipped] s1_ub_rg_afd_n2m_mb128_z0.5_ep128_M124_N4_role_packed_sd1 0.00s
[skipped] s1_ub_rg_afd_n2m_mb128_z1_ep128_M112_N16_role_packed_sd1 0.00s
[skipped] s1_ub_rg_afd_n2m_mb256_z0.5_ep128_M112_N16_role_packed_sd1 0.00s
[skipped] s1_ub_rg_combine_mb256_z0.5_ep64_sd1 0.00s
[skipped] s1_ub_rg_combine_mb16_z0.5_ep128_sd1 0.00s
[skipped] s1_ub_rg_combine_mb64_z0.5_ep128_sd1 0.00s
[skipped] s1_ub_rg_combine_mb64_z0.9_ep128_sd1 0.00s
[skipped] s1_ub_rg_combine_mb128_z0_ep128_sd1 0.00s
[skipped] s1_ub_rg_combine_mb128_z0.9_ep128_sd1 0.00s
[skipped] s1_ub_rg_combine_mb128_z0.5_ep128_sd1 0.00s
[skipped] s1_ub_rg_combine_mb256_z0_ep128_sd1 0.00s
[skipped] s1_ub_rg_combine_mb256_z0.5_ep128_sd1 0.00s
[skipped] s1_ub_rg_combine_mb256_z0.9_ep128_sd1 0.00s
[skipped] s1_ub_rg_dispatch_mb256_z0.5_ep64_sd1 0.00s
[skipped] s1_ub_rg_dispatch_mb16_z0.5_ep128_sd1 0.00s
[skipped] s1_ub_rg_dispatch_mb64_z0.5_ep128_sd1 0.00s
[skipped] s1_ub_rg_dispatch_mb64_z0.9_ep128_sd1 0.00s
[skipped] s1_ub_rg_dispatch_mb128_z0_ep128_sd1 0.00s
[skipped] s1_ub_rg_dispatch_mb128_z0.5_ep128_sd1 0.00s
[skipped] s1_ub_rg_dispatch_mb128_z0.9_ep128_sd1 0.00s
[skipped] s1_ub_rg_dispatch_mb256_z0_ep128_sd1 0.00s
[skipped] s1_ub_rg_dispatch_mb256_z0.5_ep128_sd1 0.00s
[skipped] s1_ub_rg_dispatch_mb256_z0.9_ep128_sd1 0.00s

==== RESTART workers=1 2026-07-20T15:35:46+08:00 ====
[skipped] s1_packet_spray_afd_m2n_mb64_z0.5_ep128_M112_N16_role_packed_sd1 0.00s
[skipped] s1_packet_spray_afd_m2n_mb128_z0_ep128_M112_N16_role_packed_sd1 0.00s
[skipped] s1_packet_spray_afd_m2n_mb128_z0.5_ep128_M64_N64_role_packed_sd1 0.00s
[skipped] s1_packet_spray_afd_m2n_mb128_z0.5_ep128_M112_N16_role_packed_sd1 0.00s
[skipped] s1_packet_spray_afd_m2n_mb128_z0.5_ep128_M124_N4_role_packed_sd1 0.00s
[skipped] s1_packet_spray_afd_m2n_mb128_z1_ep128_M112_N16_role_packed_sd1 0.00s
[skipped] s1_packet_spray_afd_m2n_mb256_z0.5_ep128_M112_N16_role_packed_sd1 0.00s
[skipped] s1_packet_spray_afd_n2m_mb64_z0.5_ep128_M112_N16_role_packed_sd1 0.00s
[skipped] s1_packet_spray_afd_n2m_mb128_z0_ep128_M112_N16_role_packed_sd1 0.00s
[skipped] s1_packet_spray_afd_n2m_mb128_z0.5_ep128_M64_N64_role_packed_sd1 0.00s
[skipped] s1_packet_spray_afd_n2m_mb128_z0.5_ep128_M112_N16_role_packed_sd1 0.00s
[skipped] s1_packet_spray_afd_n2m_mb128_z0.5_ep128_M124_N4_role_packed_sd1 0.00s
[skipped] s1_packet_spray_afd_n2m_mb128_z1_ep128_M112_N16_role_packed_sd1 0.00s
[skipped] s1_packet_spray_afd_n2m_mb256_z0.5_ep128_M112_N16_role_packed_sd1 0.00s
[skipped] s1_packet_spray_combine_mb256_z0.5_ep64_sd1 0.00s
[skipped] s1_packet_spray_combine_mb16_z0.5_ep128_sd1 0.00s
[skipped] s1_packet_spray_combine_mb64_z0.5_ep128_sd1 0.00s
[skipped] s1_packet_spray_combine_mb64_z0.9_ep128_sd1 0.00s
[skipped] s1_packet_spray_combine_mb128_z0_ep128_sd1 0.00s
[skipped] s1_packet_spray_combine_mb128_z0.5_ep128_sd1 0.00s
[skipped] s1_packet_spray_combine_mb128_z0.9_ep128_sd1 0.00s
[skipped] s1_packet_spray_combine_mb256_z0_ep128_sd1 0.00s
[skipped] s1_packet_spray_combine_mb256_z0.5_ep128_sd1 0.00s
[skipped] s1_packet_spray_combine_mb256_z0.9_ep128_sd1 0.00s
[skipped] s1_packet_spray_dispatch_mb256_z0.5_ep64_sd1 0.00s
[skipped] s1_packet_spray_dispatch_mb16_z0.5_ep128_sd1 0.00s
[skipped] s1_packet_spray_dispatch_mb64_z0.5_ep128_sd1 0.00s
[skipped] s1_packet_spray_dispatch_mb64_z0.9_ep128_sd1 0.00s
[skipped] s1_packet_spray_dispatch_mb128_z0_ep128_sd1 0.00s
[skipped] s1_packet_spray_dispatch_mb128_z0.5_ep128_sd1 0.00s
[skipped] s1_packet_spray_dispatch_mb128_z0.9_ep128_sd1 0.00s
[skipped] s1_packet_spray_dispatch_mb256_z0_ep128_sd1 0.00s
[skipped] s1_packet_spray_dispatch_mb256_z0.5_ep128_sd1 0.00s
[skipped] s1_packet_spray_dispatch_mb256_z0.9_ep128_sd1 0.00s
[skipped] s1_ub_rg_afd_m2n_mb64_z0.5_ep128_M112_N16_role_packed_sd1 0.00s
[skipped] s1_ub_rg_afd_m2n_mb128_z0_ep128_M112_N16_role_packed_sd1 0.00s
[skipped] s1_ub_rg_afd_m2n_mb128_z0.5_ep128_M64_N64_role_packed_sd1 0.00s
[skipped] s1_ub_rg_afd_m2n_mb128_z0.5_ep128_M112_N16_role_packed_sd1 0.00s
[skipped] s1_ub_rg_afd_m2n_mb128_z0.5_ep128_M124_N4_role_packed_sd1 0.00s
[skipped] s1_ub_rg_afd_m2n_mb128_z1_ep128_M112_N16_role_packed_sd1 0.00s
[skipped] s1_ub_rg_afd_m2n_mb256_z0.5_ep128_M112_N16_role_packed_sd1 0.00s
[skipped] s1_ub_rg_afd_n2m_mb64_z0.5_ep128_M112_N16_role_packed_sd1 0.00s
[skipped] s1_ub_rg_afd_n2m_mb128_z0_ep128_M112_N16_role_packed_sd1 0.00s
[skipped] s1_ub_rg_afd_n2m_mb128_z0.5_ep128_M64_N64_role_packed_sd1 0.00s
[skipped] s1_ub_rg_afd_n2m_mb128_z0.5_ep128_M112_N16_role_packed_sd1 0.00s
[skipped] s1_ub_rg_afd_n2m_mb128_z0.5_ep128_M124_N4_role_packed_sd1 0.00s
[skipped] s1_ub_rg_afd_n2m_mb128_z1_ep128_M112_N16_role_packed_sd1 0.00s
[skipped] s1_ub_rg_afd_n2m_mb256_z0.5_ep128_M112_N16_role_packed_sd1 0.00s
[skipped] s1_ub_rg_combine_mb256_z0.5_ep64_sd1 0.00s
[skipped] s1_ub_rg_combine_mb16_z0.5_ep128_sd1 0.00s
[skipped] s1_ub_rg_combine_mb64_z0.5_ep128_sd1 0.00s
[skipped] s1_ub_rg_combine_mb64_z0.9_ep128_sd1 0.00s
[skipped] s1_ub_rg_combine_mb128_z0_ep128_sd1 0.00s
[skipped] s1_ub_rg_combine_mb128_z0.5_ep128_sd1 0.00s
[skipped] s1_ub_rg_combine_mb128_z0.9_ep128_sd1 0.00s
[skipped] s1_ub_rg_combine_mb256_z0_ep128_sd1 0.00s
[skipped] s1_ub_rg_combine_mb256_z0.5_ep128_sd1 0.00s
[skipped] s1_ub_rg_combine_mb256_z0.9_ep128_sd1 0.00s
[skipped] s1_ub_rg_dispatch_mb256_z0.5_ep64_sd1 0.00s
[skipped] s1_ub_rg_dispatch_mb16_z0.5_ep128_sd1 0.00s
[skipped] s1_ub_rg_dispatch_mb64_z0.5_ep128_sd1 0.00s
[skipped] s1_ub_rg_dispatch_mb64_z0.9_ep128_sd1 0.00s
[skipped] s1_ub_rg_dispatch_mb128_z0_ep128_sd1 0.00s
[skipped] s1_ub_rg_dispatch_mb128_z0.5_ep128_sd1 0.00s
[skipped] s1_ub_rg_dispatch_mb128_z0.9_ep128_sd1 0.00s
[skipped] s1_ub_rg_dispatch_mb256_z0_ep128_sd1 0.00s
[skipped] s1_ub_rg_dispatch_mb256_z0.5_ep128_sd1 0.00s
[skipped] s1_ub_rg_dispatch_mb256_z0.9_ep128_sd1 0.00s

==== ANALYZE 2026-07-20T15:37:19+08:00 ====
Wrote /home/luke/workspace/dyn_latency/docs/UB_RG系统实验0719报告.md, /home/luke/workspace/dyn_latency/docs/UB_RG系统实验0719报告.html, /home/luke/workspace/dyn_latency/results/ub_rg_system_packet/all_summaries.csv; summaries=0, issues=0
==== ANALYZE DONE 2026-07-20T15:37:19+08:00 rc=0 ====
[completed] s2_packet_spray_afd_m2n_mb128_z0_ep1024_M896_N128_role_packed_sd1 5486.49s
[completed] s2_packet_spray_afd_m2n_mb128_z0.5_ep1024_M896_N128_role_packed_sd1 5278.06s

==== RESTART workers=2 2026-07-20T18:55:18+08:00 ====
[skipped] s1_packet_spray_afd_m2n_mb128_z0_ep128_M112_N16_role_packed_sd1 0.00s
[skipped] s1_packet_spray_afd_m2n_mb64_z0.5_ep128_M112_N16_role_packed_sd1 0.00s
[skipped] s1_packet_spray_afd_m2n_mb128_z0.5_ep128_M64_N64_role_packed_sd1 0.00s
[skipped] s1_packet_spray_afd_m2n_mb128_z0.5_ep128_M112_N16_role_packed_sd1 0.00s
[skipped] s1_packet_spray_afd_m2n_mb128_z0.5_ep128_M124_N4_role_packed_sd1 0.00s
[skipped] s1_packet_spray_afd_m2n_mb128_z1_ep128_M112_N16_role_packed_sd1 0.00s
[skipped] s1_packet_spray_afd_m2n_mb256_z0.5_ep128_M112_N16_role_packed_sd1 0.00s
[skipped] s1_packet_spray_afd_n2m_mb64_z0.5_ep128_M112_N16_role_packed_sd1 0.00s
[skipped] s1_packet_spray_afd_n2m_mb128_z0_ep128_M112_N16_role_packed_sd1 0.00s
[skipped] s1_packet_spray_afd_n2m_mb128_z0.5_ep128_M64_N64_role_packed_sd1 0.00s
[skipped] s1_packet_spray_afd_n2m_mb128_z0.5_ep128_M124_N4_role_packed_sd1 0.00s
[skipped] s1_packet_spray_afd_n2m_mb128_z0.5_ep128_M112_N16_role_packed_sd1 0.00s
[skipped] s1_packet_spray_afd_n2m_mb128_z1_ep128_M112_N16_role_packed_sd1 0.00s
[skipped] s1_packet_spray_afd_n2m_mb256_z0.5_ep128_M112_N16_role_packed_sd1 0.00s
[skipped] s1_packet_spray_combine_mb256_z0.5_ep64_sd1 0.00s
[skipped] s1_packet_spray_combine_mb16_z0.5_ep128_sd1 0.00s
[skipped] s1_packet_spray_combine_mb64_z0.5_ep128_sd1 0.00s
[skipped] s1_packet_spray_combine_mb128_z0_ep128_sd1 0.00s
[skipped] s1_packet_spray_combine_mb64_z0.9_ep128_sd1 0.00s
[skipped] s1_packet_spray_combine_mb128_z0.5_ep128_sd1 0.00s
[skipped] s1_packet_spray_combine_mb128_z0.9_ep128_sd1 0.00s
[skipped] s1_packet_spray_combine_mb256_z0_ep128_sd1 0.00s
[skipped] s1_packet_spray_combine_mb256_z0.5_ep128_sd1 0.00s
[skipped] s1_packet_spray_combine_mb256_z0.9_ep128_sd1 0.00s
[skipped] s1_packet_spray_dispatch_mb256_z0.5_ep64_sd1 0.00s
[skipped] s1_packet_spray_dispatch_mb16_z0.5_ep128_sd1 0.00s
[skipped] s1_packet_spray_dispatch_mb64_z0.9_ep128_sd1 0.00s
[skipped] s1_packet_spray_dispatch_mb64_z0.5_ep128_sd1 0.00s
[skipped] s1_packet_spray_dispatch_mb128_z0_ep128_sd1 0.00s
[skipped] s1_packet_spray_dispatch_mb128_z0.5_ep128_sd1 0.00s
[skipped] s1_packet_spray_dispatch_mb128_z0.9_ep128_sd1 0.00s
[skipped] s1_packet_spray_dispatch_mb256_z0_ep128_sd1 0.00s
[skipped] s1_packet_spray_dispatch_mb256_z0.5_ep128_sd1 0.00s
[skipped] s1_packet_spray_dispatch_mb256_z0.9_ep128_sd1 0.00s
[skipped] s1_ub_rg_afd_m2n_mb64_z0.5_ep128_M112_N16_role_packed_sd1 0.00s
[skipped] s1_ub_rg_afd_m2n_mb128_z0_ep128_M112_N16_role_packed_sd1 0.00s
[skipped] s1_ub_rg_afd_m2n_mb128_z0.5_ep128_M64_N64_role_packed_sd1 0.00s
[skipped] s1_ub_rg_afd_m2n_mb128_z0.5_ep128_M112_N16_role_packed_sd1 0.00s
[skipped] s1_ub_rg_afd_m2n_mb128_z0.5_ep128_M124_N4_role_packed_sd1 0.00s
[skipped] s1_ub_rg_afd_m2n_mb256_z0.5_ep128_M112_N16_role_packed_sd1 0.00s
[skipped] s1_ub_rg_afd_m2n_mb128_z1_ep128_M112_N16_role_packed_sd1 0.00s
[skipped] s1_ub_rg_afd_n2m_mb64_z0.5_ep128_M112_N16_role_packed_sd1 0.00s
[skipped] s1_ub_rg_afd_n2m_mb128_z0_ep128_M112_N16_role_packed_sd1 0.00s
[skipped] s1_ub_rg_afd_n2m_mb128_z0.5_ep128_M64_N64_role_packed_sd1 0.00s
[skipped] s1_ub_rg_afd_n2m_mb128_z0.5_ep128_M112_N16_role_packed_sd1 0.00s
[skipped] s1_ub_rg_afd_n2m_mb128_z0.5_ep128_M124_N4_role_packed_sd1 0.00s
[skipped] s1_ub_rg_afd_n2m_mb128_z1_ep128_M112_N16_role_packed_sd1 0.00s
[skipped] s1_ub_rg_afd_n2m_mb256_z0.5_ep128_M112_N16_role_packed_sd1 0.00s
[skipped] s1_ub_rg_combine_mb16_z0.5_ep128_sd1 0.00s
[skipped] s1_ub_rg_combine_mb256_z0.5_ep64_sd1 0.00s
[skipped] s1_ub_rg_combine_mb64_z0.5_ep128_sd1 0.00s
[skipped] s1_ub_rg_combine_mb64_z0.9_ep128_sd1 0.00s
[skipped] s1_ub_rg_combine_mb128_z0_ep128_sd1 0.00s
[skipped] s1_ub_rg_combine_mb128_z0.5_ep128_sd1 0.00s
[skipped] s1_ub_rg_combine_mb128_z0.9_ep128_sd1 0.00s
[skipped] s1_ub_rg_combine_mb256_z0_ep128_sd1 0.00s
[skipped] s1_ub_rg_combine_mb256_z0.5_ep128_sd1 0.00s
[skipped] s1_ub_rg_combine_mb256_z0.9_ep128_sd1 0.00s
[skipped] s1_ub_rg_dispatch_mb256_z0.5_ep64_sd1 0.00s
[skipped] s1_ub_rg_dispatch_mb16_z0.5_ep128_sd1 0.00s
[skipped] s1_ub_rg_dispatch_mb64_z0.5_ep128_sd1 0.00s
[skipped] s1_ub_rg_dispatch_mb64_z0.9_ep128_sd1 0.00s
[skipped] s1_ub_rg_dispatch_mb128_z0_ep128_sd1 0.00s
[skipped] s1_ub_rg_dispatch_mb128_z0.5_ep128_sd1 0.00s
[skipped] s1_ub_rg_dispatch_mb128_z0.9_ep128_sd1 0.00s
[skipped] s1_ub_rg_dispatch_mb256_z0_ep128_sd1 0.00s
[skipped] s1_ub_rg_dispatch_mb256_z0.5_ep128_sd1 0.00s
[skipped] s1_ub_rg_dispatch_mb256_z0.9_ep128_sd1 0.00s
[skipped] s2_packet_spray_afd_m2n_mb128_z0_ep1024_M896_N128_role_packed_sd1 0.00s
[skipped] s2_packet_spray_afd_m2n_mb128_z0.5_ep1024_M896_N128_role_packed_sd1 0.00s

==== ANALYZE 2026-07-20T18:56:08+08:00 ====
Wrote /home/luke/workspace/dyn_latency/docs/UB_RG系统实验0719报告.md, /home/luke/workspace/dyn_latency/docs/UB_RG系统实验0719报告.html, /home/luke/workspace/dyn_latency/results/ub_rg_system_packet/all_summaries.csv; summaries=0, issues=0
==== ANALYZE DONE 2026-07-20T18:56:08+08:00 rc=0 ====
[completed] s2_packet_spray_afd_n2m_mb128_z0_ep1024_M896_N128_role_packed_sd1 2489.19s
[completed] s2_packet_spray_afd_n2m_mb128_z0.5_ep1024_M896_N128_role_packed_sd1 2231.45s
[completed] s2_packet_spray_afd_m2n_mb128_z1_ep1024_M896_N128_role_packed_sd1 5719.34s
2026-07-21T09:16:40+08:00
==== RESUME workers=2 ====
[skipped] s1_packet_spray_afd_m2n_mb64_z0.5_ep128_M112_N16_role_packed_sd1 0.00s
[skipped] s1_packet_spray_afd_m2n_mb128_z0_ep128_M112_N16_role_packed_sd1 0.00s
[skipped] s1_packet_spray_afd_m2n_mb128_z0.5_ep128_M64_N64_role_packed_sd1 0.00s
[skipped] s1_packet_spray_afd_m2n_mb128_z0.5_ep128_M112_N16_role_packed_sd1 0.00s
[skipped] s1_packet_spray_afd_m2n_mb128_z0.5_ep128_M124_N4_role_packed_sd1 0.00s
[skipped] s1_packet_spray_afd_m2n_mb128_z1_ep128_M112_N16_role_packed_sd1 0.00s
[skipped] s1_packet_spray_afd_n2m_mb64_z0.5_ep128_M112_N16_role_packed_sd1 0.00s
[skipped] s1_packet_spray_afd_m2n_mb256_z0.5_ep128_M112_N16_role_packed_sd1 0.00s
[skipped] s1_packet_spray_afd_n2m_mb128_z0_ep128_M112_N16_role_packed_sd1 0.00s
[skipped] s1_packet_spray_afd_n2m_mb128_z0.5_ep128_M64_N64_role_packed_sd1 0.00s
[skipped] s1_packet_spray_afd_n2m_mb128_z0.5_ep128_M112_N16_role_packed_sd1 0.00s
[skipped] s1_packet_spray_afd_n2m_mb128_z0.5_ep128_M124_N4_role_packed_sd1 0.00s
[skipped] s1_packet_spray_afd_n2m_mb128_z1_ep128_M112_N16_role_packed_sd1 0.00s
[skipped] s1_packet_spray_combine_mb256_z0.5_ep64_sd1 0.00s
[skipped] s1_packet_spray_afd_n2m_mb256_z0.5_ep128_M112_N16_role_packed_sd1 0.00s
[skipped] s1_packet_spray_combine_mb16_z0.5_ep128_sd1 0.00s
[skipped] s1_packet_spray_combine_mb64_z0.5_ep128_sd1 0.00s
[skipped] s1_packet_spray_combine_mb64_z0.9_ep128_sd1 0.00s
[skipped] s1_packet_spray_combine_mb128_z0_ep128_sd1 0.00s
[skipped] s1_packet_spray_combine_mb128_z0.5_ep128_sd1 0.00s
[skipped] s1_packet_spray_combine_mb128_z0.9_ep128_sd1 0.00s
[skipped] s1_packet_spray_combine_mb256_z0_ep128_sd1 0.00s
[skipped] s1_packet_spray_combine_mb256_z0.5_ep128_sd1 0.00s
[skipped] s1_packet_spray_combine_mb256_z0.9_ep128_sd1 0.00s
[skipped] s1_packet_spray_dispatch_mb256_z0.5_ep64_sd1 0.00s
[skipped] s1_packet_spray_dispatch_mb16_z0.5_ep128_sd1 0.00s
[skipped] s1_packet_spray_dispatch_mb64_z0.5_ep128_sd1 0.00s
[skipped] s1_packet_spray_dispatch_mb64_z0.9_ep128_sd1 0.00s
[skipped] s1_packet_spray_dispatch_mb128_z0_ep128_sd1 0.00s
[skipped] s1_packet_spray_dispatch_mb128_z0.5_ep128_sd1 0.00s
[skipped] s1_packet_spray_dispatch_mb128_z0.9_ep128_sd1 0.00s
[skipped] s1_packet_spray_dispatch_mb256_z0_ep128_sd1 0.00s
[skipped] s1_packet_spray_dispatch_mb256_z0.5_ep128_sd1 0.00s
[skipped] s1_packet_spray_dispatch_mb256_z0.9_ep128_sd1 0.00s
[skipped] s1_ub_rg_afd_m2n_mb64_z0.5_ep128_M112_N16_role_packed_sd1 0.00s
[skipped] s1_ub_rg_afd_m2n_mb128_z0_ep128_M112_N16_role_packed_sd1 0.00s
[skipped] s1_ub_rg_afd_m2n_mb128_z0.5_ep128_M64_N64_role_packed_sd1 0.00s
[skipped] s1_ub_rg_afd_m2n_mb128_z0.5_ep128_M112_N16_role_packed_sd1 0.00s
[skipped] s1_ub_rg_afd_m2n_mb128_z0.5_ep128_M124_N4_role_packed_sd1 0.00s
[skipped] s1_ub_rg_afd_m2n_mb128_z1_ep128_M112_N16_role_packed_sd1 0.00s
[skipped] s1_ub_rg_afd_m2n_mb256_z0.5_ep128_M112_N16_role_packed_sd1 0.00s
[skipped] s1_ub_rg_afd_n2m_mb64_z0.5_ep128_M112_N16_role_packed_sd1 0.00s
[skipped] s1_ub_rg_afd_n2m_mb128_z0_ep128_M112_N16_role_packed_sd1 0.00s
[skipped] s1_ub_rg_afd_n2m_mb128_z0.5_ep128_M64_N64_role_packed_sd1 0.00s
[skipped] s1_ub_rg_afd_n2m_mb128_z0.5_ep128_M112_N16_role_packed_sd1 0.00s
[skipped] s1_ub_rg_afd_n2m_mb128_z0.5_ep128_M124_N4_role_packed_sd1 0.00s
[skipped] s1_ub_rg_afd_n2m_mb128_z1_ep128_M112_N16_role_packed_sd1 0.00s
[skipped] s1_ub_rg_afd_n2m_mb256_z0.5_ep128_M112_N16_role_packed_sd1 0.00s
[skipped] s1_ub_rg_combine_mb256_z0.5_ep64_sd1 0.00s
[skipped] s1_ub_rg_combine_mb16_z0.5_ep128_sd1 0.00s
[skipped] s1_ub_rg_combine_mb64_z0.5_ep128_sd1 0.00s
[skipped] s1_ub_rg_combine_mb64_z0.9_ep128_sd1 0.00s
[skipped] s1_ub_rg_combine_mb128_z0.5_ep128_sd1 0.00s
[skipped] s1_ub_rg_combine_mb128_z0_ep128_sd1 0.00s
[skipped] s1_ub_rg_combine_mb128_z0.9_ep128_sd1 0.00s
[skipped] s1_ub_rg_combine_mb256_z0_ep128_sd1 0.00s
[skipped] s1_ub_rg_combine_mb256_z0.5_ep128_sd1 0.00s
[skipped] s1_ub_rg_combine_mb256_z0.9_ep128_sd1 0.00s
[skipped] s1_ub_rg_dispatch_mb256_z0.5_ep64_sd1 0.00s
[skipped] s1_ub_rg_dispatch_mb16_z0.5_ep128_sd1 0.00s
[skipped] s1_ub_rg_dispatch_mb64_z0.5_ep128_sd1 0.00s
[skipped] s1_ub_rg_dispatch_mb64_z0.9_ep128_sd1 0.00s
[skipped] s1_ub_rg_dispatch_mb128_z0_ep128_sd1 0.00s
[skipped] s1_ub_rg_dispatch_mb128_z0.5_ep128_sd1 0.00s
[skipped] s1_ub_rg_dispatch_mb128_z0.9_ep128_sd1 0.00s
[skipped] s1_ub_rg_dispatch_mb256_z0_ep128_sd1 0.00s
[skipped] s1_ub_rg_dispatch_mb256_z0.5_ep128_sd1 0.00s
[skipped] s1_ub_rg_dispatch_mb256_z0.9_ep128_sd1 0.00s
[skipped] s2_packet_spray_afd_m2n_mb128_z0_ep1024_M896_N128_role_packed_sd1 0.00s
[skipped] s2_packet_spray_afd_m2n_mb128_z0.5_ep1024_M896_N128_role_packed_sd1 0.00s
[skipped] s2_packet_spray_afd_m2n_mb128_z1_ep1024_M896_N128_role_packed_sd1 0.00s
[skipped] s2_packet_spray_afd_n2m_mb128_z0_ep1024_M896_N128_role_packed_sd1 0.00s
[skipped] s2_packet_spray_afd_n2m_mb128_z0.5_ep1024_M896_N128_role_packed_sd1 0.00s
[skipped] s1_packet_spray_afd_m2n_mb64_z0.5_ep128_M112_N16_role_packed_sd1 0.00s
[skipped] s1_packet_spray_afd_m2n_mb128_z0_ep128_M112_N16_role_packed_sd1 0.00s
[skipped] s1_packet_spray_afd_m2n_mb128_z0.5_ep128_M64_N64_role_packed_sd1 0.00s
[skipped] s1_packet_spray_afd_m2n_mb128_z0.5_ep128_M112_N16_role_packed_sd1 0.00s
[skipped] s1_packet_spray_afd_m2n_mb128_z0.5_ep128_M124_N4_role_packed_sd1 0.00s
[skipped] s1_packet_spray_afd_m2n_mb128_z1_ep128_M112_N16_role_packed_sd1 0.00s
[skipped] s1_packet_spray_afd_m2n_mb256_z0.5_ep128_M112_N16_role_packed_sd1 0.00s
[skipped] s1_packet_spray_afd_n2m_mb64_z0.5_ep128_M112_N16_role_packed_sd1 0.00s
[skipped] s1_packet_spray_afd_n2m_mb128_z0_ep128_M112_N16_role_packed_sd1 0.00s
[skipped] s1_packet_spray_afd_n2m_mb128_z0.5_ep128_M64_N64_role_packed_sd1 0.00s
[skipped] s1_packet_spray_afd_n2m_mb128_z0.5_ep128_M112_N16_role_packed_sd1 0.00s
[skipped] s1_packet_spray_afd_n2m_mb128_z0.5_ep128_M124_N4_role_packed_sd1 0.00s
[skipped] s1_packet_spray_afd_n2m_mb128_z1_ep128_M112_N16_role_packed_sd1 0.00s
[skipped] s1_packet_spray_afd_n2m_mb256_z0.5_ep128_M112_N16_role_packed_sd1 0.00s
[skipped] s1_packet_spray_combine_mb256_z0.5_ep64_sd1 0.00s
[skipped] s1_packet_spray_combine_mb16_z0.5_ep128_sd1 0.00s
[skipped] s1_packet_spray_combine_mb64_z0.5_ep128_sd1 0.00s
[skipped] s1_packet_spray_combine_mb64_z0.9_ep128_sd1 0.00s
[skipped] s1_packet_spray_combine_mb128_z0_ep128_sd1 0.00s
[skipped] s1_packet_spray_combine_mb128_z0.5_ep128_sd1 0.00s
[skipped] s1_packet_spray_combine_mb128_z0.9_ep128_sd1 0.00s
[skipped] s1_packet_spray_combine_mb256_z0_ep128_sd1 0.00s
[skipped] s1_packet_spray_combine_mb256_z0.5_ep128_sd1 0.00s
[skipped] s1_packet_spray_combine_mb256_z0.9_ep128_sd1 0.00s
[skipped] s1_packet_spray_dispatch_mb256_z0.5_ep64_sd1 0.00s
[skipped] s1_packet_spray_dispatch_mb16_z0.5_ep128_sd1 0.00s
[skipped] s1_packet_spray_dispatch_mb64_z0.5_ep128_sd1 0.00s
[skipped] s1_packet_spray_dispatch_mb64_z0.9_ep128_sd1 0.00s
[skipped] s1_packet_spray_dispatch_mb128_z0.5_ep128_sd1 0.00s
[skipped] s1_packet_spray_dispatch_mb128_z0_ep128_sd1 0.00s
[skipped] s1_packet_spray_dispatch_mb128_z0.9_ep128_sd1 0.00s
[skipped] s1_packet_spray_dispatch_mb256_z0_ep128_sd1 0.00s
[skipped] s1_packet_spray_dispatch_mb256_z0.5_ep128_sd1 0.00s
[skipped] s1_packet_spray_dispatch_mb256_z0.9_ep128_sd1 0.00s
[skipped] s1_ub_rg_afd_m2n_mb64_z0.5_ep128_M112_N16_role_packed_sd1 0.00s
[skipped] s1_ub_rg_afd_m2n_mb128_z0_ep128_M112_N16_role_packed_sd1 0.00s
[skipped] s1_ub_rg_afd_m2n_mb128_z0.5_ep128_M64_N64_role_packed_sd1 0.00s
[skipped] s1_ub_rg_afd_m2n_mb128_z0.5_ep128_M112_N16_role_packed_sd1 0.00s
[skipped] s1_ub_rg_afd_m2n_mb128_z0.5_ep128_M124_N4_role_packed_sd1 0.00s
[skipped] s1_ub_rg_afd_m2n_mb128_z1_ep128_M112_N16_role_packed_sd1 0.00s
[skipped] s1_ub_rg_afd_m2n_mb256_z0.5_ep128_M112_N16_role_packed_sd1 0.00s
[skipped] s1_ub_rg_afd_n2m_mb64_z0.5_ep128_M112_N16_role_packed_sd1 0.00s
[skipped] s1_ub_rg_afd_n2m_mb128_z0_ep128_M112_N16_role_packed_sd1 0.00s
[skipped] s1_ub_rg_afd_n2m_mb128_z0.5_ep128_M64_N64_role_packed_sd1 0.00s
[skipped] s1_ub_rg_afd_n2m_mb128_z0.5_ep128_M112_N16_role_packed_sd1 0.00s
[skipped] s1_ub_rg_afd_n2m_mb128_z1_ep128_M112_N16_role_packed_sd1 0.00s
[skipped] s1_ub_rg_afd_n2m_mb128_z0.5_ep128_M124_N4_role_packed_sd1 0.00s
[skipped] s1_ub_rg_afd_n2m_mb256_z0.5_ep128_M112_N16_role_packed_sd1 0.00s
[skipped] s1_ub_rg_combine_mb256_z0.5_ep64_sd1 0.00s
[skipped] s1_ub_rg_combine_mb16_z0.5_ep128_sd1 0.00s
[skipped] s1_ub_rg_combine_mb64_z0.5_ep128_sd1 0.00s
[skipped] s1_ub_rg_combine_mb64_z0.9_ep128_sd1 0.00s
[skipped] s1_ub_rg_combine_mb128_z0_ep128_sd1 0.00s
[skipped] s1_ub_rg_combine_mb128_z0.5_ep128_sd1 0.00s
[skipped] s1_ub_rg_combine_mb128_z0.9_ep128_sd1 0.00s
[skipped] s1_ub_rg_combine_mb256_z0_ep128_sd1 0.00s
[skipped] s1_ub_rg_combine_mb256_z0.5_ep128_sd1 0.00s
[skipped] s1_ub_rg_combine_mb256_z0.9_ep128_sd1 0.00s
[skipped] s1_ub_rg_dispatch_mb256_z0.5_ep64_sd1 0.00s
[skipped] s1_ub_rg_dispatch_mb16_z0.5_ep128_sd1 0.00s
[skipped] s1_ub_rg_dispatch_mb64_z0.5_ep128_sd1 0.00s
[skipped] s1_ub_rg_dispatch_mb64_z0.9_ep128_sd1 0.00s
[skipped] s1_ub_rg_dispatch_mb128_z0_ep128_sd1 0.00s
[skipped] s1_ub_rg_dispatch_mb128_z0.5_ep128_sd1 0.00s
[skipped] s1_ub_rg_dispatch_mb128_z0.9_ep128_sd1 0.00s
[skipped] s1_ub_rg_dispatch_mb256_z0_ep128_sd1 0.00s
[skipped] s1_ub_rg_dispatch_mb256_z0.5_ep128_sd1 0.00s
[skipped] s1_ub_rg_dispatch_mb256_z0.9_ep128_sd1 0.00s
[skipped] s2_packet_spray_afd_m2n_mb128_z0_ep1024_M896_N128_role_packed_sd1 0.00s
[skipped] s2_packet_spray_afd_m2n_mb128_z0.5_ep1024_M896_N128_role_packed_sd1 0.00s
[skipped] s2_packet_spray_afd_m2n_mb128_z1_ep1024_M896_N128_role_packed_sd1 0.00s
[skipped] s2_packet_spray_afd_n2m_mb128_z0_ep1024_M896_N128_role_packed_sd1 0.00s
[skipped] s2_packet_spray_afd_n2m_mb128_z0.5_ep1024_M896_N128_role_packed_sd1 0.00s

==== RESUME workers=2 2026-07-21T11:39:11+08:00 pid=105689 ====

==== RESUME workers=1 2026-07-21T14:08:44+08:00 ====
[skipped] s1_packet_spray_afd_m2n_mb64_z0.5_ep128_M112_N16_role_packed_sd1 0.00s
[skipped] s1_packet_spray_afd_m2n_mb128_z0_ep128_M112_N16_role_packed_sd1 0.00s
[skipped] s1_packet_spray_afd_m2n_mb128_z0.5_ep128_M64_N64_role_packed_sd1 0.00s
[skipped] s1_packet_spray_afd_m2n_mb128_z0.5_ep128_M112_N16_role_packed_sd1 0.00s
[skipped] s1_packet_spray_afd_m2n_mb128_z0.5_ep128_M124_N4_role_packed_sd1 0.00s
[skipped] s1_packet_spray_afd_m2n_mb128_z1_ep128_M112_N16_role_packed_sd1 0.00s
[skipped] s1_packet_spray_afd_m2n_mb256_z0.5_ep128_M112_N16_role_packed_sd1 0.00s
[skipped] s1_packet_spray_afd_n2m_mb64_z0.5_ep128_M112_N16_role_packed_sd1 0.00s
[skipped] s1_packet_spray_afd_n2m_mb128_z0_ep128_M112_N16_role_packed_sd1 0.00s
[skipped] s1_packet_spray_afd_n2m_mb128_z0.5_ep128_M64_N64_role_packed_sd1 0.00s
[skipped] s1_packet_spray_afd_n2m_mb128_z0.5_ep128_M112_N16_role_packed_sd1 0.00s
[skipped] s1_packet_spray_afd_n2m_mb128_z0.5_ep128_M124_N4_role_packed_sd1 0.00s
[skipped] s1_packet_spray_afd_n2m_mb128_z1_ep128_M112_N16_role_packed_sd1 0.00s
[skipped] s1_packet_spray_afd_n2m_mb256_z0.5_ep128_M112_N16_role_packed_sd1 0.00s
[skipped] s1_packet_spray_combine_mb256_z0.5_ep64_sd1 0.00s
[skipped] s1_packet_spray_combine_mb16_z0.5_ep128_sd1 0.00s
[skipped] s1_packet_spray_combine_mb64_z0.5_ep128_sd1 0.00s
[skipped] s1_packet_spray_combine_mb64_z0.9_ep128_sd1 0.00s
[skipped] s1_packet_spray_combine_mb128_z0_ep128_sd1 0.00s
[skipped] s1_packet_spray_combine_mb128_z0.5_ep128_sd1 0.00s
[skipped] s1_packet_spray_combine_mb128_z0.9_ep128_sd1 0.00s
[skipped] s1_packet_spray_combine_mb256_z0_ep128_sd1 0.00s
[skipped] s1_packet_spray_combine_mb256_z0.5_ep128_sd1 0.00s
[skipped] s1_packet_spray_combine_mb256_z0.9_ep128_sd1 0.00s
[skipped] s1_packet_spray_dispatch_mb256_z0.5_ep64_sd1 0.00s
[skipped] s1_packet_spray_dispatch_mb16_z0.5_ep128_sd1 0.00s
[skipped] s1_packet_spray_dispatch_mb64_z0.5_ep128_sd1 0.00s
[skipped] s1_packet_spray_dispatch_mb64_z0.9_ep128_sd1 0.00s
[skipped] s1_packet_spray_dispatch_mb128_z0_ep128_sd1 0.00s
[skipped] s1_packet_spray_dispatch_mb128_z0.5_ep128_sd1 0.00s
[skipped] s1_packet_spray_dispatch_mb128_z0.9_ep128_sd1 0.00s
[skipped] s1_packet_spray_dispatch_mb256_z0_ep128_sd1 0.00s
[skipped] s1_packet_spray_dispatch_mb256_z0.5_ep128_sd1 0.00s
[skipped] s1_packet_spray_dispatch_mb256_z0.9_ep128_sd1 0.00s
[skipped] s1_ub_rg_afd_m2n_mb64_z0.5_ep128_M112_N16_role_packed_sd1 0.00s
[skipped] s1_ub_rg_afd_m2n_mb128_z0_ep128_M112_N16_role_packed_sd1 0.00s
[skipped] s1_ub_rg_afd_m2n_mb128_z0.5_ep128_M64_N64_role_packed_sd1 0.00s
[skipped] s1_ub_rg_afd_m2n_mb128_z0.5_ep128_M112_N16_role_packed_sd1 0.00s
[skipped] s1_ub_rg_afd_m2n_mb128_z0.5_ep128_M124_N4_role_packed_sd1 0.00s
[skipped] s1_ub_rg_afd_m2n_mb128_z1_ep128_M112_N16_role_packed_sd1 0.00s
[skipped] s1_ub_rg_afd_m2n_mb256_z0.5_ep128_M112_N16_role_packed_sd1 0.00s
[skipped] s1_ub_rg_afd_n2m_mb64_z0.5_ep128_M112_N16_role_packed_sd1 0.00s
[skipped] s1_ub_rg_afd_n2m_mb128_z0_ep128_M112_N16_role_packed_sd1 0.00s
[skipped] s1_ub_rg_afd_n2m_mb128_z0.5_ep128_M64_N64_role_packed_sd1 0.00s
[skipped] s1_ub_rg_afd_n2m_mb128_z0.5_ep128_M112_N16_role_packed_sd1 0.00s
[skipped] s1_ub_rg_afd_n2m_mb128_z0.5_ep128_M124_N4_role_packed_sd1 0.00s
[skipped] s1_ub_rg_afd_n2m_mb128_z1_ep128_M112_N16_role_packed_sd1 0.00s
[skipped] s1_ub_rg_afd_n2m_mb256_z0.5_ep128_M112_N16_role_packed_sd1 0.00s
[skipped] s1_ub_rg_combine_mb256_z0.5_ep64_sd1 0.00s
[skipped] s1_ub_rg_combine_mb16_z0.5_ep128_sd1 0.00s
[skipped] s1_ub_rg_combine_mb64_z0.5_ep128_sd1 0.00s
[skipped] s1_ub_rg_combine_mb64_z0.9_ep128_sd1 0.00s
[skipped] s1_ub_rg_combine_mb128_z0_ep128_sd1 0.00s
[skipped] s1_ub_rg_combine_mb128_z0.5_ep128_sd1 0.00s
[skipped] s1_ub_rg_combine_mb128_z0.9_ep128_sd1 0.00s
[skipped] s1_ub_rg_combine_mb256_z0_ep128_sd1 0.00s
[skipped] s1_ub_rg_combine_mb256_z0.5_ep128_sd1 0.00s
[skipped] s1_ub_rg_combine_mb256_z0.9_ep128_sd1 0.00s
[skipped] s1_ub_rg_dispatch_mb256_z0.5_ep64_sd1 0.00s
[skipped] s1_ub_rg_dispatch_mb16_z0.5_ep128_sd1 0.00s
[skipped] s1_ub_rg_dispatch_mb64_z0.5_ep128_sd1 0.00s
[skipped] s1_ub_rg_dispatch_mb64_z0.9_ep128_sd1 0.00s
[skipped] s1_ub_rg_dispatch_mb128_z0_ep128_sd1 0.00s
[skipped] s1_ub_rg_dispatch_mb128_z0.5_ep128_sd1 0.00s
[skipped] s1_ub_rg_dispatch_mb128_z0.9_ep128_sd1 0.00s
[skipped] s1_ub_rg_dispatch_mb256_z0_ep128_sd1 0.00s
[skipped] s1_ub_rg_dispatch_mb256_z0.5_ep128_sd1 0.00s
[skipped] s1_ub_rg_dispatch_mb256_z0.9_ep128_sd1 0.00s
[skipped] s2_packet_spray_afd_m2n_mb128_z0_ep1024_M896_N128_role_packed_sd1 0.00s
[skipped] s2_packet_spray_afd_m2n_mb128_z0.5_ep1024_M896_N128_role_packed_sd1 0.00s
[skipped] s2_packet_spray_afd_m2n_mb128_z1_ep1024_M896_N128_role_packed_sd1 0.00s
[skipped] s2_packet_spray_afd_n2m_mb128_z0_ep1024_M896_N128_role_packed_sd1 0.00s
[skipped] s2_packet_spray_afd_n2m_mb128_z0.5_ep1024_M896_N128_role_packed_sd1 0.00s
[completed] s2_packet_spray_afd_n2m_mb128_z1_ep1024_M896_N128_role_packed_sd1 1428.12s

==== RESUME workers=1 2026-07-21T15:31:16+08:00 ====
[skipped] s1_packet_spray_afd_m2n_mb64_z0.5_ep128_M112_N16_role_packed_sd1 0.00s
[skipped] s1_packet_spray_afd_m2n_mb128_z0_ep128_M112_N16_role_packed_sd1 0.00s
[skipped] s1_packet_spray_afd_m2n_mb128_z0.5_ep128_M64_N64_role_packed_sd1 0.00s
[skipped] s1_packet_spray_afd_m2n_mb128_z0.5_ep128_M112_N16_role_packed_sd1 0.00s
[skipped] s1_packet_spray_afd_m2n_mb128_z0.5_ep128_M124_N4_role_packed_sd1 0.00s
[skipped] s1_packet_spray_afd_m2n_mb128_z1_ep128_M112_N16_role_packed_sd1 0.00s
[skipped] s1_packet_spray_afd_m2n_mb256_z0.5_ep128_M112_N16_role_packed_sd1 0.00s
[skipped] s1_packet_spray_afd_n2m_mb64_z0.5_ep128_M112_N16_role_packed_sd1 0.00s
[skipped] s1_packet_spray_afd_n2m_mb128_z0_ep128_M112_N16_role_packed_sd1 0.00s
[skipped] s1_packet_spray_afd_n2m_mb128_z0.5_ep128_M64_N64_role_packed_sd1 0.00s
[skipped] s1_packet_spray_afd_n2m_mb128_z0.5_ep128_M112_N16_role_packed_sd1 0.00s
[skipped] s1_packet_spray_afd_n2m_mb128_z0.5_ep128_M124_N4_role_packed_sd1 0.00s
[skipped] s1_packet_spray_afd_n2m_mb128_z1_ep128_M112_N16_role_packed_sd1 0.00s
[skipped] s1_packet_spray_afd_n2m_mb256_z0.5_ep128_M112_N16_role_packed_sd1 0.00s
[skipped] s1_packet_spray_combine_mb256_z0.5_ep64_sd1 0.00s
[skipped] s1_packet_spray_combine_mb16_z0.5_ep128_sd1 0.00s
[skipped] s1_packet_spray_combine_mb64_z0.5_ep128_sd1 0.00s
[skipped] s1_packet_spray_combine_mb64_z0.9_ep128_sd1 0.00s
[skipped] s1_packet_spray_combine_mb128_z0_ep128_sd1 0.00s
[skipped] s1_packet_spray_combine_mb128_z0.5_ep128_sd1 0.00s
[skipped] s1_packet_spray_combine_mb128_z0.9_ep128_sd1 0.00s
[skipped] s1_packet_spray_combine_mb256_z0_ep128_sd1 0.00s
[skipped] s1_packet_spray_combine_mb256_z0.5_ep128_sd1 0.00s
[skipped] s1_packet_spray_combine_mb256_z0.9_ep128_sd1 0.00s
[skipped] s1_packet_spray_dispatch_mb256_z0.5_ep64_sd1 0.00s
[skipped] s1_packet_spray_dispatch_mb16_z0.5_ep128_sd1 0.00s
[skipped] s1_packet_spray_dispatch_mb64_z0.5_ep128_sd1 0.00s
[skipped] s1_packet_spray_dispatch_mb64_z0.9_ep128_sd1 0.00s
[skipped] s1_packet_spray_dispatch_mb128_z0_ep128_sd1 0.00s
[skipped] s1_packet_spray_dispatch_mb128_z0.5_ep128_sd1 0.00s
[skipped] s1_packet_spray_dispatch_mb128_z0.9_ep128_sd1 0.00s
[skipped] s1_packet_spray_dispatch_mb256_z0_ep128_sd1 0.00s
[skipped] s1_packet_spray_dispatch_mb256_z0.5_ep128_sd1 0.00s
[skipped] s1_packet_spray_dispatch_mb256_z0.9_ep128_sd1 0.00s
[skipped] s1_ub_rg_afd_m2n_mb64_z0.5_ep128_M112_N16_role_packed_sd1 0.00s
[skipped] s1_ub_rg_afd_m2n_mb128_z0_ep128_M112_N16_role_packed_sd1 0.00s
[skipped] s1_ub_rg_afd_m2n_mb128_z0.5_ep128_M64_N64_role_packed_sd1 0.00s
[skipped] s1_ub_rg_afd_m2n_mb128_z0.5_ep128_M112_N16_role_packed_sd1 0.00s
[skipped] s1_ub_rg_afd_m2n_mb128_z0.5_ep128_M124_N4_role_packed_sd1 0.00s
[skipped] s1_ub_rg_afd_m2n_mb128_z1_ep128_M112_N16_role_packed_sd1 0.00s
[skipped] s1_ub_rg_afd_m2n_mb256_z0.5_ep128_M112_N16_role_packed_sd1 0.00s
[skipped] s1_ub_rg_afd_n2m_mb64_z0.5_ep128_M112_N16_role_packed_sd1 0.00s
[skipped] s1_ub_rg_afd_n2m_mb128_z0_ep128_M112_N16_role_packed_sd1 0.00s
[skipped] s1_ub_rg_afd_n2m_mb128_z0.5_ep128_M64_N64_role_packed_sd1 0.00s
[skipped] s1_ub_rg_afd_n2m_mb128_z0.5_ep128_M112_N16_role_packed_sd1 0.00s
[skipped] s1_ub_rg_afd_n2m_mb128_z0.5_ep128_M124_N4_role_packed_sd1 0.00s
[skipped] s1_ub_rg_afd_n2m_mb128_z1_ep128_M112_N16_role_packed_sd1 0.00s
[skipped] s1_ub_rg_afd_n2m_mb256_z0.5_ep128_M112_N16_role_packed_sd1 0.00s
[skipped] s1_ub_rg_combine_mb256_z0.5_ep64_sd1 0.00s
[skipped] s1_ub_rg_combine_mb16_z0.5_ep128_sd1 0.00s
[skipped] s1_ub_rg_combine_mb64_z0.5_ep128_sd1 0.00s
[skipped] s1_ub_rg_combine_mb64_z0.9_ep128_sd1 0.00s
[skipped] s1_ub_rg_combine_mb128_z0_ep128_sd1 0.00s
[skipped] s1_ub_rg_combine_mb128_z0.5_ep128_sd1 0.00s
[skipped] s1_ub_rg_combine_mb128_z0.9_ep128_sd1 0.00s
[skipped] s1_ub_rg_combine_mb256_z0_ep128_sd1 0.00s
[skipped] s1_ub_rg_combine_mb256_z0.5_ep128_sd1 0.00s
[skipped] s1_ub_rg_combine_mb256_z0.9_ep128_sd1 0.00s
[skipped] s1_ub_rg_dispatch_mb256_z0.5_ep64_sd1 0.00s
[skipped] s1_ub_rg_dispatch_mb16_z0.5_ep128_sd1 0.00s
[skipped] s1_ub_rg_dispatch_mb64_z0.5_ep128_sd1 0.00s
[skipped] s1_ub_rg_dispatch_mb64_z0.9_ep128_sd1 0.00s
[skipped] s1_ub_rg_dispatch_mb128_z0_ep128_sd1 0.00s
[skipped] s1_ub_rg_dispatch_mb128_z0.5_ep128_sd1 0.00s
[skipped] s1_ub_rg_dispatch_mb128_z0.9_ep128_sd1 0.00s
[skipped] s1_ub_rg_dispatch_mb256_z0_ep128_sd1 0.00s
[skipped] s1_ub_rg_dispatch_mb256_z0.5_ep128_sd1 0.00s
[skipped] s1_ub_rg_dispatch_mb256_z0.9_ep128_sd1 0.00s
[skipped] s2_packet_spray_afd_m2n_mb128_z0_ep1024_M896_N128_role_packed_sd1 0.00s
[skipped] s2_packet_spray_afd_m2n_mb128_z0.5_ep1024_M896_N128_role_packed_sd1 0.00s
[skipped] s2_packet_spray_afd_m2n_mb128_z1_ep1024_M896_N128_role_packed_sd1 0.00s
[skipped] s2_packet_spray_afd_n2m_mb128_z0_ep1024_M896_N128_role_packed_sd1 0.00s
[skipped] s2_packet_spray_afd_n2m_mb128_z0.5_ep1024_M896_N128_role_packed_sd1 0.00s
[skipped] s2_packet_spray_afd_n2m_mb128_z1_ep1024_M896_N128_role_packed_sd1 0.00s
==== RESUME workers=1 2026-07-21T15:32:24+08:00 ====
[skipped] s1_packet_spray_afd_m2n_mb64_z0.5_ep128_M112_N16_role_packed_sd1 0.00s
[skipped] s1_packet_spray_afd_m2n_mb128_z0_ep128_M112_N16_role_packed_sd1 0.00s
[skipped] s1_packet_spray_afd_m2n_mb128_z0.5_ep128_M64_N64_role_packed_sd1 0.00s
[skipped] s1_packet_spray_afd_m2n_mb128_z0.5_ep128_M112_N16_role_packed_sd1 0.00s
[skipped] s1_packet_spray_afd_m2n_mb128_z0.5_ep128_M124_N4_role_packed_sd1 0.00s
[skipped] s1_packet_spray_afd_m2n_mb128_z1_ep128_M112_N16_role_packed_sd1 0.00s
[skipped] s1_packet_spray_afd_m2n_mb256_z0.5_ep128_M112_N16_role_packed_sd1 0.00s
[skipped] s1_packet_spray_afd_n2m_mb64_z0.5_ep128_M112_N16_role_packed_sd1 0.00s
[skipped] s1_packet_spray_afd_n2m_mb128_z0_ep128_M112_N16_role_packed_sd1 0.00s
[skipped] s1_packet_spray_afd_n2m_mb128_z0.5_ep128_M64_N64_role_packed_sd1 0.00s
[skipped] s1_packet_spray_afd_n2m_mb128_z0.5_ep128_M112_N16_role_packed_sd1 0.00s
[skipped] s1_packet_spray_afd_n2m_mb128_z0.5_ep128_M124_N4_role_packed_sd1 0.00s
[skipped] s1_packet_spray_afd_n2m_mb128_z1_ep128_M112_N16_role_packed_sd1 0.00s
[skipped] s1_packet_spray_afd_n2m_mb256_z0.5_ep128_M112_N16_role_packed_sd1 0.00s
[skipped] s1_packet_spray_combine_mb256_z0.5_ep64_sd1 0.00s
[skipped] s1_packet_spray_combine_mb16_z0.5_ep128_sd1 0.00s
[skipped] s1_packet_spray_combine_mb64_z0.5_ep128_sd1 0.00s
[skipped] s1_packet_spray_combine_mb64_z0.9_ep128_sd1 0.00s
[skipped] s1_packet_spray_combine_mb128_z0_ep128_sd1 0.00s
[skipped] s1_packet_spray_combine_mb128_z0.5_ep128_sd1 0.00s
[skipped] s1_packet_spray_combine_mb128_z0.9_ep128_sd1 0.00s
[skipped] s1_packet_spray_combine_mb256_z0_ep128_sd1 0.00s
[skipped] s1_packet_spray_combine_mb256_z0.5_ep128_sd1 0.00s
[skipped] s1_packet_spray_combine_mb256_z0.9_ep128_sd1 0.00s
[skipped] s1_packet_spray_dispatch_mb256_z0.5_ep64_sd1 0.00s
[skipped] s1_packet_spray_dispatch_mb16_z0.5_ep128_sd1 0.00s
[skipped] s1_packet_spray_dispatch_mb64_z0.5_ep128_sd1 0.00s
[skipped] s1_packet_spray_dispatch_mb64_z0.9_ep128_sd1 0.00s
[skipped] s1_packet_spray_dispatch_mb128_z0_ep128_sd1 0.00s
[skipped] s1_packet_spray_dispatch_mb128_z0.5_ep128_sd1 0.00s
[skipped] s1_packet_spray_dispatch_mb128_z0.9_ep128_sd1 0.00s
[skipped] s1_packet_spray_dispatch_mb256_z0_ep128_sd1 0.00s
[skipped] s1_packet_spray_dispatch_mb256_z0.5_ep128_sd1 0.00s
[skipped] s1_packet_spray_dispatch_mb256_z0.9_ep128_sd1 0.00s
[skipped] s1_ub_rg_afd_m2n_mb64_z0.5_ep128_M112_N16_role_packed_sd1 0.00s
[skipped] s1_ub_rg_afd_m2n_mb128_z0_ep128_M112_N16_role_packed_sd1 0.00s
[skipped] s1_ub_rg_afd_m2n_mb128_z0.5_ep128_M64_N64_role_packed_sd1 0.00s
[skipped] s1_ub_rg_afd_m2n_mb128_z0.5_ep128_M112_N16_role_packed_sd1 0.00s
[skipped] s1_ub_rg_afd_m2n_mb128_z0.5_ep128_M124_N4_role_packed_sd1 0.00s
[skipped] s1_ub_rg_afd_m2n_mb128_z1_ep128_M112_N16_role_packed_sd1 0.00s
[skipped] s1_ub_rg_afd_m2n_mb256_z0.5_ep128_M112_N16_role_packed_sd1 0.00s
[skipped] s1_ub_rg_afd_n2m_mb64_z0.5_ep128_M112_N16_role_packed_sd1 0.00s
[skipped] s1_ub_rg_afd_n2m_mb128_z0_ep128_M112_N16_role_packed_sd1 0.00s
[skipped] s1_ub_rg_afd_n2m_mb128_z0.5_ep128_M64_N64_role_packed_sd1 0.00s
[skipped] s1_ub_rg_afd_n2m_mb128_z0.5_ep128_M112_N16_role_packed_sd1 0.00s
[skipped] s1_ub_rg_afd_n2m_mb128_z0.5_ep128_M124_N4_role_packed_sd1 0.00s
[skipped] s1_ub_rg_afd_n2m_mb128_z1_ep128_M112_N16_role_packed_sd1 0.00s
[skipped] s1_ub_rg_afd_n2m_mb256_z0.5_ep128_M112_N16_role_packed_sd1 0.00s
[skipped] s1_ub_rg_combine_mb256_z0.5_ep64_sd1 0.00s
[skipped] s1_ub_rg_combine_mb16_z0.5_ep128_sd1 0.00s
[skipped] s1_ub_rg_combine_mb64_z0.5_ep128_sd1 0.00s
[skipped] s1_ub_rg_combine_mb64_z0.9_ep128_sd1 0.00s
[skipped] s1_ub_rg_combine_mb128_z0_ep128_sd1 0.00s
[skipped] s1_ub_rg_combine_mb128_z0.5_ep128_sd1 0.00s
[skipped] s1_ub_rg_combine_mb128_z0.9_ep128_sd1 0.00s
[skipped] s1_ub_rg_combine_mb256_z0_ep128_sd1 0.00s
[skipped] s1_ub_rg_combine_mb256_z0.5_ep128_sd1 0.00s
[skipped] s1_ub_rg_combine_mb256_z0.9_ep128_sd1 0.00s
[skipped] s1_ub_rg_dispatch_mb256_z0.5_ep64_sd1 0.00s
[skipped] s1_ub_rg_dispatch_mb16_z0.5_ep128_sd1 0.00s
[skipped] s1_ub_rg_dispatch_mb64_z0.5_ep128_sd1 0.00s
[skipped] s1_ub_rg_dispatch_mb64_z0.9_ep128_sd1 0.00s
[skipped] s1_ub_rg_dispatch_mb128_z0_ep128_sd1 0.00s
[skipped] s1_ub_rg_dispatch_mb128_z0.5_ep128_sd1 0.00s
[skipped] s1_ub_rg_dispatch_mb128_z0.9_ep128_sd1 0.00s
[skipped] s1_ub_rg_dispatch_mb256_z0_ep128_sd1 0.00s
[skipped] s1_ub_rg_dispatch_mb256_z0.5_ep128_sd1 0.00s
[skipped] s1_ub_rg_dispatch_mb256_z0.9_ep128_sd1 0.00s
[skipped] s2_packet_spray_afd_m2n_mb128_z0_ep1024_M896_N128_role_packed_sd1 0.00s
[skipped] s2_packet_spray_afd_m2n_mb128_z0.5_ep1024_M896_N128_role_packed_sd1 0.00s
[skipped] s2_packet_spray_afd_m2n_mb128_z1_ep1024_M896_N128_role_packed_sd1 0.00s
[skipped] s2_packet_spray_afd_n2m_mb128_z0_ep1024_M896_N128_role_packed_sd1 0.00s
[skipped] s2_packet_spray_afd_n2m_mb128_z0.5_ep1024_M896_N128_role_packed_sd1 0.00s
[skipped] s2_packet_spray_afd_n2m_mb128_z1_ep1024_M896_N128_role_packed_sd1 0.00s
==== RUNNER EXIT NO LEDGER 2026-07-21T15:36:33+08:00 pid=113526 ====
[skipped] s1_packet_spray_afd_m2n_mb64_z0.5_ep128_M112_N16_role_packed_sd1 0.00s
[skipped] s1_packet_spray_afd_m2n_mb128_z0_ep128_M112_N16_role_packed_sd1 0.00s
[skipped] s1_packet_spray_afd_m2n_mb128_z0.5_ep128_M64_N64_role_packed_sd1 0.00s
[skipped] s1_packet_spray_afd_m2n_mb128_z0.5_ep128_M112_N16_role_packed_sd1 0.00s
[skipped] s1_packet_spray_afd_m2n_mb128_z0.5_ep128_M124_N4_role_packed_sd1 0.00s
[skipped] s1_packet_spray_afd_m2n_mb128_z1_ep128_M112_N16_role_packed_sd1 0.00s
[skipped] s1_packet_spray_afd_m2n_mb256_z0.5_ep128_M112_N16_role_packed_sd1 0.00s
[skipped] s1_packet_spray_afd_n2m_mb64_z0.5_ep128_M112_N16_role_packed_sd1 0.00s
[skipped] s1_packet_spray_afd_n2m_mb128_z0_ep128_M112_N16_role_packed_sd1 0.00s
[skipped] s1_packet_spray_afd_n2m_mb128_z0.5_ep128_M64_N64_role_packed_sd1 0.00s
[skipped] s1_packet_spray_afd_n2m_mb128_z0.5_ep128_M112_N16_role_packed_sd1 0.00s
[skipped] s1_packet_spray_afd_n2m_mb128_z0.5_ep128_M124_N4_role_packed_sd1 0.00s
[skipped] s1_packet_spray_afd_n2m_mb128_z1_ep128_M112_N16_role_packed_sd1 0.00s
[skipped] s1_packet_spray_afd_n2m_mb256_z0.5_ep128_M112_N16_role_packed_sd1 0.00s
[skipped] s1_packet_spray_combine_mb256_z0.5_ep64_sd1 0.00s
[skipped] s1_packet_spray_combine_mb16_z0.5_ep128_sd1 0.00s
[skipped] s1_packet_spray_combine_mb64_z0.5_ep128_sd1 0.00s
[skipped] s1_packet_spray_combine_mb64_z0.9_ep128_sd1 0.00s
[skipped] s1_packet_spray_combine_mb128_z0_ep128_sd1 0.00s
[skipped] s1_packet_spray_combine_mb128_z0.5_ep128_sd1 0.00s
[skipped] s1_packet_spray_combine_mb128_z0.9_ep128_sd1 0.00s
[skipped] s1_packet_spray_combine_mb256_z0_ep128_sd1 0.00s
[skipped] s1_packet_spray_combine_mb256_z0.5_ep128_sd1 0.00s
[skipped] s1_packet_spray_combine_mb256_z0.9_ep128_sd1 0.00s
[skipped] s1_packet_spray_dispatch_mb256_z0.5_ep64_sd1 0.00s
[skipped] s1_packet_spray_dispatch_mb16_z0.5_ep128_sd1 0.00s
[skipped] s1_packet_spray_dispatch_mb64_z0.5_ep128_sd1 0.00s
[skipped] s1_packet_spray_dispatch_mb64_z0.9_ep128_sd1 0.00s
[skipped] s1_packet_spray_dispatch_mb128_z0_ep128_sd1 0.00s
[skipped] s1_packet_spray_dispatch_mb128_z0.5_ep128_sd1 0.00s
[skipped] s1_packet_spray_dispatch_mb128_z0.9_ep128_sd1 0.00s
[skipped] s1_packet_spray_dispatch_mb256_z0_ep128_sd1 0.00s
[skipped] s1_packet_spray_dispatch_mb256_z0.5_ep128_sd1 0.00s
[skipped] s1_packet_spray_dispatch_mb256_z0.9_ep128_sd1 0.00s
[skipped] s1_ub_rg_afd_m2n_mb64_z0.5_ep128_M112_N16_role_packed_sd1 0.00s
[skipped] s1_ub_rg_afd_m2n_mb128_z0_ep128_M112_N16_role_packed_sd1 0.00s
[skipped] s1_ub_rg_afd_m2n_mb128_z0.5_ep128_M64_N64_role_packed_sd1 0.00s
[skipped] s1_ub_rg_afd_m2n_mb128_z0.5_ep128_M112_N16_role_packed_sd1 0.00s
[skipped] s1_ub_rg_afd_m2n_mb128_z0.5_ep128_M124_N4_role_packed_sd1 0.00s
[skipped] s1_ub_rg_afd_m2n_mb128_z1_ep128_M112_N16_role_packed_sd1 0.00s
[skipped] s1_ub_rg_afd_m2n_mb256_z0.5_ep128_M112_N16_role_packed_sd1 0.00s
[skipped] s1_ub_rg_afd_n2m_mb64_z0.5_ep128_M112_N16_role_packed_sd1 0.00s
[skipped] s1_ub_rg_afd_n2m_mb128_z0_ep128_M112_N16_role_packed_sd1 0.00s
[skipped] s1_ub_rg_afd_n2m_mb128_z0.5_ep128_M64_N64_role_packed_sd1 0.00s
[skipped] s1_ub_rg_afd_n2m_mb128_z0.5_ep128_M112_N16_role_packed_sd1 0.00s
[skipped] s1_ub_rg_afd_n2m_mb128_z0.5_ep128_M124_N4_role_packed_sd1 0.00s
[skipped] s1_ub_rg_afd_n2m_mb128_z1_ep128_M112_N16_role_packed_sd1 0.00s
[skipped] s1_ub_rg_afd_n2m_mb256_z0.5_ep128_M112_N16_role_packed_sd1 0.00s
[skipped] s1_ub_rg_combine_mb256_z0.5_ep64_sd1 0.00s
[skipped] s1_ub_rg_combine_mb16_z0.5_ep128_sd1 0.00s
[skipped] s1_ub_rg_combine_mb64_z0.5_ep128_sd1 0.00s
[skipped] s1_ub_rg_combine_mb64_z0.9_ep128_sd1 0.00s
[skipped] s1_ub_rg_combine_mb128_z0_ep128_sd1 0.00s
[skipped] s1_ub_rg_combine_mb128_z0.5_ep128_sd1 0.00s
[skipped] s1_ub_rg_combine_mb128_z0.9_ep128_sd1 0.00s
[skipped] s1_ub_rg_combine_mb256_z0_ep128_sd1 0.00s
[skipped] s1_ub_rg_combine_mb256_z0.5_ep128_sd1 0.00s
[skipped] s1_ub_rg_combine_mb256_z0.9_ep128_sd1 0.00s
[skipped] s1_ub_rg_dispatch_mb256_z0.5_ep64_sd1 0.00s
[skipped] s1_ub_rg_dispatch_mb16_z0.5_ep128_sd1 0.00s
[skipped] s1_ub_rg_dispatch_mb64_z0.5_ep128_sd1 0.00s
[skipped] s1_ub_rg_dispatch_mb64_z0.9_ep128_sd1 0.00s
[skipped] s1_ub_rg_dispatch_mb128_z0_ep128_sd1 0.00s
[skipped] s1_ub_rg_dispatch_mb128_z0.5_ep128_sd1 0.00s
[skipped] s1_ub_rg_dispatch_mb128_z0.9_ep128_sd1 0.00s
[skipped] s1_ub_rg_dispatch_mb256_z0_ep128_sd1 0.00s
[skipped] s1_ub_rg_dispatch_mb256_z0.5_ep128_sd1 0.00s
[skipped] s1_ub_rg_dispatch_mb256_z0.9_ep128_sd1 0.00s
[skipped] s2_packet_spray_afd_m2n_mb128_z0_ep1024_M896_N128_role_packed_sd1 0.00s
[skipped] s2_packet_spray_afd_m2n_mb128_z0.5_ep1024_M896_N128_role_packed_sd1 0.00s
[skipped] s2_packet_spray_afd_m2n_mb128_z1_ep1024_M896_N128_role_packed_sd1 0.00s
[skipped] s2_packet_spray_afd_n2m_mb128_z0_ep1024_M896_N128_role_packed_sd1 0.00s
[skipped] s2_packet_spray_afd_n2m_mb128_z0.5_ep1024_M896_N128_role_packed_sd1 0.00s
[skipped] s2_packet_spray_afd_n2m_mb128_z1_ep1024_M896_N128_role_packed_sd1 0.00s
