==== S1 START 2026-07-20T10:06:40+08:00 ====
[completed] s1_packet_spray_afd_m2n_mb64_z0.5_ep128_M112_N16_role_packed_sd1 42.78s
[completed] s1_packet_spray_afd_m2n_mb128_z0.5_ep128_M64_N64_role_packed_sd1 29.39s
[completed] s1_packet_spray_afd_m2n_mb128_z0_ep128_M112_N16_role_packed_sd1 90.07s
[completed] s1_packet_spray_afd_m2n_mb128_z0.5_ep128_M124_N4_role_packed_sd1 57.80s
[completed] s1_packet_spray_afd_m2n_mb128_z0.5_ep128_M112_N16_role_packed_sd1 88.32s
[completed] s1_packet_spray_afd_m2n_mb128_z1_ep128_M112_N16_role_packed_sd1 83.72s
[completed] s1_packet_spray_afd_n2m_mb64_z0.5_ep128_M112_N16_role_packed_sd1 19.15s
[completed] s1_packet_spray_afd_n2m_mb128_z0_ep128_M112_N16_role_packed_sd1 39.83s
[completed] s1_packet_spray_afd_n2m_mb128_z0.5_ep128_M64_N64_role_packed_sd1 26.74s
[completed] s1_packet_spray_afd_m2n_mb256_z0.5_ep128_M112_N16_role_packed_sd1 165.63s
[completed] s1_packet_spray_afd_n2m_mb128_z0.5_ep128_M124_N4_role_packed_sd1 13.25s
[completed] s1_packet_spray_afd_n2m_mb128_z0.5_ep128_M112_N16_role_packed_sd1 35.27s
[completed] s1_packet_spray_afd_n2m_mb128_z1_ep128_M112_N16_role_packed_sd1 33.81s
[completed] s1_packet_spray_afd_n2m_mb256_z0.5_ep128_M112_N16_role_packed_sd1 60.65s
[completed] s1_packet_spray_combine_mb256_z0.5_ep64_sd1 42.12s
[completed] s1_packet_spray_combine_mb16_z0.5_ep128_sd1 7.66s
[completed] s1_packet_spray_combine_mb64_z0.9_ep128_sd1 32.06s
[completed] s1_packet_spray_combine_mb64_z0.5_ep128_sd1 37.77s
[completed] s1_packet_spray_combine_mb128_z0.5_ep128_sd1 75.62s
[completed] s1_packet_spray_combine_mb128_z0_ep128_sd1 86.91s
[completed] s1_packet_spray_combine_mb128_z0.9_ep128_sd1 77.76s
[completed] s1_packet_spray_combine_mb256_z0_ep128_sd1 213.92s
[completed] s1_packet_spray_combine_mb256_z0.5_ep128_sd1 182.98s
[completed] s1_packet_spray_dispatch_mb256_z0.5_ep64_sd1 58.29s
[completed] s1_packet_spray_dispatch_mb16_z0.5_ep128_sd1 8.85s
[completed] s1_packet_spray_dispatch_mb64_z0.5_ep128_sd1 44.90s
[completed] s1_packet_spray_combine_mb256_z0.9_ep128_sd1 153.39s
[completed] s1_packet_spray_dispatch_mb64_z0.9_ep128_sd1 54.63s
[completed] s1_packet_spray_dispatch_mb128_z0_ep128_sd1 95.28s
[completed] s1_packet_spray_dispatch_mb128_z0.5_ep128_sd1 104.77s
[completed] s1_packet_spray_dispatch_mb128_z0.9_ep128_sd1 130.08s
[completed] s1_packet_spray_dispatch_mb256_z0_ep128_sd1 192.42s
[completed] s1_packet_spray_dispatch_mb256_z0.5_ep128_sd1 234.65s
[completed] s1_ub_rg_afd_m2n_mb64_z0.5_ep128_M112_N16_role_packed_sd1 37.24s
[completed] s1_ub_rg_afd_m2n_mb128_z0_ep128_M112_N16_role_packed_sd1 85.58s
[completed] s1_ub_rg_afd_m2n_mb128_z0.5_ep128_M64_N64_role_packed_sd1 37.51s
[completed] s1_ub_rg_afd_m2n_mb128_z0.5_ep128_M112_N16_role_packed_sd1 105.83s
[completed] s1_ub_rg_afd_m2n_mb128_z0.5_ep128_M124_N4_role_packed_sd1 39.53s
[completed] s1_packet_spray_dispatch_mb256_z0.9_ep128_sd1 441.28s
[completed] s1_ub_rg_afd_m2n_mb128_z1_ep128_M112_N16_role_packed_sd1 100.49s
[completed] s1_ub_rg_afd_n2m_mb64_z0.5_ep128_M112_N16_role_packed_sd1 80.36s
[completed] s1_ub_rg_afd_n2m_mb128_z0_ep128_M112_N16_role_packed_sd1 215.35s
[completed] s1_ub_rg_afd_n2m_mb128_z0.5_ep128_M64_N64_role_packed_sd1 75.00s
[failed] s1_ub_rg_afd_n2m_mb128_z0.5_ep128_M112_N16_role_packed_sd1 3625.28s

==== FULL RESUME 2026-07-20T12:32:23+08:00 ====
[skipped] s1_packet_spray_afd_m2n_mb128_z0_ep128_M112_N16_role_packed_sd1 0.00s
[skipped] s1_packet_spray_afd_m2n_mb64_z0.5_ep128_M112_N16_role_packed_sd1 0.00s
[skipped] s1_packet_spray_afd_m2n_mb128_z0.5_ep128_M112_N16_role_packed_sd1 0.00s
[skipped] s1_packet_spray_afd_m2n_mb128_z0.5_ep128_M64_N64_role_packed_sd1 0.00s
[skipped] s1_packet_spray_afd_m2n_mb128_z0.5_ep128_M124_N4_role_packed_sd1 0.00s
[skipped] s1_packet_spray_afd_m2n_mb128_z1_ep128_M112_N16_role_packed_sd1 0.00s
[skipped] s1_packet_spray_afd_m2n_mb256_z0.5_ep128_M112_N16_role_packed_sd1 0.00s
[skipped] s1_packet_spray_afd_n2m_mb64_z0.5_ep128_M112_N16_role_packed_sd1 0.00s
[skipped] s1_packet_spray_afd_n2m_mb128_z0_ep128_M112_N16_role_packed_sd1 0.00s
[skipped] s1_packet_spray_afd_n2m_mb128_z0.5_ep128_M64_N64_role_packed_sd1 0.00s
[skipped] s1_packet_spray_afd_n2m_mb128_z0.5_ep128_M112_N16_role_packed_sd1 0.00s
[skipped] s1_packet_spray_afd_n2m_mb128_z1_ep128_M112_N16_role_packed_sd1 0.00s
[skipped] s1_packet_spray_afd_n2m_mb128_z0.5_ep128_M124_N4_role_packed_sd1 0.00s
[skipped] s1_packet_spray_afd_n2m_mb256_z0.5_ep128_M112_N16_role_packed_sd1 0.00s
[skipped] s1_packet_spray_combine_mb256_z0.5_ep64_sd1 0.00s
[skipped] s1_packet_spray_combine_mb16_z0.5_ep128_sd1 0.00s
[skipped] s1_packet_spray_combine_mb64_z0.5_ep128_sd1 0.00s
[skipped] s1_packet_spray_combine_mb64_z0.9_ep128_sd1 0.00s
[skipped] s1_packet_spray_combine_mb128_z0_ep128_sd1 0.00s
[skipped] s1_packet_spray_combine_mb128_z0.5_ep128_sd1 0.00s
[skipped] s1_packet_spray_combine_mb256_z0_ep128_sd1 0.00s
[skipped] s1_packet_spray_combine_mb128_z0.9_ep128_sd1 0.00s
[skipped] s1_packet_spray_combine_mb256_z0.5_ep128_sd1 0.00s
[skipped] s1_packet_spray_combine_mb256_z0.9_ep128_sd1 0.00s
[skipped] s1_packet_spray_dispatch_mb256_z0.5_ep64_sd1 0.00s
[skipped] s1_packet_spray_dispatch_mb16_z0.5_ep128_sd1 0.00s
[skipped] s1_packet_spray_dispatch_mb64_z0.5_ep128_sd1 0.00s
[skipped] s1_packet_spray_dispatch_mb128_z0_ep128_sd1 0.00s
[skipped] s1_packet_spray_dispatch_mb64_z0.9_ep128_sd1 0.00s
[skipped] s1_packet_spray_dispatch_mb128_z0.5_ep128_sd1 0.00s
[skipped] s1_packet_spray_dispatch_mb128_z0.9_ep128_sd1 0.00s
[skipped] s1_packet_spray_dispatch_mb256_z0_ep128_sd1 0.00s
[skipped] s1_packet_spray_dispatch_mb256_z0.5_ep128_sd1 0.00s
[skipped] s1_packet_spray_dispatch_mb256_z0.9_ep128_sd1 0.00s
[skipped] s1_ub_rg_afd_m2n_mb64_z0.5_ep128_M112_N16_role_packed_sd1 0.00s
[skipped] s1_ub_rg_afd_m2n_mb128_z0_ep128_M112_N16_role_packed_sd1 0.00s
[skipped] s1_ub_rg_afd_m2n_mb128_z0.5_ep128_M112_N16_role_packed_sd1 0.00s
[skipped] s1_ub_rg_afd_m2n_mb128_z0.5_ep128_M64_N64_role_packed_sd1 0.00s
[skipped] s1_ub_rg_afd_m2n_mb128_z0.5_ep128_M124_N4_role_packed_sd1 0.00s
[skipped] s1_ub_rg_afd_m2n_mb128_z1_ep128_M112_N16_role_packed_sd1 0.00s
[skipped] s1_ub_rg_afd_n2m_mb64_z0.5_ep128_M112_N16_role_packed_sd1 0.00s
[skipped] s1_ub_rg_afd_n2m_mb128_z0_ep128_M112_N16_role_packed_sd1 0.00s
[skipped] s1_ub_rg_afd_n2m_mb128_z0.5_ep128_M64_N64_role_packed_sd1 0.00s
[failed] s1_ub_rg_afd_m2n_mb256_z0.5_ep128_M112_N16_role_packed_sd1 346.69s
[failed] s1_ub_rg_afd_n2m_mb128_z0.5_ep128_M112_N16_role_packed_sd1 346.87s

==== FULL RESUME 2026-07-20T14:53:46+08:00 after REQ/watchdog fix ====
[skipped] s1_packet_spray_afd_m2n_mb128_z0_ep128_M112_N16_role_packed_sd1 0.00s
[skipped] s1_packet_spray_afd_m2n_mb64_z0.5_ep128_M112_N16_role_packed_sd1 0.00s
[skipped] s1_packet_spray_afd_m2n_mb128_z0.5_ep128_M64_N64_role_packed_sd1 0.00s
[skipped] s1_packet_spray_afd_m2n_mb128_z0.5_ep128_M112_N16_role_packed_sd1 0.00s
[skipped] s1_packet_spray_afd_m2n_mb128_z0.5_ep128_M124_N4_role_packed_sd1 0.00s
[skipped] s1_packet_spray_afd_m2n_mb128_z1_ep128_M112_N16_role_packed_sd1 0.00s
[skipped] s1_packet_spray_afd_n2m_mb128_z0_ep128_M112_N16_role_packed_sd1 0.00s
[skipped] s1_packet_spray_afd_m2n_mb256_z0.5_ep128_M112_N16_role_packed_sd1 0.00s
[skipped] s1_packet_spray_afd_n2m_mb64_z0.5_ep128_M112_N16_role_packed_sd1 0.00s
[skipped] s1_packet_spray_afd_n2m_mb128_z0.5_ep128_M64_N64_role_packed_sd1 0.00s
[skipped] s1_packet_spray_afd_n2m_mb128_z0.5_ep128_M124_N4_role_packed_sd1 0.00s
[skipped] s1_packet_spray_afd_n2m_mb128_z0.5_ep128_M112_N16_role_packed_sd1 0.00s
[skipped] s1_packet_spray_afd_n2m_mb256_z0.5_ep128_M112_N16_role_packed_sd1 0.00s
[skipped] s1_packet_spray_afd_n2m_mb128_z1_ep128_M112_N16_role_packed_sd1 0.00s
[skipped] s1_packet_spray_combine_mb256_z0.5_ep64_sd1 0.00s
[skipped] s1_packet_spray_combine_mb16_z0.5_ep128_sd1 0.00s
[skipped] s1_packet_spray_combine_mb64_z0.9_ep128_sd1 0.00s
[skipped] s1_packet_spray_combine_mb64_z0.5_ep128_sd1 0.00s
[skipped] s1_packet_spray_combine_mb128_z0_ep128_sd1 0.00s
[skipped] s1_packet_spray_combine_mb128_z0.5_ep128_sd1 0.00s
[skipped] s1_packet_spray_combine_mb128_z0.9_ep128_sd1 0.00s
[skipped] s1_packet_spray_combine_mb256_z0_ep128_sd1 0.00s
[skipped] s1_packet_spray_combine_mb256_z0.5_ep128_sd1 0.00s
[skipped] s1_packet_spray_combine_mb256_z0.9_ep128_sd1 0.00s
[skipped] s1_packet_spray_dispatch_mb256_z0.5_ep64_sd1 0.00s
[skipped] s1_packet_spray_dispatch_mb16_z0.5_ep128_sd1 0.00s
[skipped] s1_packet_spray_dispatch_mb64_z0.5_ep128_sd1 0.00s
[skipped] s1_packet_spray_dispatch_mb64_z0.9_ep128_sd1 0.00s
[skipped] s1_packet_spray_dispatch_mb128_z0_ep128_sd1 0.00s
[skipped] s1_packet_spray_dispatch_mb128_z0.5_ep128_sd1 0.00s
[skipped] s1_packet_spray_dispatch_mb128_z0.9_ep128_sd1 0.00s
[skipped] s1_packet_spray_dispatch_mb256_z0_ep128_sd1 0.00s
[skipped] s1_packet_spray_dispatch_mb256_z0.5_ep128_sd1 0.00s
[skipped] s1_ub_rg_afd_m2n_mb64_z0.5_ep128_M112_N16_role_packed_sd1 0.00s
[skipped] s1_packet_spray_dispatch_mb256_z0.9_ep128_sd1 0.00s
[skipped] s1_ub_rg_afd_m2n_mb128_z0_ep128_M112_N16_role_packed_sd1 0.00s
[skipped] s1_ub_rg_afd_m2n_mb128_z0.5_ep128_M64_N64_role_packed_sd1 0.00s
[skipped] s1_ub_rg_afd_m2n_mb128_z0.5_ep128_M112_N16_role_packed_sd1 0.00s
[skipped] s1_ub_rg_afd_m2n_mb128_z0.5_ep128_M124_N4_role_packed_sd1 0.00s
[skipped] s1_ub_rg_afd_n2m_mb64_z0.5_ep128_M112_N16_role_packed_sd1 0.00s
[skipped] s1_ub_rg_afd_m2n_mb128_z1_ep128_M112_N16_role_packed_sd1 0.00s
[skipped] s1_ub_rg_afd_n2m_mb128_z0_ep128_M112_N16_role_packed_sd1 0.00s
[skipped] s1_ub_rg_afd_n2m_mb128_z0.5_ep128_M112_N16_role_packed_sd1 0.00s
[skipped] s1_ub_rg_afd_n2m_mb128_z0.5_ep128_M64_N64_role_packed_sd1 0.00s
[completed] s1_ub_rg_afd_n2m_mb128_z0.5_ep128_M124_N4_role_packed_sd1 11.37s
[completed] s1_ub_rg_afd_n2m_mb128_z1_ep128_M112_N16_role_packed_sd1 26.13s
[completed] s1_ub_rg_combine_mb16_z0.5_ep128_sd1 7.41s
[completed] s1_ub_rg_afd_n2m_mb256_z0.5_ep128_M112_N16_role_packed_sd1 42.22s
[completed] s1_ub_rg_combine_mb256_z0.5_ep64_sd1 39.32s
[completed] s1_ub_rg_combine_mb64_z0.5_ep128_sd1 29.20s
[completed] s1_ub_rg_combine_mb64_z0.9_ep128_sd1 28.51s
[completed] s1_ub_rg_afd_m2n_mb256_z0.5_ep128_M112_N16_role_packed_sd1 102.79s
[completed] s1_ub_rg_combine_mb128_z0_ep128_sd1 74.47s
[completed] s1_ub_rg_combine_mb128_z0.5_ep128_sd1 70.78s
[completed] s1_ub_rg_combine_mb128_z0.9_ep128_sd1 64.40s
[completed] s1_ub_rg_dispatch_mb256_z0.5_ep64_sd1 39.80s
[completed] s1_ub_rg_dispatch_mb16_z0.5_ep128_sd1 6.86s
[completed] s1_ub_rg_dispatch_mb64_z0.5_ep128_sd1 28.02s
[completed] s1_ub_rg_combine_mb256_z0_ep128_sd1 124.97s
[completed] s1_ub_rg_dispatch_mb64_z0.9_ep128_sd1 24.93s
[completed] s1_ub_rg_combine_mb256_z0.5_ep128_sd1 113.85s
[completed] s1_ub_rg_combine_mb256_z0.9_ep128_sd1 110.94s
[completed] s1_ub_rg_dispatch_mb128_z0_ep128_sd1 60.07s
[completed] s1_ub_rg_dispatch_mb128_z0.9_ep128_sd1 51.89s
[completed] s1_ub_rg_dispatch_mb128_z0.5_ep128_sd1 56.43s
[completed] s1_ub_rg_dispatch_mb256_z0_ep128_sd1 105.15s
[completed] s1_ub_rg_dispatch_mb256_z0.9_ep128_sd1 86.70s
[completed] s1_ub_rg_dispatch_mb256_z0.5_ep128_sd1 90.85s
