[09:35:55] [setup] Load network_attribute.txt
[09:35:55] [setup] Load node.csv
[09:35:55] [setup] Load topology.csv
[09:35:55] [setup] Load routing_table.csv
[rg-progress] completed=1/262144 sync=0/128 sim_us=1.357
[rg-progress] completed=10000/262144 sync=0/128 sim_us=19.947
[rg-progress] completed=20000/262144 sync=0/128 sim_us=60.439
[rg-progress] completed=30000/262144 sync=0/128 sim_us=502.8
[rg-progress] completed=40000/262144 sync=0/128 sim_us=508.986
[rg-progress] completed=50000/262144 sync=0/128 sim_us=512.115
[rg-progress] completed=60000/262144 sync=0/128 sim_us=515.584
[rg-progress] completed=70000/262144 sync=0/128 sim_us=519.195
[rg-progress] completed=80000/262144 sync=0/128 sim_us=522.325
[rg-progress] completed=90000/262144 sync=0/128 sim_us=525.086
[rg-progress] completed=100000/262144 sync=0/128 sim_us=527.73
[rg-progress] completed=110000/262144 sync=0/128 sim_us=530.413
[rg-progress] completed=120000/262144 sync=0/128 sim_us=533.359
[rg-progress] completed=130000/262144 sync=0/128 sim_us=536.913
[rg-progress] completed=140000/262144 sync=0/128 sim_us=541.512
[rg-progress] completed=150000/262144 sync=0/128 sim_us=547.656
[rg-progress] completed=160000/262144 sync=0/128 sim_us=555.546
[rg-progress] completed=170000/262144 sync=0/128 sim_us=565.202
[rg-progress] completed=180000/262144 sync=0/128 sim_us=577.436
[rg-progress] completed=190000/262144 sync=0/128 sim_us=593.189
[rg-progress] completed=200000/262144 sync=0/128 sim_us=613.702
[rg-progress] completed=210000/262144 sync=0/128 sim_us=639.929
[rg-progress] completed=220000/262144 sync=0/128 sim_us=675.015
[rg-progress] completed=230000/262144 sync=0/128 sim_us=724.009
[rg-progress] completed=240000/262144 sync=0/128 sim_us=801.222
