[14:53:04] [setup] Load network_attribute.txt
[14:53:04] [setup] Load node.csv
[14:53:05] [setup] Load topology.csv
[14:53:05] [setup] Load routing_table.csv
[rg-progress] completed=1/114688 sync=0/128 sim_us=1.358
[rg-progress] completed=10000/114688 sync=0/128 sim_us=10306.8
[rg-progress] completed=20000/114688 sync=0/128 sim_us=10652.2
[rg-progress] completed=30000/114688 sync=0/128 sim_us=10759.2
[rg-progress] completed=40000/114688 sync=0/128 sim_us=11281.2
[rg-progress] completed=50000/114688 sync=0/128 sim_us=11820
[rg-progress] completed=60000/114688 sync=0/128 sim_us=11922.7
[rg-progress] completed=70000/114688 sync=0/128 sim_us=12460.6
[rg-progress] completed=80000/114688 sync=0/128 sim_us=12607.8
[rg-progress] completed=90000/114688 sync=0/128 sim_us=13102.4
[rg-progress] completed=100000/114688 sync=0/128 sim_us=13640
[rg-progress] completed=110000/114688 sync=0/128 sim_us=13747.8
[rg-watchdog] stall finish completed=112910/114688 sync=0/128 sim_us=440600
ub_rg-packet-experiment scenario=1 scheme=ub_rg mode=afd_n2m batch=128 zipf_s=0.500 ep=128 tokens=112910
  cct_us=340446.918 step_us=340447.318 thr_GBs=2.377
  lat_mean=4.521 p99=14.678
wall=21.13 rss_kb=206436
