[skipped] s1_packet_spray_afd_m2n_mb128_z0_ep128_M112_N16_role_packed_sd1 0.00s
[skipped] s1_packet_spray_afd_m2n_mb64_z0.5_ep128_M112_N16_role_packed_sd1 0.00s
[skipped] s1_packet_spray_afd_m2n_mb128_z0.5_ep128_M112_N16_role_packed_sd1 0.00s
[skipped] s1_packet_spray_afd_m2n_mb128_z0.5_ep128_M64_N64_role_packed_sd1 0.00s
[skipped] s1_packet_spray_afd_m2n_mb128_z0.5_ep128_M124_N4_role_packed_sd1 0.00s
[skipped] s1_packet_spray_afd_m2n_mb128_z1_ep128_M112_N16_role_packed_sd1 0.00s
[skipped] s1_packet_spray_afd_m2n_mb256_z0.5_ep128_M112_N16_role_packed_sd1 0.00s
[skipped] s1_packet_spray_afd_n2m_mb128_z0_ep128_M112_N16_role_packed_sd1 0.00s
[skipped] s1_packet_spray_afd_n2m_mb128_z0.5_ep128_M64_N64_role_packed_sd1 0.00s
[skipped] s1_packet_spray_afd_n2m_mb64_z0.5_ep128_M112_N16_role_packed_sd1 0.00s
[skipped] s1_packet_spray_afd_n2m_mb128_z0.5_ep128_M112_N16_role_packed_sd1 0.00s
[skipped] s1_packet_spray_afd_n2m_mb128_z0.5_ep128_M124_N4_role_packed_sd1 0.00s
[skipped] s1_packet_spray_afd_n2m_mb128_z1_ep128_M112_N16_role_packed_sd1 0.00s
[skipped] s1_packet_spray_combine_mb256_z0.5_ep64_sd1 0.00s
[skipped] s1_packet_spray_afd_n2m_mb256_z0.5_ep128_M112_N16_role_packed_sd1 0.00s
[skipped] s1_packet_spray_combine_mb16_z0.5_ep128_sd1 0.00s
[completed] s1_packet_spray_combine_mb16_z0.9_ep128_sd1 10.06s
[completed] s1_packet_spray_combine_mb16_z0_ep128_sd1 12.50s
[skipped] s1_packet_spray_combine_mb64_z0.5_ep128_sd1 0.00s
[skipped] s1_packet_spray_combine_mb64_z0.9_ep128_sd1 0.00s
[skipped] s1_packet_spray_combine_mb128_z0_ep128_sd1 0.00s
[skipped] s1_packet_spray_combine_mb128_z0.5_ep128_sd1 0.00s
[skipped] s1_packet_spray_combine_mb128_z0.9_ep128_sd1 0.00s
[skipped] s1_packet_spray_combine_mb256_z0_ep128_sd1 0.00s
[skipped] s1_packet_spray_combine_mb256_z0.5_ep128_sd1 0.00s
[skipped] s1_packet_spray_combine_mb256_z0.9_ep128_sd1 0.00s
[skipped] s1_packet_spray_dispatch_mb256_z0.5_ep64_sd1 0.00s
[completed] s1_packet_spray_dispatch_mb16_z0_ep128_sd1 12.32s
[skipped] s1_packet_spray_dispatch_mb16_z0.5_ep128_sd1 0.00s
[completed] s1_packet_spray_dispatch_mb16_z0.9_ep128_sd1 11.04s
[completed] s1_packet_spray_combine_mb64_z0_ep128_sd1 60.69s
[skipped] s1_packet_spray_dispatch_mb64_z0.5_ep128_sd1 0.00s
[skipped] s1_packet_spray_dispatch_mb64_z0.9_ep128_sd1 0.00s
[skipped] s1_packet_spray_dispatch_mb128_z0_ep128_sd1 0.00s
[skipped] s1_packet_spray_dispatch_mb128_z0.5_ep128_sd1 0.00s
[skipped] s1_packet_spray_dispatch_mb128_z0.9_ep128_sd1 0.00s
[skipped] s1_packet_spray_dispatch_mb256_z0_ep128_sd1 0.00s
[skipped] s1_packet_spray_dispatch_mb256_z0.5_ep128_sd1 0.00s
[skipped] s1_packet_spray_dispatch_mb256_z0.9_ep128_sd1 0.00s
[skipped] s1_ub_rg_afd_m2n_mb64_z0.5_ep128_M112_N16_role_packed_sd1 0.00s
[skipped] s1_ub_rg_afd_m2n_mb128_z0_ep128_M112_N16_role_packed_sd1 0.00s
[skipped] s1_ub_rg_afd_m2n_mb128_z0.5_ep128_M64_N64_role_packed_sd1 0.00s
[skipped] s1_ub_rg_afd_m2n_mb128_z0.5_ep128_M112_N16_role_packed_sd1 0.00s
[skipped] s1_ub_rg_afd_m2n_mb128_z0.5_ep128_M124_N4_role_packed_sd1 0.00s
[skipped] s1_ub_rg_afd_m2n_mb128_z1_ep128_M112_N16_role_packed_sd1 0.00s
[skipped] s1_ub_rg_afd_m2n_mb256_z0.5_ep128_M112_N16_role_packed_sd1 0.00s
[skipped] s1_ub_rg_afd_n2m_mb64_z0.5_ep128_M112_N16_role_packed_sd1 0.00s
[skipped] s1_ub_rg_afd_n2m_mb128_z0_ep128_M112_N16_role_packed_sd1 0.00s
[skipped] s1_ub_rg_afd_n2m_mb128_z0.5_ep128_M64_N64_role_packed_sd1 0.00s
[skipped] s1_ub_rg_afd_n2m_mb128_z0.5_ep128_M112_N16_role_packed_sd1 0.00s
[skipped] s1_ub_rg_afd_n2m_mb128_z0.5_ep128_M124_N4_role_packed_sd1 0.00s
[skipped] s1_ub_rg_afd_n2m_mb128_z1_ep128_M112_N16_role_packed_sd1 0.00s
[skipped] s1_ub_rg_afd_n2m_mb256_z0.5_ep128_M112_N16_role_packed_sd1 0.00s
[skipped] s1_ub_rg_combine_mb256_z0.5_ep64_sd1 0.00s
[completed] s1_ub_rg_combine_mb16_z0_ep128_sd1 9.74s
[skipped] s1_ub_rg_combine_mb16_z0.5_ep128_sd1 0.00s
[completed] s1_ub_rg_combine_mb16_z0.9_ep128_sd1 6.86s
[completed] s1_packet_spray_dispatch_mb64_z0_ep128_sd1 62.23s
[skipped] s1_ub_rg_combine_mb64_z0.5_ep128_sd1 0.00s
[skipped] s1_ub_rg_combine_mb64_z0.9_ep128_sd1 0.00s
[skipped] s1_ub_rg_combine_mb128_z0_ep128_sd1 0.00s
[skipped] s1_ub_rg_combine_mb128_z0.5_ep128_sd1 0.00s
[skipped] s1_ub_rg_combine_mb128_z0.9_ep128_sd1 0.00s
[skipped] s1_ub_rg_combine_mb256_z0_ep128_sd1 0.00s
[skipped] s1_ub_rg_combine_mb256_z0.5_ep128_sd1 0.00s
[skipped] s1_ub_rg_combine_mb256_z0.9_ep128_sd1 0.00s
[skipped] s1_ub_rg_dispatch_mb256_z0.5_ep64_sd1 0.00s
[completed] s1_ub_rg_dispatch_mb16_z0_ep128_sd1 9.45s
[skipped] s1_ub_rg_dispatch_mb16_z0.5_ep128_sd1 0.00s
[completed] s1_ub_rg_dispatch_mb16_z0.9_ep128_sd1 6.89s
[completed] s1_ub_rg_combine_mb64_z0_ep128_sd1 38.86s
[skipped] s1_ub_rg_dispatch_mb64_z0.5_ep128_sd1 0.00s
[skipped] s1_ub_rg_dispatch_mb64_z0.9_ep128_sd1 0.00s
[skipped] s1_ub_rg_dispatch_mb128_z0_ep128_sd1 0.00s
[skipped] s1_ub_rg_dispatch_mb128_z0.5_ep128_sd1 0.00s
[skipped] s1_ub_rg_dispatch_mb128_z0.9_ep128_sd1 0.00s
[skipped] s1_ub_rg_dispatch_mb256_z0_ep128_sd1 0.00s
[skipped] s1_ub_rg_dispatch_mb256_z0.5_ep128_sd1 0.00s
[skipped] s1_ub_rg_dispatch_mb256_z0.9_ep128_sd1 0.00s
[completed] s1_ub_rg_dispatch_mb64_z0_ep128_sd1 35.98s
network planned=80 completed=12 failed=0 skipped=68; system completed=8 failed=0 skipped=44; ledger=/home/luke/workspace/dyn_latency/results/ub_rg_system_packet/ledger.json
