[completed] s1_packet_spray_afd_m2n_mb64_z0.5_ep128_M112_N16_role_packed_sd1 0.00s
[completed] s1_packet_spray_afd_m2n_mb64_z0_ep128_M112_N16_role_packed_sd1 56.87s
[completed] s1_packet_spray_afd_m2n_mb64_z1_ep128_M112_N16_role_packed_sd1 59.96s
[completed] s1_packet_spray_afd_m2n_mb128_z0_ep128_M112_N16_role_packed_sd1 0.00s
[completed] s1_packet_spray_afd_m2n_mb128_z0_ep128_M64_N64_role_packed_sd1 38.96s
[completed] s1_packet_spray_afd_m2n_mb128_z0.5_ep128_M64_N64_role_packed_sd1 0.00s
[completed] s1_packet_spray_afd_m2n_mb128_z0.5_ep128_M112_N16_role_packed_sd1 0.00s
[completed] s1_packet_spray_afd_m2n_mb128_z0.5_ep128_M124_N4_role_packed_sd1 0.00s
[completed] s1_packet_spray_afd_m2n_mb128_z0_ep128_M124_N4_role_packed_sd1 76.66s
[completed] s1_packet_spray_afd_m2n_mb128_z1_ep128_M112_N16_role_packed_sd1 0.00s
[completed] s1_packet_spray_afd_m2n_mb128_z1_ep128_M64_N64_role_packed_sd1 44.62s
[completed] s1_packet_spray_afd_m2n_mb128_z1_ep128_M124_N4_role_packed_sd1 71.11s
[completed] s1_packet_spray_afd_m2n_mb256_z0.5_ep128_M112_N16_role_packed_sd1 0.00s
[completed] s1_packet_spray_afd_m2n_mb256_z0_ep128_M112_N16_role_packed_sd1 173.32s
[completed] s1_packet_spray_afd_n2m_mb64_z0_ep128_M112_N16_role_packed_sd1 19.02s
[completed] s1_packet_spray_afd_n2m_mb64_z0.5_ep128_M112_N16_role_packed_sd1 0.00s
[completed] s1_packet_spray_afd_n2m_mb64_z1_ep128_M112_N16_role_packed_sd1 15.16s
[completed] s1_packet_spray_afd_n2m_mb128_z0_ep128_M64_N64_role_packed_sd1 25.49s
[completed] s1_packet_spray_afd_n2m_mb128_z0_ep128_M112_N16_role_packed_sd1 0.00s
[completed] s1_packet_spray_afd_m2n_mb256_z1_ep128_M112_N16_role_packed_sd1 176.46s
[completed] s1_packet_spray_afd_n2m_mb128_z0.5_ep128_M64_N64_role_packed_sd1 0.00s
[completed] s1_packet_spray_afd_n2m_mb128_z0.5_ep128_M112_N16_role_packed_sd1 0.00s
[completed] s1_packet_spray_afd_n2m_mb128_z0.5_ep128_M124_N4_role_packed_sd1 0.00s
[completed] s1_packet_spray_afd_n2m_mb128_z0_ep128_M124_N4_role_packed_sd1 12.24s
[completed] s1_packet_spray_afd_n2m_mb128_z1_ep128_M112_N16_role_packed_sd1 0.00s
[completed] s1_packet_spray_afd_n2m_mb128_z1_ep128_M124_N4_role_packed_sd1 12.35s
[completed] s1_packet_spray_afd_n2m_mb128_z1_ep128_M64_N64_role_packed_sd1 20.60s
[completed] s1_packet_spray_afd_n2m_mb256_z0.5_ep128_M112_N16_role_packed_sd1 0.00s
[completed] s1_packet_spray_afd_n2m_mb256_z0_ep128_M112_N16_role_packed_sd1 69.75s
[completed] s1_packet_spray_afd_n2m_mb256_z1_ep128_M112_N16_role_packed_sd1 64.36s
[completed] s1_ub_rg_afd_m2n_mb64_z0.5_ep128_M112_N16_role_packed_sd1 0.00s
[completed] s1_ub_rg_afd_m2n_mb64_z1_ep128_M112_N16_role_packed_sd1 18.24s
[completed] s1_ub_rg_afd_m2n_mb64_z0_ep128_M112_N16_role_packed_sd1 19.78s
[completed] s1_ub_rg_afd_m2n_mb128_z0_ep128_M112_N16_role_packed_sd1 0.00s
[completed] s1_ub_rg_afd_m2n_mb128_z0_ep128_M124_N4_role_packed_sd1 14.96s
[completed] s1_ub_rg_afd_m2n_mb128_z0.5_ep128_M64_N64_role_packed_sd1 0.00s
[completed] s1_ub_rg_afd_m2n_mb128_z0.5_ep128_M112_N16_role_packed_sd1 0.00s
[completed] s1_ub_rg_afd_m2n_mb128_z0.5_ep128_M124_N4_role_packed_sd1 0.00s
[completed] s1_ub_rg_afd_m2n_mb128_z0_ep128_M64_N64_role_packed_sd1 17.77s
[completed] s1_ub_rg_afd_m2n_mb128_z1_ep128_M112_N16_role_packed_sd1 0.00s
[completed] s1_ub_rg_afd_m2n_mb128_z1_ep128_M64_N64_role_packed_sd1 15.42s
[completed] s1_ub_rg_afd_m2n_mb128_z1_ep128_M124_N4_role_packed_sd1 14.93s
[completed] s1_ub_rg_afd_m2n_mb256_z0.5_ep128_M112_N16_role_packed_sd1 0.00s
[completed] s1_ub_rg_afd_m2n_mb256_z0_ep128_M112_N16_role_packed_sd1 60.84s
[completed] s1_ub_rg_afd_m2n_mb256_z1_ep128_M112_N16_role_packed_sd1 64.45s
[completed] s1_ub_rg_afd_n2m_mb64_z0.5_ep128_M112_N16_role_packed_sd1 0.00s
[completed] s1_ub_rg_afd_n2m_mb64_z0_ep128_M112_N16_role_packed_sd1 10.85s
[completed] s1_ub_rg_afd_n2m_mb64_z1_ep128_M112_N16_role_packed_sd1 10.47s
[completed] s1_ub_rg_afd_n2m_mb128_z0_ep128_M112_N16_role_packed_sd1 0.00s
[completed] s1_ub_rg_afd_n2m_mb128_z0_ep128_M124_N4_role_packed_sd1 9.51s
[completed] s1_ub_rg_afd_n2m_mb128_z0.5_ep128_M64_N64_role_packed_sd1 0.00s
[completed] s1_ub_rg_afd_n2m_mb128_z0.5_ep128_M112_N16_role_packed_sd1 0.00s
[completed] s1_ub_rg_afd_n2m_mb128_z0.5_ep128_M124_N4_role_packed_sd1 0.00s
[completed] s1_ub_rg_afd_n2m_mb128_z0_ep128_M64_N64_role_packed_sd1 17.06s
[completed] s1_ub_rg_afd_n2m_mb128_z1_ep128_M112_N16_role_packed_sd1 0.00s
[completed] s1_ub_rg_afd_n2m_mb128_z1_ep128_M124_N4_role_packed_sd1 9.44s
[completed] s1_ub_rg_afd_n2m_mb128_z1_ep128_M64_N64_role_packed_sd1 15.77s
[completed] s1_ub_rg_afd_n2m_mb256_z0.5_ep128_M112_N16_role_packed_sd1 0.00s
[completed] s1_ub_rg_afd_n2m_mb256_z0_ep128_M112_N16_role_packed_sd1 31.62s
[completed] s1_ub_rg_afd_n2m_mb256_z1_ep128_M112_N16_role_packed_sd1 29.03s
network planned=60 completed=60 failed=0 skipped=0; system completed=30 failed=0 skipped=0; ledger=/home/luke/workspace/dyn_latency/results/ub_rg_system_packet/ledger.json
