==== MATRIX START 2026-07-18T17:52:52+08:00 ====
Engine=packet jobs=216 workers=4
Binary: /home/luke/workspace/dyn_latency/ns-3-ub/build/scratch/ns3.44-ub_rg-packet-experiment-optimized
==== MATRIX RESTART 2026-07-18T18:56:07+08:00 ====
Engine=packet jobs=216 workers=3
Binary: /home/luke/workspace/dyn_latency/ns-3-ub/build/scratch/ns3.44-ub_rg-packet-experiment-optimized
[20/216] skip s1_packet_spray_b1024_z0.7_ep0_sd1
==== MATRIX RESTART2 2026-07-18T20:36:44+08:00 ====
Engine=packet jobs=216 workers=2
Binary: /home/luke/workspace/dyn_latency/ns-3-ub/build/scratch/ns3.44-ub_rg-packet-experiment-optimized
==== MATRIX RISKPATH 2026-07-18T22:14:12+08:00 jobs via reduced packet matrix ====
Engine=packet jobs=168 workers=2
Binary: /home/luke/workspace/dyn_latency/ns-3-ub/build/scratch/ns3.44-ub_rg-packet-experiment-optimized
[20/168] FAIL s1_ub_rg_b1024_z0.3_ep0_sd1: rc=-6
[22/168] FAIL s1_ub_rg_b1024_z0.7_ep0_sd1: rc=-11
[24/168] FAIL s1_ub_rg_b1024_z0.9_ep0_sd1: rc=-11
[25/168] FAIL s2_ub_rg_b16_z0_ep0_sd1: rc=-6
==== MATRIX NOMTP 2026-07-18T22:14:42+08:00 ====
Engine=packet jobs=168 workers=2
Binary: /home/luke/workspace/dyn_latency/ns-3-ub/build/scratch/ns3.44-ub_rg-packet-experiment-optimized
[20/168] FAIL s1_ub_rg_b1024_z0.7_ep0_sd1: timeout
[22/168] FAIL s1_ub_rg_b1024_z0.3_ep0_sd1: timeout
[24/168] ok exp1_dispatch/s2_ub_rg_b16_z0_ep0_sd1 step=33.49us (181.30s)
[25/168] ok exp1_dispatch/s2_packet_spray_b16_z0_ep0_sd1 step=33.15us (159.29s)
[26/168] ok exp1_dispatch/s2_ub_rg_b16_z0.3_ep0_sd1 step=121.87us (191.55s)
[27/168] ok exp1_dispatch/s2_packet_spray_b16_z0.3_ep0_sd1 step=126.28us (151.23s)
[28/168] ok exp1_dispatch/s2_ub_rg_b16_z0.7_ep0_sd1 step=720.21us (209.76s)
[29/168] ok exp1_dispatch/s2_packet_spray_b16_z0.7_ep0_sd1 step=734.34us (135.06s)
[30/168] ok exp1_dispatch/s2_ub_rg_b16_z0.9_ep0_sd1 step=1367.41us (252.42s)
[31/168] ok exp1_dispatch/s2_packet_spray_b16_z0.9_ep0_sd1 step=1387.21us (126.52s)
==== MATRIX NOBIG512 2026-07-19T09:06:33+08:00 jobs via <=256 packet matrix ====
Engine=packet jobs=152 workers=3
Binary: /home/luke/workspace/dyn_latency/ns-3-ub/build/scratch/ns3.44-ub_rg-packet-experiment-optimized
